Model name:                              Intel(R) Xeon(R) Gold 6142 CPU @ 2.60GHz
GPU Model(s):
Tesla V100-SXM2-32GB
Starting wandb agent for cluster 2
Training cluster 2 (n=137615)
training started...
Cluster ID: 2, Cluster Size: 137615
  Epoch 1/90, Loss: 0.482237
  Epoch 2/90, Loss: 0.591354
  Epoch 3/90, Loss: 0.541932
  Epoch 4/90, Loss: 0.666112
  Epoch 5/90, Loss: 0.489038
  Epoch 6/90, Loss: 0.615676
  Epoch 7/90, Loss: 0.676687
  Epoch 8/90, Loss: 0.454465
  Epoch 9/90, Loss: 0.680346
  Epoch 10/90, Loss: 0.496351
  Epoch 11/90, Loss: 1.114055
  Epoch 12/90, Loss: 0.687277
  Epoch 13/90, Loss: 0.641874
  Epoch 14/90, Loss: 1.186260
  Epoch 15/90, Loss: 0.691237
  Epoch 16/90, Loss: 0.733903
  Epoch 17/90, Loss: 0.705672
  Epoch 18/90, Loss: 0.757776
  Epoch 19/90, Loss: 0.608562
  Epoch 20/90, Loss: 0.599056
  Epoch 21/90, Loss: 0.842740
  Epoch 22/90, Loss: 0.557720
  Epoch 23/90, Loss: 0.897797
  Epoch 24/90, Loss: 0.965043
  Epoch 25/90, Loss: 0.651545
  Epoch 26/90, Loss: 0.606739
  Epoch 27/90, Loss: 0.790235
  Epoch 28/90, Loss: 0.706502
  Epoch 29/90, Loss: 0.861827
  Epoch 30/90, Loss: 0.718617
  Epoch 31/90, Loss: 0.865946
  Epoch 32/90, Loss: 0.613932
  Epoch 33/90, Loss: 1.223947
  Epoch 34/90, Loss: 0.847898
  Epoch 35/90, Loss: 0.564381
  Epoch 36/90, Loss: 0.693425
  Epoch 37/90, Loss: 0.467121
  Epoch 38/90, Loss: 0.481398
  Epoch 39/90, Loss: 4.156364
  Epoch 40/90, Loss: 0.600683
  Epoch 41/90, Loss: 0.626370
  Epoch 42/90, Loss: 0.626036
  Epoch 43/90, Loss: 0.835610
  Epoch 44/90, Loss: 0.886090
  Epoch 45/90, Loss: 0.803996
  Epoch 46/90, Loss: 0.590400
  Epoch 47/90, Loss: 0.605233
  Epoch 48/90, Loss: 0.677959
  Epoch 49/90, Loss: 1.331983
  Epoch 50/90, Loss: 0.771578
  Epoch 51/90, Loss: 0.956191
  Epoch 52/90, Loss: 0.675965
  Epoch 53/90, Loss: 0.944949
  Epoch 54/90, Loss: 0.678779
  Epoch 55/90, Loss: 0.707615
  Epoch 56/90, Loss: 0.783819
  Epoch 57/90, Loss: 0.516116
  Epoch 58/90, Loss: 0.739314
  Epoch 59/90, Loss: 0.564344
  Epoch 60/90, Loss: 0.617920
  Epoch 61/90, Loss: 19.698288
  Epoch 62/90, Loss: 0.875621
  Epoch 63/90, Loss: 0.521331
  Epoch 64/90, Loss: 0.693826
  Epoch 65/90, Loss: 1.432586
  Epoch 66/90, Loss: 1.513872
  Epoch 67/90, Loss: 0.639869
  Epoch 68/90, Loss: 0.622813
  Epoch 69/90, Loss: 1.093891
  Epoch 70/90, Loss: 0.569893
  Epoch 71/90, Loss: 16.600948
  Epoch 72/90, Loss: 1.555921
  Epoch 73/90, Loss: 1.390321
  Epoch 74/90, Loss: 0.887217
  Epoch 75/90, Loss: 0.486272
  Epoch 76/90, Loss: 0.775859
  Epoch 77/90, Loss: 0.894215
  Epoch 78/90, Loss: 0.619921
  Epoch 79/90, Loss: 0.657808
  Epoch 80/90, Loss: 0.625211
  Epoch 81/90, Loss: 0.470867
  Epoch 82/90, Loss: 0.563996
  Epoch 83/90, Loss: 1.097078
  Epoch 84/90, Loss: 0.953587
  Epoch 85/90, Loss: 0.698397
  Epoch 86/90, Loss: 0.656404
  Epoch 87/90, Loss: 0.639236
  Epoch 88/90, Loss: 1.118022
  Epoch 89/90, Loss: 0.502052
  Epoch 90/90, Loss: 0.866138
✅ Model saved to ./checkpoints/ae_cluster_2_model.pt
✅ Training complete.
Training cluster 2 (n=137615)
training started...
Cluster ID: 2, Cluster Size: 137615
  Epoch 1/30, Loss: 17009740.000000
  Epoch 2/30, Loss: 853.459717
  Epoch 3/30, Loss: 67.859100
  Epoch 4/30, Loss: 67.539185
  Epoch 5/30, Loss: 67.643776
  Epoch 6/30, Loss: 66.907234
  Epoch 7/30, Loss: 66.755821
  Epoch 8/30, Loss: 66.562355
  Epoch 9/30, Loss: 66.097588
  Epoch 10/30, Loss: 66.040443
  Epoch 11/30, Loss: 65.684959
  Epoch 12/30, Loss: 65.483009
  Epoch 13/30, Loss: 65.101730
  Epoch 14/30, Loss: 65.043037
  Epoch 15/30, Loss: 64.929291
  Epoch 16/30, Loss: 64.488258
  Epoch 17/30, Loss: 64.512871
  Epoch 18/30, Loss: 63.785469
  Epoch 19/30, Loss: 63.530830
  Epoch 20/30, Loss: 63.020329
  Epoch 21/30, Loss: 62.849079
  Epoch 22/30, Loss: 62.300575
  Epoch 23/30, Loss: 62.039047
  Epoch 24/30, Loss: 61.703285
  Epoch 25/30, Loss: 62.216908
  Epoch 26/30, Loss: 60.592159
  Epoch 27/30, Loss: 60.101547
  Epoch 28/30, Loss: 59.625698
  Epoch 29/30, Loss: 59.954685
  Epoch 30/30, Loss: 60.079571
✅ Model saved to ./checkpoints/ae_cluster_2_model.pt
✅ Training complete.
Training cluster 2 (n=137615)
training started...
Cluster ID: 2, Cluster Size: 137615
  Epoch 1/40, Loss: 1.094746
  Epoch 2/40, Loss: 0.604583
  Epoch 3/40, Loss: 0.570816
  Epoch 4/40, Loss: 0.664926
  Epoch 5/40, Loss: 0.532168
  Epoch 6/40, Loss: 0.723476
  Epoch 7/40, Loss: 0.453706
  Epoch 8/40, Loss: 0.471290
  Epoch 9/40, Loss: 0.862963
  Epoch 10/40, Loss: 1.049980
  Epoch 11/40, Loss: 0.705593
  Epoch 12/40, Loss: 0.598852
  Epoch 13/40, Loss: 0.608653
  Epoch 14/40, Loss: 0.723183
  Epoch 15/40, Loss: 1.269615
  Epoch 16/40, Loss: 0.817618
  Epoch 17/40, Loss: 0.582573
  Epoch 18/40, Loss: 0.582421
  Epoch 19/40, Loss: 0.724439
  Epoch 20/40, Loss: 0.541113
  Epoch 21/40, Loss: 0.681462
  Epoch 22/40, Loss: 1.285026
  Epoch 23/40, Loss: 0.633165
  Epoch 24/40, Loss: 0.774329
  Epoch 25/40, Loss: 1.164503
  Epoch 26/40, Loss: 0.803309
  Epoch 27/40, Loss: 1.324798
  Epoch 28/40, Loss: 0.604685
  Epoch 29/40, Loss: 1.393271
  Epoch 30/40, Loss: 0.790283
  Epoch 31/40, Loss: 1.853813
  Epoch 32/40, Loss: 0.533181
  Epoch 33/40, Loss: 0.785426
  Epoch 34/40, Loss: 0.920991
  Epoch 35/40, Loss: 0.700413
  Epoch 36/40, Loss: 0.653542
  Epoch 37/40, Loss: 1.099259
  Epoch 38/40, Loss: 0.635054
  Epoch 39/40, Loss: 0.687961
  Epoch 40/40, Loss: 1.626591
✅ Model saved to ./checkpoints/ae_cluster_2_model.pt
✅ Training complete.
Training cluster 2 (n=137615)
training started...
Cluster ID: 2, Cluster Size: 137615
  Epoch 1/70, Loss: 1.014017
  Epoch 2/70, Loss: 0.430130
  Epoch 3/70, Loss: 0.533835
  Epoch 4/70, Loss: 0.558229
  Epoch 5/70, Loss: 0.669506
  Epoch 6/70, Loss: 0.709371
  Epoch 7/70, Loss: 2.120142
  Epoch 8/70, Loss: 0.573145
  Epoch 9/70, Loss: 0.833840
  Epoch 10/70, Loss: 0.642298
  Epoch 11/70, Loss: 0.884354
  Epoch 12/70, Loss: 0.455918
  Epoch 13/70, Loss: 0.461106
  Epoch 14/70, Loss: 1.273380
  Epoch 15/70, Loss: 0.518152
  Epoch 16/70, Loss: 1.087978
  Epoch 17/70, Loss: 24.118399
  Epoch 18/70, Loss: 21.695335
  Epoch 19/70, Loss: 18.595736
  Epoch 20/70, Loss: 27.218414
  Epoch 21/70, Loss: 19.681185
  Epoch 22/70, Loss: 44.266788
  Epoch 23/70, Loss: 104.733284
  Epoch 24/70, Loss: 291.232269
  Epoch 25/70, Loss: 513.074768
  Epoch 26/70, Loss: 704.179321
  Epoch 27/70, Loss: 985.672058
  Epoch 28/70, Loss: 1144.260254
  Epoch 29/70, Loss: 1325.929810
  Epoch 30/70, Loss: 1402.069702
  Epoch 31/70, Loss: 1274.589844
  Epoch 32/70, Loss: 1193.640137
  Epoch 33/70, Loss: 1076.918091
  Epoch 34/70, Loss: 912.748779
  Epoch 35/70, Loss: 712.358398
  Epoch 36/70, Loss: 488.286346
  Epoch 37/70, Loss: 386.143158
  Epoch 38/70, Loss: 332.432037
  Epoch 39/70, Loss: 265.492401
  Epoch 40/70, Loss: 186.225311
  Epoch 41/70, Loss: 110.725632
  Epoch 42/70, Loss: 48.938194
  Epoch 43/70, Loss: 13.748047
  Epoch 44/70, Loss: 3.965118
  Epoch 45/70, Loss: 2.146769
  Epoch 46/70, Loss: 1.929567
  Epoch 47/70, Loss: 0.823890
  Epoch 48/70, Loss: 6.210909
  Epoch 49/70, Loss: 4.296436
  Epoch 50/70, Loss: 8.889233
  Epoch 51/70, Loss: 8.230659
  Epoch 52/70, Loss: 7.317184
  Epoch 53/70, Loss: 18.135004
  Epoch 54/70, Loss: 16.441647
  Epoch 55/70, Loss: 22.374882
  Epoch 56/70, Loss: 24.181316
  Epoch 57/70, Loss: 17.633530
  Epoch 58/70, Loss: 29.335951
  Epoch 59/70, Loss: 60.071045
  Epoch 60/70, Loss: 77.353172
  Epoch 61/70, Loss: 92.711372
  Epoch 62/70, Loss: 113.589500
  Epoch 63/70, Loss: 209.505325
  Epoch 64/70, Loss: 202.739594
  Epoch 65/70, Loss: 199.625671
  Epoch 66/70, Loss: 269.444580
  Epoch 67/70, Loss: 257.342285
  Epoch 68/70, Loss: 228.815567
  Epoch 69/70, Loss: 205.194931
  Epoch 70/70, Loss: 175.456161
✅ Model saved to ./checkpoints/ae_cluster_2_model.pt
✅ Training complete.
Training cluster 2 (n=137615)
training started...
Cluster ID: 2, Cluster Size: 137615
  Epoch 1/20, Loss: 2.705676
  Epoch 2/20, Loss: 3.630784
  Epoch 3/20, Loss: 1.052271
  Epoch 4/20, Loss: 1.204910
  Epoch 5/20, Loss: 0.815676
  Epoch 6/20, Loss: 0.851137
  Epoch 7/20, Loss: 0.824765
  Epoch 8/20, Loss: 0.638373
  Epoch 9/20, Loss: 0.685938
  Epoch 10/20, Loss: 0.436539
  Epoch 11/20, Loss: 0.735782
  Epoch 12/20, Loss: 0.823478
  Epoch 13/20, Loss: 1.637235
  Epoch 14/20, Loss: 0.616046
  Epoch 15/20, Loss: 2.204554
  Epoch 16/20, Loss: 0.840802
  Epoch 17/20, Loss: 0.577658
  Epoch 18/20, Loss: 0.607069
  Epoch 19/20, Loss: 0.675544
  Epoch 20/20, Loss: 1.479963
✅ Model saved to ./checkpoints/ae_cluster_2_model.pt
✅ Training complete.
Training cluster 2 (n=137615)
training started...
Cluster ID: 2, Cluster Size: 137615
  Epoch 1/90, Loss: 1.658835
  Epoch 2/90, Loss: 0.825043
  Epoch 3/90, Loss: 0.582098
  Epoch 4/90, Loss: 0.667865
  Epoch 5/90, Loss: 0.532382
  Epoch 6/90, Loss: 0.725865
  Epoch 7/90, Loss: 0.447686
  Epoch 8/90, Loss: 0.471031
  Epoch 9/90, Loss: 0.866224
  Epoch 10/90, Loss: 1.040264
  Epoch 11/90, Loss: 20.845980
  Epoch 12/90, Loss: 9.773417
  Epoch 13/90, Loss: 4.314229
  Epoch 14/90, Loss: 0.722664
  Epoch 15/90, Loss: 1.533738
  Epoch 16/90, Loss: 0.820212
  Epoch 17/90, Loss: 0.577178
  Epoch 18/90, Loss: 0.578393
  Epoch 19/90, Loss: 10.010597
  Epoch 20/90, Loss: 95.138283
  Epoch 21/90, Loss: 70.246910
  Epoch 22/90, Loss: 104.356644
  Epoch 23/90, Loss: 15.572127
  Epoch 24/90, Loss: 0.785105
  Epoch 25/90, Loss: 97807699238324278453600256.000000
  Epoch 26/90, Loss: 18769996255206804355852011569152.000000
  Epoch 27/90, Loss: 95022314120014735743477052604416.000000
  Epoch 28/90, Loss: 2543026840906706090734366228480.000000
  Epoch 29/90, Loss: 28540120067776109528020401782784.000000
  Epoch 30/90, Loss: 9585173878203921898617616465920.000000
  Epoch 31/90, Loss: 239376326034607623266949457248256.000000
  Epoch 32/90, Loss: 73280549713215265711283240960.000000
  Epoch 33/90, Loss: 1335518033468392713249592705024.000000
  Epoch 34/90, Loss: 95577114357152281364333210894336.000000
  Epoch 35/90, Loss: 233305380434830196338228985856.000000
  Epoch 36/90, Loss: 1841992065429753340161458962432.000000
  Epoch 37/90, Loss: 5968285432564482041148184985600.000000
  Epoch 38/90, Loss: 730360142430527165949695492096.000000
  Epoch 39/90, Loss: nan
  Epoch 40/90, Loss: nan
  Epoch 41/90, Loss: nan
  Epoch 42/90, Loss: nan
  Epoch 43/90, Loss: nan
  Epoch 44/90, Loss: nan
  Epoch 45/90, Loss: nan
  Epoch 46/90, Loss: nan
  Epoch 47/90, Loss: nan
  Epoch 48/90, Loss: nan
  Epoch 49/90, Loss: nan
  Epoch 50/90, Loss: nan
  Epoch 51/90, Loss: nan
  Epoch 52/90, Loss: nan
  Epoch 53/90, Loss: nan
  Epoch 54/90, Loss: nan
  Epoch 55/90, Loss: nan
  Epoch 56/90, Loss: nan
  Epoch 57/90, Loss: nan
  Epoch 58/90, Loss: nan
  Epoch 59/90, Loss: nan
  Epoch 60/90, Loss: nan
  Epoch 61/90, Loss: nan
  Epoch 62/90, Loss: nan
  Epoch 63/90, Loss: nan
  Epoch 64/90, Loss: nan
  Epoch 65/90, Loss: nan
  Epoch 66/90, Loss: nan
  Epoch 67/90, Loss: nan
  Epoch 68/90, Loss: nan
  Epoch 69/90, Loss: nan
  Epoch 70/90, Loss: nan
  Epoch 71/90, Loss: nan
  Epoch 72/90, Loss: nan
  Epoch 73/90, Loss: nan
  Epoch 74/90, Loss: nan
  Epoch 75/90, Loss: nan
  Epoch 76/90, Loss: nan
  Epoch 77/90, Loss: nan
  Epoch 78/90, Loss: nan
  Epoch 79/90, Loss: nan
  Epoch 80/90, Loss: nan
  Epoch 81/90, Loss: nan
  Epoch 82/90, Loss: nan
  Epoch 83/90, Loss: nan
  Epoch 84/90, Loss: nan
  Epoch 85/90, Loss: nan
  Epoch 86/90, Loss: nan
  Epoch 87/90, Loss: nan
  Epoch 88/90, Loss: nan
  Epoch 89/90, Loss: nan
  Epoch 90/90, Loss: nan
✅ Model saved to ./checkpoints/ae_cluster_2_model.pt
✅ Training complete.
Training cluster 2 (n=137615)
training started...
Cluster ID: 2, Cluster Size: 137615
  Epoch 1/20, Loss: 1.019324
  Epoch 2/20, Loss: 0.662839
  Epoch 3/20, Loss: 0.557935
  Epoch 4/20, Loss: 0.528003
  Epoch 5/20, Loss: 0.925327
  Epoch 6/20, Loss: 0.563196
  Epoch 7/20, Loss: 0.950256
  Epoch 8/20, Loss: 0.733002
  Epoch 9/20, Loss: 5.019373
  Epoch 10/20, Loss: 0.694924
  Epoch 11/20, Loss: 0.523279
  Epoch 12/20, Loss: 0.542711
  Epoch 13/20, Loss: 0.503820
  Epoch 14/20, Loss: 0.687700
  Epoch 15/20, Loss: 0.541639
  Epoch 16/20, Loss: 0.542181
  Epoch 17/20, Loss: 0.395702
  Epoch 18/20, Loss: 0.475105
  Epoch 19/20, Loss: 0.700765
  Epoch 20/20, Loss: 0.499461
✅ Model saved to ./checkpoints/ae_cluster_2_model.pt
✅ Training complete.
Training cluster 2 (n=137615)
training started...
Cluster ID: 2, Cluster Size: 137615
  Epoch 1/50, Loss: 1.096035
  Epoch 2/50, Loss: 0.604365
  Epoch 3/50, Loss: 0.571456
  Epoch 4/50, Loss: 0.666468
  Epoch 5/50, Loss: 0.532869
  Epoch 6/50, Loss: 0.722727
  Epoch 7/50, Loss: 0.451572
  Epoch 8/50, Loss: 0.482404
  Epoch 9/50, Loss: 0.862722
  Epoch 10/50, Loss: 1.037292
  Epoch 11/50, Loss: 0.708848
  Epoch 12/50, Loss: 0.599973
  Epoch 13/50, Loss: 0.610862
  Epoch 14/50, Loss: 0.716641
  Epoch 15/50, Loss: 7483307.000000
  Epoch 16/50, Loss: 0.804143
  Epoch 17/50, Loss: 0.578411
  Epoch 18/50, Loss: 0.577994
  Epoch 19/50, Loss: 0.718581
  Epoch 20/50, Loss: 0.545047
  Epoch 21/50, Loss: 0.680457
  Epoch 22/50, Loss: 1.279887
  Epoch 23/50, Loss: 5.270177
  Epoch 24/50, Loss: 5.455544
  Epoch 25/50, Loss: 5.649693
  Epoch 26/50, Loss: 5.238597
  Epoch 27/50, Loss: 5.688569
  Epoch 28/50, Loss: 5.423405
  Epoch 29/50, Loss: 5.966012
  Epoch 30/50, Loss: 5.645551
  Epoch 31/50, Loss: 6.252992
  Epoch 32/50, Loss: 4.970097
  Epoch 33/50, Loss: 5.552806
  Epoch 34/50, Loss: 5.399933
  Epoch 35/50, Loss: 5.537704
  Epoch 36/50, Loss: 5.249267
  Epoch 37/50, Loss: 5.438157
  Epoch 38/50, Loss: 5.478166
  Epoch 39/50, Loss: 5.195664
  Epoch 40/50, Loss: 6.325556
  Epoch 41/50, Loss: 5.917986
  Epoch 42/50, Loss: 5.624311
  Epoch 43/50, Loss: 5.246988
  Epoch 44/50, Loss: 5.650931
  Epoch 45/50, Loss: 5.600611
  Epoch 46/50, Loss: 5.700136
  Epoch 47/50, Loss: 251.184082
  Epoch 48/50, Loss: 2398125281412643713619853312.000000
  Epoch 49/50, Loss: 889868277784602155780407296.000000
  Epoch 50/50, Loss: 2456495206880438425225265152.000000
✅ Model saved to ./checkpoints/ae_cluster_2_model.pt
✅ Training complete.
Training cluster 2 (n=137615)
training started...
Cluster ID: 2, Cluster Size: 137615
  Epoch 1/40, Loss: 0.743133
  Epoch 2/40, Loss: 1.038451
  Epoch 3/40, Loss: 0.696740
  Epoch 4/40, Loss: 0.770591
  Epoch 5/40, Loss: 1.139870
  Epoch 6/40, Loss: 0.720191
  Epoch 7/40, Loss: 1.068345
  Epoch 8/40, Loss: 0.761411
  Epoch 9/40, Loss: 0.721859
  Epoch 10/40, Loss: 0.633209
  Epoch 11/40, Loss: 1.240821
  Epoch 12/40, Loss: 0.953325
  Epoch 13/40, Loss: 1.576594
  Epoch 14/40, Loss: 0.801969
  Epoch 15/40, Loss: 0.638936
  Epoch 16/40, Loss: 0.603538
  Epoch 17/40, Loss: 0.740648
  Epoch 18/40, Loss: 0.697070
  Epoch 19/40, Loss: 0.532237
  Epoch 20/40, Loss: 0.709912
  Epoch 21/40, Loss: 0.761619
  Epoch 22/40, Loss: 0.489021
  Epoch 23/40, Loss: 16.756561
  Epoch 24/40, Loss: 4.132338
  Epoch 25/40, Loss: 0.635649
  Epoch 26/40, Loss: 0.564716
  Epoch 27/40, Loss: 4.864644
  Epoch 28/40, Loss: 0.967756
  Epoch 29/40, Loss: 0.578890
  Epoch 30/40, Loss: 0.792833
  Epoch 31/40, Loss: 0.555732
  Epoch 32/40, Loss: 0.625249
  Epoch 33/40, Loss: 0.695589
  Epoch 34/40, Loss: 0.580895
  Epoch 35/40, Loss: 0.784460
  Epoch 36/40, Loss: 0.717801
  Epoch 37/40, Loss: 0.884126
  Epoch 38/40, Loss: 0.740025
  Epoch 39/40, Loss: 0.564475
  Epoch 40/40, Loss: 0.496498
✅ Model saved to ./checkpoints/ae_cluster_2_model.pt
✅ Training complete.
Training cluster 2 (n=137615)
training started...
Cluster ID: 2, Cluster Size: 137615
  Epoch 1/40, Loss: 0.459301
  Epoch 2/40, Loss: 0.631911
  Epoch 3/40, Loss: 0.554248
  Epoch 4/40, Loss: 0.678043
  Epoch 5/40, Loss: 0.740004
  Epoch 6/40, Loss: 0.539900
  Epoch 7/40, Loss: 0.642975
  Epoch 8/40, Loss: 0.641813
  Epoch 9/40, Loss: 0.881735
  Epoch 10/40, Loss: 0.596216
  Epoch 11/40, Loss: 0.716287
  Epoch 12/40, Loss: 0.639535
  Epoch 13/40, Loss: 1.393919
  Epoch 14/40, Loss: 0.446283
  Epoch 15/40, Loss: 0.783761
  Epoch 16/40, Loss: 0.831122
  Epoch 17/40, Loss: 0.715935
  Epoch 18/40, Loss: 1.137341
  Epoch 19/40, Loss: 0.506126
  Epoch 20/40, Loss: 0.422629
  Epoch 21/40, Loss: 0.668323
  Epoch 22/40, Loss: 0.779170
  Epoch 23/40, Loss: 0.668321
  Epoch 24/40, Loss: 0.630643
  Epoch 25/40, Loss: 0.638028
  Epoch 26/40, Loss: 0.608895
  Epoch 27/40, Loss: 0.714668
  Epoch 28/40, Loss: 0.876006
  Epoch 29/40, Loss: 0.557204
  Epoch 30/40, Loss: 0.626004
  Epoch 31/40, Loss: 0.509683
  Epoch 32/40, Loss: 0.633897
  Epoch 33/40, Loss: 0.976952
  Epoch 34/40, Loss: 1.557055
  Epoch 35/40, Loss: 0.595667
  Epoch 36/40, Loss: 0.510666
  Epoch 37/40, Loss: 0.709744
  Epoch 38/40, Loss: 0.868853
  Epoch 39/40, Loss: 0.534493
  Epoch 40/40, Loss: 0.817155
✅ Model saved to ./checkpoints/ae_cluster_2_model.pt
✅ Training complete.
Training cluster 2 (n=137615)
training started...
Cluster ID: 2, Cluster Size: 137615
  Epoch 1/40, Loss: 0.638049
  Epoch 2/40, Loss: 1.012724
  Epoch 3/40, Loss: 0.662228
  Epoch 4/40, Loss: 0.615066
  Epoch 5/40, Loss: 1.028162
  Epoch 6/40, Loss: 0.628751
  Epoch 7/40, Loss: 0.937290
  Epoch 8/40, Loss: 0.638690
  Epoch 9/40, Loss: 0.584592
  Epoch 10/40, Loss: 0.517474
  Epoch 11/40, Loss: 1.131813
  Epoch 12/40, Loss: 0.835444
  Epoch 13/40, Loss: 1.444285
  Epoch 14/40, Loss: 0.725823
  Epoch 15/40, Loss: 0.544770
  Epoch 16/40, Loss: 0.505411
  Epoch 17/40, Loss: 0.638331
  Epoch 18/40, Loss: 0.595772
  Epoch 19/40, Loss: 0.454290
  Epoch 20/40, Loss: 0.630601
  Epoch 21/40, Loss: 0.670521
  Epoch 22/40, Loss: 0.416907
  Epoch 23/40, Loss: 16.589176
  Epoch 24/40, Loss: 4.047398
  Epoch 25/40, Loss: 0.580169
  Epoch 26/40, Loss: 0.501585
  Epoch 27/40, Loss: 4.785268
  Epoch 28/40, Loss: 0.900434
  Epoch 29/40, Loss: 0.526802
  Epoch 30/40, Loss: 0.774310
  Epoch 31/40, Loss: 0.530783
  Epoch 32/40, Loss: 0.604483
  Epoch 33/40, Loss: 0.694728
  Epoch 34/40, Loss: 0.557545
  Epoch 35/40, Loss: 0.767985
  Epoch 36/40, Loss: 0.709672
  Epoch 37/40, Loss: 0.870548
  Epoch 38/40, Loss: 0.734077
  Epoch 39/40, Loss: 0.560742
  Epoch 40/40, Loss: 0.496146
✅ Model saved to ./checkpoints/ae_cluster_2_model.pt
✅ Training complete.
Training cluster 2 (n=137615)
training started...
Cluster ID: 2, Cluster Size: 137615
  Epoch 1/40, Loss: 7.333605
  Epoch 2/40, Loss: 155.603653
  Epoch 3/40, Loss: 2.693976
  Epoch 4/40, Loss: 2.444861
  Epoch 5/40, Loss: 1.503718
  Epoch 6/40, Loss: 1.200843
  Epoch 7/40, Loss: 0.723999
  Epoch 8/40, Loss: 2.094452
  Epoch 9/40, Loss: 1.233955
  Epoch 10/40, Loss: 1.478267
  Epoch 11/40, Loss: 0.944638
  Epoch 12/40, Loss: 2.002567
  Epoch 13/40, Loss: 0.856574
  Epoch 14/40, Loss: 0.689495
  Epoch 15/40, Loss: 0.564144
  Epoch 16/40, Loss: 1.008403
  Epoch 17/40, Loss: 0.487574
  Epoch 18/40, Loss: 1.313902
  Epoch 19/40, Loss: 1.000346
  Epoch 20/40, Loss: 1.441542
  Epoch 21/40, Loss: 0.553844
  Epoch 22/40, Loss: 1.734514
  Epoch 23/40, Loss: 0.674231
  Epoch 24/40, Loss: 11.958817
  Epoch 25/40, Loss: 1.008702
  Epoch 26/40, Loss: 0.518062
  Epoch 27/40, Loss: 0.658194
  Epoch 28/40, Loss: 1.328857
  Epoch 29/40, Loss: 0.680428
  Epoch 30/40, Loss: 0.510003
  Epoch 31/40, Loss: 0.740902
  Epoch 32/40, Loss: 0.675261
  Epoch 33/40, Loss: 0.633121
  Epoch 34/40, Loss: 0.573134
  Epoch 35/40, Loss: 0.518303
  Epoch 36/40, Loss: 1.374737
  Epoch 37/40, Loss: 0.570634
  Epoch 38/40, Loss: 0.807890
  Epoch 39/40, Loss: 0.733514
  Epoch 40/40, Loss: 0.837695
✅ Model saved to ./checkpoints/ae_cluster_2_model.pt
✅ Training complete.
Training cluster 2 (n=137615)
training started...
Cluster ID: 2, Cluster Size: 137615
  Epoch 1/20, Loss: 0.475039
  Epoch 2/20, Loss: 0.631038
  Epoch 3/20, Loss: 0.554155
  Epoch 4/20, Loss: 0.680534
  Epoch 5/20, Loss: 0.744034
  Epoch 6/20, Loss: 0.539402
  Epoch 7/20, Loss: 0.645040
  Epoch 8/20, Loss: 0.643255
  Epoch 9/20, Loss: 0.880497
  Epoch 10/20, Loss: 0.596772
  Epoch 11/20, Loss: 0.717755
  Epoch 12/20, Loss: 0.642130
  Epoch 13/20, Loss: 1.398279
  Epoch 14/20, Loss: 0.445933
  Epoch 15/20, Loss: 0.787439
  Epoch 16/20, Loss: 0.830143
  Epoch 17/20, Loss: 0.714961
  Epoch 18/20, Loss: 1.132501
  Epoch 19/20, Loss: 0.502575
  Epoch 20/20, Loss: 0.418420
✅ Model saved to ./checkpoints/ae_cluster_2_model.pt
✅ Training complete.
Training cluster 2 (n=137615)
training started...
Cluster ID: 2, Cluster Size: 137615
  Epoch 1/30, Loss: 0.957270
  Epoch 2/30, Loss: 0.560272
  Epoch 3/30, Loss: 0.485806
  Epoch 4/30, Loss: 5.095821
  Epoch 5/30, Loss: 0.595476
  Epoch 6/30, Loss: 0.563707
  Epoch 7/30, Loss: 0.636788
  Epoch 8/30, Loss: 0.972062
  Epoch 9/30, Loss: 1.848318
  Epoch 10/30, Loss: 0.709711
  Epoch 11/30, Loss: 0.592133
  Epoch 12/30, Loss: 0.635522
  Epoch 13/30, Loss: 1.082893
  Epoch 14/30, Loss: 1.169330
  Epoch 15/30, Loss: 0.460580
  Epoch 16/30, Loss: 0.891034
  Epoch 17/30, Loss: 1.149489
  Epoch 18/30, Loss: 0.716940
  Epoch 19/30, Loss: 1.345774
  Epoch 20/30, Loss: 0.922525
  Epoch 21/30, Loss: 0.689846
  Epoch 22/30, Loss: 0.679891
  Epoch 23/30, Loss: 1.399698
  Epoch 24/30, Loss: 0.546889
  Epoch 25/30, Loss: 1.038971
  Epoch 26/30, Loss: 0.651235
  Epoch 27/30, Loss: 1.309029
  Epoch 28/30, Loss: 1.040718
  Epoch 29/30, Loss: 0.562098
  Epoch 30/30, Loss: 0.572263
✅ Model saved to ./checkpoints/ae_cluster_2_model.pt
✅ Training complete.
Training cluster 2 (n=137615)
training started...
Cluster ID: 2, Cluster Size: 137615
  Epoch 1/40, Loss: 0.640578
  Epoch 2/40, Loss: 0.901864
  Epoch 3/40, Loss: 0.593761
  Epoch 4/40, Loss: 0.615745
  Epoch 5/40, Loss: 1.027752
  Epoch 6/40, Loss: 0.628141
  Epoch 7/40, Loss: 0.935618
  Epoch 8/40, Loss: 0.640030
  Epoch 9/40, Loss: 0.587495
  Epoch 10/40, Loss: 0.517989
  Epoch 11/40, Loss: 1.134695
  Epoch 12/40, Loss: 0.836500
  Epoch 13/40, Loss: 1.450265
  Epoch 14/40, Loss: 0.728697
  Epoch 15/40, Loss: 0.543735
  Epoch 16/40, Loss: 0.512250
  Epoch 17/40, Loss: 0.637045
  Epoch 18/40, Loss: 0.596418
  Epoch 19/40, Loss: 0.453439
  Epoch 20/40, Loss: 0.628832
  Epoch 21/40, Loss: 0.673850
  Epoch 22/40, Loss: 0.408090
  Epoch 23/40, Loss: 16.611069
  Epoch 24/40, Loss: 4.049983
  Epoch 25/40, Loss: 0.579261
  Epoch 26/40, Loss: 0.501038
  Epoch 27/40, Loss: 4.794756
  Epoch 28/40, Loss: 0.895333
  Epoch 29/40, Loss: 0.524012
  Epoch 30/40, Loss: 0.773808
  Epoch 31/40, Loss: 0.531782
  Epoch 32/40, Loss: 0.605888
  Epoch 33/40, Loss: 0.692593
  Epoch 34/40, Loss: 0.561404
  Epoch 35/40, Loss: 0.768046
  Epoch 36/40, Loss: 0.713682
  Epoch 37/40, Loss: 0.872330
  Epoch 38/40, Loss: 0.731252
  Epoch 39/40, Loss: 0.561989
  Epoch 40/40, Loss: 0.495987
✅ Model saved to ./checkpoints/ae_cluster_2_model.pt
✅ Training complete.
Training cluster 2 (n=137615)
training started...
Cluster ID: 2, Cluster Size: 137615
  Epoch 1/30, Loss: 10.439601
  Epoch 2/30, Loss: 31.819277
  Epoch 3/30, Loss: 1.686205
  Epoch 4/30, Loss: 1.163246
  Epoch 5/30, Loss: 0.775042
  Epoch 6/30, Loss: 0.856573
  Epoch 7/30, Loss: 0.820225
  Epoch 8/30, Loss: 0.663443
  Epoch 9/30, Loss: 0.695485
  Epoch 10/30, Loss: 0.447214
  Epoch 11/30, Loss: 0.740090
  Epoch 12/30, Loss: 0.831735
  Epoch 13/30, Loss: 1.646155
  Epoch 14/30, Loss: 0.616416
  Epoch 15/30, Loss: 2.202128
  Epoch 16/30, Loss: 0.841550
  Epoch 17/30, Loss: 0.580148
  Epoch 18/30, Loss: 0.610075
  Epoch 19/30, Loss: 0.686344
  Epoch 20/30, Loss: 1.513822
  Epoch 21/30, Loss: 0.763120
  Epoch 22/30, Loss: 0.698028
  Epoch 23/30, Loss: 1.637181
  Epoch 24/30, Loss: 351814.593750
  Epoch 25/30, Loss: 0.961951
  Epoch 26/30, Loss: 0.959394
  Epoch 27/30, Loss: 71273.320312
  Epoch 28/30, Loss: 0.621229
  Epoch 29/30, Loss: 1.040870
  Epoch 30/30, Loss: 2043.526489
✅ Model saved to ./checkpoints/ae_cluster_2_model.pt
✅ Training complete.
Training cluster 2 (n=137615)
training started...
Cluster ID: 2, Cluster Size: 137615
  Epoch 1/70, Loss: 0.769725
  Epoch 2/70, Loss: 0.836012
  Epoch 3/70, Loss: 0.831172
  Epoch 4/70, Loss: 0.872347
  Epoch 5/70, Loss: 0.746775
  Epoch 6/70, Loss: 0.970034
  Epoch 7/70, Loss: 0.869310
  Epoch 8/70, Loss: 0.800213
  Epoch 9/70, Loss: 0.733756
  Epoch 10/70, Loss: 0.754548
  Epoch 11/70, Loss: 0.620638
  Epoch 12/70, Loss: 0.631246
  Epoch 13/70, Loss: 0.875317
  Epoch 14/70, Loss: 1.676716
  Epoch 15/70, Loss: 0.794503
  Epoch 16/70, Loss: 0.737314
  Epoch 17/70, Loss: 0.944390
  Epoch 18/70, Loss: 0.977888
  Epoch 19/70, Loss: 0.835203
  Epoch 20/70, Loss: 0.777034
  Epoch 21/70, Loss: 0.765837
  Epoch 22/70, Loss: 0.935493
  Epoch 23/70, Loss: 1.005148
  Epoch 24/70, Loss: 1.693439
  Epoch 25/70, Loss: 0.913094
  Epoch 26/70, Loss: 0.765165
  Epoch 27/70, Loss: 0.772645
  Epoch 28/70, Loss: 0.794768
  Epoch 29/70, Loss: 0.853033
  Epoch 30/70, Loss: 0.790538
  Epoch 31/70, Loss: 0.845723
  Epoch 32/70, Loss: 0.883653
  Epoch 33/70, Loss: 0.833612
  Epoch 34/70, Loss: 0.795406
  Epoch 35/70, Loss: 0.903832
  Epoch 36/70, Loss: 0.706312
  Epoch 37/70, Loss: 1.000063
  Epoch 38/70, Loss: 1.025396
  Epoch 39/70, Loss: 0.954937
  Epoch 40/70, Loss: 0.958717
  Epoch 41/70, Loss: 1.350677
  Epoch 42/70, Loss: 0.760647
  Epoch 43/70, Loss: 0.965980
  Epoch 44/70, Loss: 0.920924
  Epoch 45/70, Loss: 0.773547
  Epoch 46/70, Loss: 1.162145
  Epoch 47/70, Loss: 0.920709
  Epoch 48/70, Loss: 0.798772
  Epoch 49/70, Loss: 0.823075
  Epoch 50/70, Loss: 0.808503
  Epoch 51/70, Loss: 1.011518
  Epoch 52/70, Loss: 0.822435
  Epoch 53/70, Loss: 1.198386
  Epoch 54/70, Loss: 1.020273
  Epoch 55/70, Loss: 1.112540
  Epoch 56/70, Loss: 1.339673
  Epoch 57/70, Loss: 0.897757
  Epoch 58/70, Loss: 0.942589
  Epoch 59/70, Loss: 0.910659
  Epoch 60/70, Loss: 0.839811
  Epoch 61/70, Loss: 0.993524
  Epoch 62/70, Loss: 0.726583
  Epoch 63/70, Loss: 0.912283
  Epoch 64/70, Loss: 0.850348
  Epoch 65/70, Loss: 0.909004
  Epoch 66/70, Loss: 1.102072
  Epoch 67/70, Loss: 0.861182
  Epoch 68/70, Loss: 0.983243
  Epoch 69/70, Loss: 0.850933
  Epoch 70/70, Loss: 1.117654
✅ Model saved to ./checkpoints/ae_cluster_2_model.pt
✅ Training complete.
Training cluster 2 (n=137615)
training started...
Cluster ID: 2, Cluster Size: 137615
  Epoch 1/20, Loss: 1.096067
  Epoch 2/20, Loss: 0.604400
  Epoch 3/20, Loss: 0.575562
  Epoch 4/20, Loss: 0.659961
  Epoch 5/20, Loss: 0.531660
  Epoch 6/20, Loss: 0.723930
  Epoch 7/20, Loss: 0.453463
  Epoch 8/20, Loss: 0.470824
  Epoch 9/20, Loss: 0.860847
  Epoch 10/20, Loss: 1.044077
  Epoch 11/20, Loss: 0.707598
  Epoch 12/20, Loss: 0.598512
  Epoch 13/20, Loss: 0.609823
  Epoch 14/20, Loss: 0.723385
  Epoch 15/20, Loss: 1.273841
  Epoch 16/20, Loss: 0.807982
  Epoch 17/20, Loss: 0.579019
  Epoch 18/20, Loss: 0.580643
  Epoch 19/20, Loss: 0.718809
  Epoch 20/20, Loss: 0.540573
✅ Model saved to ./checkpoints/ae_cluster_2_model.pt
✅ Training complete.
Training cluster 2 (n=137615)
training started...
Cluster ID: 2, Cluster Size: 137615
  Epoch 1/40, Loss: 1.013589
  Epoch 2/40, Loss: 0.464080
  Epoch 3/40, Loss: 0.574136
  Epoch 4/40, Loss: 0.608752
  Epoch 5/40, Loss: 0.666216
  Epoch 6/40, Loss: 0.712292
  Epoch 7/40, Loss: 2.121031
  Epoch 8/40, Loss: 0.574537
  Epoch 9/40, Loss: 0.830748
  Epoch 10/40, Loss: 0.641276
  Epoch 11/40, Loss: 0.888062
  Epoch 12/40, Loss: 0.449913
  Epoch 13/40, Loss: 0.942360
  Epoch 14/40, Loss: 1.256360
  Epoch 15/40, Loss: 0.518714
  Epoch 16/40, Loss: 1.088517
  Epoch 17/40, Loss: 0.852202
  Epoch 18/40, Loss: 1.529839
  Epoch 19/40, Loss: 1.125423
  Epoch 20/40, Loss: 0.920286
  Epoch 21/40, Loss: 2.814904
  Epoch 22/40, Loss: 2.948382
  Epoch 23/40, Loss: 3.467314
  Epoch 24/40, Loss: 4.166842
  Epoch 25/40, Loss: 3.595622
  Epoch 26/40, Loss: 2.820103
  Epoch 27/40, Loss: 2.098453
  Epoch 28/40, Loss: 1.948553
  Epoch 29/40, Loss: 2.916240
  Epoch 30/40, Loss: 2.009503
  Epoch 31/40, Loss: 1.511111
  Epoch 32/40, Loss: 1.293050
  Epoch 33/40, Loss: 4.959552
  Epoch 34/40, Loss: 0.832646
  Epoch 35/40, Loss: 0.719048
  Epoch 36/40, Loss: 0.536896
  Epoch 37/40, Loss: 0.883239
  Epoch 38/40, Loss: 0.590898
  Epoch 39/40, Loss: 0.588345
  Epoch 40/40, Loss: 0.755679
✅ Model saved to ./checkpoints/ae_cluster_2_model.pt
✅ Training complete.
Training cluster 2 (n=137615)
training started...
Cluster ID: 2, Cluster Size: 137615
  Epoch 1/70, Loss: 0.299776
  Epoch 2/70, Loss: 0.258188
  Epoch 3/70, Loss: 0.266142
  Epoch 4/70, Loss: 0.255735
  Epoch 5/70, Loss: 0.319858
  Epoch 6/70, Loss: 0.232605
  Epoch 7/70, Loss: 0.412672
  Epoch 8/70, Loss: 0.230143
  Epoch 9/70, Loss: 0.195660
  Epoch 10/70, Loss: 0.231926
  Epoch 11/70, Loss: 0.310322
  Epoch 12/70, Loss: 0.267493
  Epoch 13/70, Loss: 0.412524
  Epoch 14/70, Loss: 0.526366
  Epoch 15/70, Loss: 0.445979
  Epoch 16/70, Loss: 0.439333
  Epoch 17/70, Loss: 0.408013
  Epoch 18/70, Loss: 0.314166
  Epoch 19/70, Loss: 0.538541
  Epoch 20/70, Loss: 0.433660
  Epoch 21/70, Loss: 0.381883
  Epoch 22/70, Loss: 0.352256
  Epoch 23/70, Loss: 0.326202
  Epoch 24/70, Loss: 0.407561
  Epoch 25/70, Loss: 0.313217
  Epoch 26/70, Loss: 0.504308
  Epoch 27/70, Loss: 0.609509
  Epoch 28/70, Loss: 0.623668
  Epoch 29/70, Loss: 0.504363
  Epoch 30/70, Loss: 0.586268
  Epoch 31/70, Loss: 0.756642
  Epoch 32/70, Loss: 0.819788
  Epoch 33/70, Loss: 0.639066
  Epoch 34/70, Loss: 0.702958
  Epoch 35/70, Loss: 0.681342
  Epoch 36/70, Loss: 0.603084
  Epoch 37/70, Loss: 0.612903
  Epoch 38/70, Loss: 0.642544
  Epoch 39/70, Loss: 1.035127
  Epoch 40/70, Loss: 0.729144
  Epoch 41/70, Loss: 0.707393
  Epoch 42/70, Loss: 0.651773
  Epoch 43/70, Loss: 0.784415
  Epoch 44/70, Loss: 0.661845
  Epoch 45/70, Loss: 0.779653
  Epoch 46/70, Loss: 0.679600
  Epoch 47/70, Loss: 0.759797
  Epoch 48/70, Loss: 0.697000
  Epoch 49/70, Loss: 0.762811
  Epoch 50/70, Loss: 0.829666
  Epoch 51/70, Loss: 0.687774
  Epoch 52/70, Loss: 0.756983
  Epoch 53/70, Loss: 0.782505
  Epoch 54/70, Loss: 0.755608
  Epoch 55/70, Loss: 1.093605
  Epoch 56/70, Loss: 0.741799
  Epoch 57/70, Loss: 0.916649
  Epoch 58/70, Loss: 1.202786
  Epoch 59/70, Loss: 0.661257
  Epoch 60/70, Loss: 0.927336
  Epoch 61/70, Loss: 1.115634
  Epoch 62/70, Loss: 0.828429
  Epoch 63/70, Loss: 0.823733
  Epoch 64/70, Loss: 0.799090
  Epoch 65/70, Loss: 0.770124
  Epoch 66/70, Loss: 0.706111
  Epoch 67/70, Loss: 0.687527
  Epoch 68/70, Loss: 0.843136
  Epoch 69/70, Loss: 0.836357
  Epoch 70/70, Loss: 0.766742
✅ Model saved to ./checkpoints/ae_cluster_2_model.pt
✅ Training complete.
Training cluster 2 (n=137615)
training started...
Cluster ID: 2, Cluster Size: 137615
  Epoch 1/40, Loss: 1.548105
  Epoch 2/40, Loss: 2.260837
  Epoch 3/40, Loss: 1.207964
  Epoch 4/40, Loss: 1.732815
  Epoch 5/40, Loss: 1.317237
  Epoch 6/40, Loss: 1.281108
  Epoch 7/40, Loss: 1.383083
  Epoch 8/40, Loss: 2.146941
  Epoch 9/40, Loss: 1.444890
  Epoch 10/40, Loss: 1.144362
  Epoch 11/40, Loss: 1.080768
  Epoch 12/40, Loss: 0.927819
  Epoch 13/40, Loss: 1.217533
  Epoch 14/40, Loss: 1.045362
  Epoch 15/40, Loss: 1.487981
  Epoch 16/40, Loss: 1.049624
  Epoch 17/40, Loss: 1.125298
  Epoch 18/40, Loss: 0.861493
  Epoch 19/40, Loss: 35.627720
  Epoch 20/40, Loss: 32.418411
  Epoch 21/40, Loss: 50349536768860648112128.000000
  Epoch 22/40, Loss: 21917897990104988778496.000000
  Epoch 23/40, Loss: 21989622317770491297792.000000
  Epoch 24/40, Loss: 7677624054750537318400.000000
  Epoch 25/40, Loss: 9931010261404526575616.000000
  Epoch 26/40, Loss: 210623503434321984716013568.000000
  Epoch 27/40, Loss: 7622930791637478199525376.000000
  Epoch 28/40, Loss: 162782444528222547596017664.000000
  Epoch 29/40, Loss: 21090439200633236005847040.000000
  Epoch 30/40, Loss: 62125848581898639700393984.000000
  Epoch 31/40, Loss: 131048649048800558772649984.000000
  Epoch 32/40, Loss: 42107492641655236987977728.000000
  Epoch 33/40, Loss: 17283215691260321647820800.000000
  Epoch 34/40, Loss: 144093660725521852953264128.000000
  Epoch 35/40, Loss: 304805458231470503380385792.000000
  Epoch 36/40, Loss: 11871498994042168917622784.000000
  Epoch 37/40, Loss: 62674579266173259304927232.000000
  Epoch 38/40, Loss: 37579679356844987987787776.000000
  Epoch 39/40, Loss: 152081626641644189525213184.000000
  Epoch 40/40, Loss: 78108983867704096424198144.000000
✅ Model saved to ./checkpoints/ae_cluster_2_model.pt
✅ Training complete.
Training cluster 2 (n=137615)
training started...
Cluster ID: 2, Cluster Size: 137615
  Epoch 1/50, Loss: 0.696920
  Epoch 2/50, Loss: 0.734082
  Epoch 3/50, Loss: 0.760095
  Epoch 4/50, Loss: 0.800845
  Epoch 5/50, Loss: 0.875094
  Epoch 6/50, Loss: 0.794932
  Epoch 7/50, Loss: 0.940243
  Epoch 8/50, Loss: 0.855819
  Epoch 9/50, Loss: 0.702081
  Epoch 10/50, Loss: 0.703134
  Epoch 11/50, Loss: 0.878777
  Epoch 12/50, Loss: 0.757485
  Epoch 13/50, Loss: 0.724333
  Epoch 14/50, Loss: 0.948942
  Epoch 15/50, Loss: 0.919219
  Epoch 16/50, Loss: 0.905334
  Epoch 17/50, Loss: 0.832282
  Epoch 18/50, Loss: 0.768187
  Epoch 19/50, Loss: 1.105041
  Epoch 20/50, Loss: 0.906877
  Epoch 21/50, Loss: 0.782516
  Epoch 22/50, Loss: 0.902294
  Epoch 23/50, Loss: 0.783574
  Epoch 24/50, Loss: 1.169537
  Epoch 25/50, Loss: 0.750372
  Epoch 26/50, Loss: 0.761542
  Epoch 27/50, Loss: 0.840151
  Epoch 28/50, Loss: 0.996589
  Epoch 29/50, Loss: 0.812528
  Epoch 30/50, Loss: 0.874060
  Epoch 31/50, Loss: 0.857461
  Epoch 32/50, Loss: 0.958883
  Epoch 33/50, Loss: 0.791756
  Epoch 34/50, Loss: 0.878643
  Epoch 35/50, Loss: 0.839946
  Epoch 36/50, Loss: 0.773253
  Epoch 37/50, Loss: 0.784854
  Epoch 38/50, Loss: 0.809856
  Epoch 39/50, Loss: 1.106718
  Epoch 40/50, Loss: 0.836635
  Epoch 41/50, Loss: 0.795093
  Epoch 42/50, Loss: 0.738389
  Epoch 43/50, Loss: 0.884672
  Epoch 44/50, Loss: 0.769248
  Epoch 45/50, Loss: 0.872345
  Epoch 46/50, Loss: 0.823336
  Epoch 47/50, Loss: 0.846981
  Epoch 48/50, Loss: 0.789051
  Epoch 49/50, Loss: 0.808460
  Epoch 50/50, Loss: 0.864753
✅ Model saved to ./checkpoints/ae_cluster_2_model.pt
✅ Training complete.
Training cluster 2 (n=137615)
training started...
Cluster ID: 2, Cluster Size: 137615
  Epoch 1/40, Loss: 0.566069
  Epoch 2/40, Loss: 0.990471
  Epoch 3/40, Loss: 2.022086
  Epoch 4/40, Loss: 3.168546
  Epoch 5/40, Loss: 0.904987
  Epoch 6/40, Loss: 0.492740
  Epoch 7/40, Loss: 0.525650
  Epoch 8/40, Loss: 0.550470
  Epoch 9/40, Loss: 0.971175
  Epoch 10/40, Loss: 0.575193
  Epoch 11/40, Loss: 0.773627
  Epoch 12/40, Loss: 0.624156
  Epoch 13/40, Loss: 0.604595
  Epoch 14/40, Loss: 1.049878
  Epoch 15/40, Loss: 0.678561
  Epoch 16/40, Loss: 0.704358
  Epoch 17/40, Loss: 0.638516
  Epoch 18/40, Loss: 0.847226
  Epoch 19/40, Loss: 0.658032
  Epoch 20/40, Loss: 0.629778
  Epoch 21/40, Loss: 0.722478
  Epoch 22/40, Loss: 0.652440
  Epoch 23/40, Loss: 0.486291
  Epoch 24/40, Loss: 0.873386
  Epoch 25/40, Loss: 0.982730
  Epoch 26/40, Loss: 0.670287
  Epoch 27/40, Loss: 0.853081
  Epoch 28/40, Loss: 0.530048
  Epoch 29/40, Loss: 0.994551
  Epoch 30/40, Loss: 0.830296
  Epoch 31/40, Loss: 1.352074
  Epoch 32/40, Loss: 0.516045
  Epoch 33/40, Loss: 1.149660
  Epoch 34/40, Loss: 0.704467
  Epoch 35/40, Loss: 0.610773
  Epoch 36/40, Loss: 0.672682
  Epoch 37/40, Loss: 0.621352
  Epoch 38/40, Loss: 0.677065
  Epoch 39/40, Loss: 0.627678
  Epoch 40/40, Loss: 0.615628
✅ Model saved to ./checkpoints/ae_cluster_2_model.pt
✅ Training complete.
Training cluster 2 (n=137615)
training started...
Cluster ID: 2, Cluster Size: 137615
  Epoch 1/30, Loss: 1946939293696.000000
  Epoch 2/30, Loss: 6971798.500000
  Epoch 3/30, Loss: 20.967840
  Epoch 4/30, Loss: 23.396997
  Epoch 5/30, Loss: 14.617701
  Epoch 6/30, Loss: 8.551794
  Epoch 7/30, Loss: 5.862784
  Epoch 8/30, Loss: 4.027146
  Epoch 9/30, Loss: 2.961735
  Epoch 10/30, Loss: 2.576346
  Epoch 11/30, Loss: 2.425500
  Epoch 12/30, Loss: 2.295155
  Epoch 13/30, Loss: 2.257413
  Epoch 14/30, Loss: 2.297237
  Epoch 15/30, Loss: 2.457481
  Epoch 16/30, Loss: 2.492718
  Epoch 17/30, Loss: 2.212243
  Epoch 18/30, Loss: 2.432515
  Epoch 19/30, Loss: 2.169055
  Epoch 20/30, Loss: 2.276210
  Epoch 21/30, Loss: 2.230540
  Epoch 22/30, Loss: 2.352588
  Epoch 23/30, Loss: 2.400042
  Epoch 24/30, Loss: 2.377666
  Epoch 25/30, Loss: 2.262997
  Epoch 26/30, Loss: 2.192178
  Epoch 27/30, Loss: 2.242807
  Epoch 28/30, Loss: 2.495382
  Epoch 29/30, Loss: 2.183069
  Epoch 30/30, Loss: 2.286295
✅ Model saved to ./checkpoints/ae_cluster_2_model.pt
✅ Training complete.
Training cluster 2 (n=137615)
training started...
Cluster ID: 2, Cluster Size: 137615
  Epoch 1/20, Loss: 0.773994
  Epoch 2/20, Loss: 0.899729
  Epoch 3/20, Loss: 0.747696
  Epoch 4/20, Loss: 0.716270
  Epoch 5/20, Loss: 1.124719
  Epoch 6/20, Loss: 1.127371
  Epoch 7/20, Loss: 0.754105
  Epoch 8/20, Loss: 0.824903
  Epoch 9/20, Loss: 0.594938
  Epoch 10/20, Loss: 1.114438
  Epoch 11/20, Loss: 0.601134
  Epoch 12/20, Loss: 0.539567
  Epoch 13/20, Loss: 0.921145
  Epoch 14/20, Loss: 0.492891
  Epoch 15/20, Loss: 0.628491
  Epoch 16/20, Loss: 1.565609
  Epoch 17/20, Loss: 1.031214
  Epoch 18/20, Loss: 0.584567
  Epoch 19/20, Loss: 0.697162
  Epoch 20/20, Loss: 0.686188
✅ Model saved to ./checkpoints/ae_cluster_2_model.pt
✅ Training complete.
Training cluster 2 (n=137615)
training started...
Cluster ID: 2, Cluster Size: 137615
  Epoch 1/40, Loss: 0.725168
  Epoch 2/40, Loss: 0.544051
  Epoch 3/40, Loss: 0.658758
  Epoch 4/40, Loss: 0.599038
  Epoch 5/40, Loss: 0.904206
  Epoch 6/40, Loss: 0.546140
  Epoch 7/40, Loss: 1.266188
  Epoch 8/40, Loss: 0.690541
  Epoch 9/40, Loss: 0.709744
  Epoch 10/40, Loss: 0.468705
  Epoch 11/40, Loss: 0.702212
  Epoch 12/40, Loss: 0.551434
  Epoch 13/40, Loss: 0.583402
  Epoch 14/40, Loss: 0.791603
  Epoch 15/40, Loss: 0.659922
  Epoch 16/40, Loss: 0.714253
  Epoch 17/40, Loss: 0.713152
  Epoch 18/40, Loss: 1.123418
  Epoch 19/40, Loss: 0.481020
  Epoch 20/40, Loss: 0.625303
  Epoch 21/40, Loss: 0.736933
  Epoch 22/40, Loss: 0.755778
  Epoch 23/40, Loss: 0.683436
  Epoch 24/40, Loss: 0.673190
  Epoch 25/40, Loss: 3.388151
  Epoch 26/40, Loss: 0.450649
  Epoch 27/40, Loss: 0.630877
  Epoch 28/40, Loss: 0.576751
  Epoch 29/40, Loss: 0.571108
  Epoch 30/40, Loss: 0.579203
  Epoch 31/40, Loss: 1.461831
  Epoch 32/40, Loss: 0.612700
  Epoch 33/40, Loss: 0.749265
  Epoch 34/40, Loss: 1.069330
  Epoch 35/40, Loss: 0.766609
  Epoch 36/40, Loss: 0.602091
  Epoch 37/40, Loss: 0.886550
  Epoch 38/40, Loss: 1.173225
  Epoch 39/40, Loss: 0.574358
  Epoch 40/40, Loss: 0.474322
✅ Model saved to ./checkpoints/ae_cluster_2_model.pt
✅ Training complete.
Training cluster 2 (n=137615)
training started...
Cluster ID: 2, Cluster Size: 137615
  Epoch 1/90, Loss: 1.719086
  Epoch 2/90, Loss: 0.735936
  Epoch 3/90, Loss: 0.791741
  Epoch 4/90, Loss: 0.773661
  Epoch 5/90, Loss: 0.728869
  Epoch 6/90, Loss: 0.638319
  Epoch 7/90, Loss: 0.620356
  Epoch 8/90, Loss: 0.502569
  Epoch 9/90, Loss: 0.478225
  Epoch 10/90, Loss: 0.459355
  Epoch 11/90, Loss: 0.405367
  Epoch 12/90, Loss: 0.358057
  Epoch 13/90, Loss: 0.346398
  Epoch 14/90, Loss: 0.287075
  Epoch 15/90, Loss: 0.281361
  Epoch 16/90, Loss: 0.287292
  Epoch 17/90, Loss: 0.269769
  Epoch 18/90, Loss: 0.232358
  Epoch 19/90, Loss: 0.243205
  Epoch 20/90, Loss: 0.229570
  Epoch 21/90, Loss: 0.212935
  Epoch 22/90, Loss: 0.194806
  Epoch 23/90, Loss: 0.192747
  Epoch 24/90, Loss: 0.188409
  Epoch 25/90, Loss: 0.207311
  Epoch 26/90, Loss: 0.160202
  Epoch 27/90, Loss: 0.162167
  Epoch 28/90, Loss: 0.160839
  Epoch 29/90, Loss: 0.185691
  Epoch 30/90, Loss: 0.173761
  Epoch 31/90, Loss: 0.167368
  Epoch 32/90, Loss: 0.156748
  Epoch 33/90, Loss: 0.160993
  Epoch 34/90, Loss: 0.151174
  Epoch 35/90, Loss: 0.153156
  Epoch 36/90, Loss: 0.151027
  Epoch 37/90, Loss: 0.170373
  Epoch 38/90, Loss: 0.133403
  Epoch 39/90, Loss: 0.148592
  Epoch 40/90, Loss: 0.126382
  Epoch 41/90, Loss: 0.139058
  Epoch 42/90, Loss: 0.136078
  Epoch 43/90, Loss: 0.132404
  Epoch 44/90, Loss: 0.133814
  Epoch 45/90, Loss: 0.122465
  Epoch 46/90, Loss: 0.151165
  Epoch 47/90, Loss: 0.152700
  Epoch 48/90, Loss: 0.123551
  Epoch 49/90, Loss: 0.163783
  Epoch 50/90, Loss: 0.143052
  Epoch 51/90, Loss: 0.149086
  Epoch 52/90, Loss: 0.144495
  Epoch 53/90, Loss: 0.140602
  Epoch 54/90, Loss: 0.126272
  Epoch 55/90, Loss: 0.149806
  Epoch 56/90, Loss: 0.184159
  Epoch 57/90, Loss: 0.145469
  Epoch 58/90, Loss: 0.109046
  Epoch 59/90, Loss: 0.171135
  Epoch 60/90, Loss: 0.178886
  Epoch 61/90, Loss: 0.221534
  Epoch 62/90, Loss: 0.190557
  Epoch 63/90, Loss: 0.232283
  Epoch 64/90, Loss: 0.232765
  Epoch 65/90, Loss: 0.318278
  Epoch 66/90, Loss: 0.219081
  Epoch 67/90, Loss: 0.222807
  Epoch 68/90, Loss: 0.221622
  Epoch 69/90, Loss: 0.165200
  Epoch 70/90, Loss: 0.273621
  Epoch 71/90, Loss: 0.209786
  Epoch 72/90, Loss: 0.308799
  Epoch 73/90, Loss: 0.304764
  Epoch 74/90, Loss: 0.214583
  Epoch 75/90, Loss: 0.246001
  Epoch 76/90, Loss: 0.290629
  Epoch 77/90, Loss: 0.488393
  Epoch 78/90, Loss: 1.049189
  Epoch 79/90, Loss: 0.781462
  Epoch 80/90, Loss: 0.795083
  Epoch 81/90, Loss: 1.208564
  Epoch 82/90, Loss: 1.075371
  Epoch 83/90, Loss: 0.725138
  Epoch 84/90, Loss: 0.907446
  Epoch 85/90, Loss: 0.883307
  Epoch 86/90, Loss: 0.854168
  Epoch 87/90, Loss: 0.937702
  Epoch 88/90, Loss: 0.991679
  Epoch 89/90, Loss: 0.932498
  Epoch 90/90, Loss: 0.847003
✅ Model saved to ./checkpoints/ae_cluster_2_model.pt
✅ Training complete.
Training cluster 2 (n=137615)
training started...
Cluster ID: 2, Cluster Size: 137615
  Epoch 1/40, Loss: 1.016754
  Epoch 2/40, Loss: 0.953694
  Epoch 3/40, Loss: 0.770164
  Epoch 4/40, Loss: 0.803573
  Epoch 5/40, Loss: 0.890828
  Epoch 6/40, Loss: 0.893994
  Epoch 7/40, Loss: 0.893055
  Epoch 8/40, Loss: 4.121687
  Epoch 9/40, Loss: 1.747509
  Epoch 10/40, Loss: 0.620553
  Epoch 11/40, Loss: 0.528197
  Epoch 12/40, Loss: 0.590215
  Epoch 13/40, Loss: 1.474815
  Epoch 14/40, Loss: 1.145547
  Epoch 15/40, Loss: 0.456602
  Epoch 16/40, Loss: 0.890314
  Epoch 17/40, Loss: 1.159514
  Epoch 18/40, Loss: 0.717352
  Epoch 19/40, Loss: 1.346094
  Epoch 20/40, Loss: 0.922717
  Epoch 21/40, Loss: 0.687373
  Epoch 22/40, Loss: 0.681232
  Epoch 23/40, Loss: 1.400748
  Epoch 24/40, Loss: 0.546832
  Epoch 25/40, Loss: 1.039581
  Epoch 26/40, Loss: 0.651854
  Epoch 27/40, Loss: 1.309973
  Epoch 28/40, Loss: 1.038819
  Epoch 29/40, Loss: 0.560592
  Epoch 30/40, Loss: 0.572875
  Epoch 31/40, Loss: 1.454122
  Epoch 32/40, Loss: 0.413982
  Epoch 33/40, Loss: 0.673700
  Epoch 34/40, Loss: 0.610687
  Epoch 35/40, Loss: 0.587290
  Epoch 36/40, Loss: 0.803704
  Epoch 37/40, Loss: 0.656499
  Epoch 38/40, Loss: 0.631962
  Epoch 39/40, Loss: 0.558206
  Epoch 40/40, Loss: 0.868540
✅ Model saved to ./checkpoints/ae_cluster_2_model.pt
✅ Training complete.
Training cluster 2 (n=137615)
training started...
Cluster ID: 2, Cluster Size: 137615
  Epoch 1/50, Loss: 0.883311
  Epoch 2/50, Loss: 1.669104
  Epoch 3/50, Loss: 0.537596
  Epoch 4/50, Loss: 1.196660
  Epoch 5/50, Loss: 0.699192
  Epoch 6/50, Loss: 0.790847
  Epoch 7/50, Loss: 0.797592
  Epoch 8/50, Loss: 1.675120
  Epoch 9/50, Loss: 1.030791
  Epoch 10/50, Loss: 0.688399
  Epoch 11/50, Loss: 0.631066
  Epoch 12/50, Loss: 0.428919
  Epoch 13/50, Loss: 0.755368
  Epoch 14/50, Loss: 0.653505
  Epoch 15/50, Loss: 1.056007
  Epoch 16/50, Loss: 0.665297
  Epoch 17/50, Loss: 14.482253
  Epoch 18/50, Loss: 0.586208
  Epoch 19/50, Loss: 0.684016
  Epoch 20/50, Loss: 1.249447
  Epoch 21/50, Loss: 0.577390
  Epoch 22/50, Loss: 0.663923
  Epoch 23/50, Loss: 1.117733
  Epoch 24/50, Loss: 0.827451
  Epoch 25/50, Loss: 1.177129
  Epoch 26/50, Loss: 1.054096
  Epoch 27/50, Loss: 0.608918
  Epoch 28/50, Loss: 0.719244
  Epoch 29/50, Loss: 0.658222
  Epoch 30/50, Loss: 0.599798
  Epoch 31/50, Loss: 1.079803
  Epoch 32/50, Loss: 0.773859
  Epoch 33/50, Loss: 0.758680
  Epoch 34/50, Loss: 0.858903
  Epoch 35/50, Loss: 2.237630
  Epoch 36/50, Loss: 0.692142
  Epoch 37/50, Loss: 1.062583
  Epoch 38/50, Loss: 1.365522
  Epoch 39/50, Loss: 0.616594
  Epoch 40/50, Loss: 0.670923
  Epoch 41/50, Loss: 0.596326
  Epoch 42/50, Loss: 0.499012
  Epoch 43/50, Loss: 1.363481
  Epoch 44/50, Loss: 0.488449
  Epoch 45/50, Loss: 0.534672
  Epoch 46/50, Loss: 1.349693
  Epoch 47/50, Loss: 0.590350
  Epoch 48/50, Loss: 0.450724
  Epoch 49/50, Loss: 0.713778
  Epoch 50/50, Loss: 0.648391
✅ Model saved to ./checkpoints/ae_cluster_2_model.pt
✅ Training complete.
Training cluster 2 (n=137615)
training started...
Cluster ID: 2, Cluster Size: 137615
  Epoch 1/40, Loss: 22.663925
  Epoch 2/40, Loss: 4.203629
  Epoch 3/40, Loss: 1.006516
  Epoch 4/40, Loss: 0.697910
  Epoch 5/40, Loss: 0.972450
  Epoch 6/40, Loss: 0.613623
  Epoch 7/40, Loss: 1.316700
  Epoch 8/40, Loss: 0.755080
  Epoch 9/40, Loss: 0.739037
  Epoch 10/40, Loss: 0.521689
  Epoch 11/40, Loss: 0.718172
  Epoch 12/40, Loss: 0.593530
  Epoch 13/40, Loss: 0.584834
  Epoch 14/40, Loss: 0.794197
  Epoch 15/40, Loss: 0.662600
  Epoch 16/40, Loss: 0.710391
  Epoch 17/40, Loss: 0.713420
  Epoch 18/40, Loss: 1.122884
  Epoch 19/40, Loss: 0.480427
  Epoch 20/40, Loss: 0.623845
  Epoch 21/40, Loss: 0.734946
  Epoch 22/40, Loss: 0.755811
  Epoch 23/40, Loss: 0.682190
  Epoch 24/40, Loss: 0.672394
  Epoch 25/40, Loss: 3.385311
  Epoch 26/40, Loss: 0.450189
  Epoch 27/40, Loss: 0.631591
  Epoch 28/40, Loss: 0.575647
  Epoch 29/40, Loss: 0.571212
  Epoch 30/40, Loss: 0.577983
  Epoch 31/40, Loss: 1.458329
  Epoch 32/40, Loss: 0.613763
  Epoch 33/40, Loss: 0.749763
  Epoch 34/40, Loss: 1.066762
  Epoch 35/40, Loss: 0.767684
  Epoch 36/40, Loss: 0.605618
  Epoch 37/40, Loss: 0.885609
  Epoch 38/40, Loss: 1.173962
  Epoch 39/40, Loss: 0.571352
  Epoch 40/40, Loss: 0.470915
✅ Model saved to ./checkpoints/ae_cluster_2_model.pt
✅ Training complete.
Training cluster 2 (n=137615)
training started...
Cluster ID: 2, Cluster Size: 137615
  Epoch 1/40, Loss: 0.542623
  Epoch 2/40, Loss: 0.643660
  Epoch 3/40, Loss: 0.614596
  Epoch 4/40, Loss: 0.993703
  Epoch 5/40, Loss: 0.782304
  Epoch 6/40, Loss: 0.512554
  Epoch 7/40, Loss: 0.526253
  Epoch 8/40, Loss: 0.706951
  Epoch 9/40, Loss: 0.693466
  Epoch 10/40, Loss: 0.634188
  Epoch 11/40, Loss: 0.489301
  Epoch 12/40, Loss: 0.727164
  Epoch 13/40, Loss: 0.785877
  Epoch 14/40, Loss: 0.503235
  Epoch 15/40, Loss: 0.519919
  Epoch 16/40, Loss: 0.556134
  Epoch 17/40, Loss: 0.695926
  Epoch 18/40, Loss: 0.503675
  Epoch 19/40, Loss: 0.760396
  Epoch 20/40, Loss: 0.639281
  Epoch 21/40, Loss: 0.569479
  Epoch 22/40, Loss: 0.610649
  Epoch 23/40, Loss: 0.851699
  Epoch 24/40, Loss: 0.614904
  Epoch 25/40, Loss: 0.995751
  Epoch 26/40, Loss: 0.838728
  Epoch 27/40, Loss: 0.571663
  Epoch 28/40, Loss: 1.004603
  Epoch 29/40, Loss: 1.171304
  Epoch 30/40, Loss: 0.722718
  Epoch 31/40, Loss: 1.044723
  Epoch 32/40, Loss: 3.157884
  Epoch 33/40, Loss: 0.610784
  Epoch 34/40, Loss: 0.525815
  Epoch 35/40, Loss: 0.486617
  Epoch 36/40, Loss: 0.527012
  Epoch 37/40, Loss: 0.636246
  Epoch 38/40, Loss: 0.884310
  Epoch 39/40, Loss: 0.695908
  Epoch 40/40, Loss: 0.682243
✅ Model saved to ./checkpoints/ae_cluster_2_model.pt
✅ Training complete.
Training cluster 2 (n=137615)
training started...
Cluster ID: 2, Cluster Size: 137615
  Epoch 1/40, Loss: 0.968091
  Epoch 2/40, Loss: 0.588947
  Epoch 3/40, Loss: 0.490253
  Epoch 4/40, Loss: 0.479285
  Epoch 5/40, Loss: 0.548264
  Epoch 6/40, Loss: 0.539297
  Epoch 7/40, Loss: 0.613017
  Epoch 8/40, Loss: 0.957279
  Epoch 9/40, Loss: 1.743943
  Epoch 10/40, Loss: 0.608640
  Epoch 11/40, Loss: 0.519480
  Epoch 12/40, Loss: 0.591633
  Epoch 13/40, Loss: 1.064355
  Epoch 14/40, Loss: 1.141901
  Epoch 15/40, Loss: 0.458482
  Epoch 16/40, Loss: 0.891346
  Epoch 17/40, Loss: 3.111683
  Epoch 18/40, Loss: 2.732462
  Epoch 19/40, Loss: 3.801620
  Epoch 20/40, Loss: 3.064630
  Epoch 21/40, Loss: 5.401657
  Epoch 22/40, Loss: 5.019874
  Epoch 23/40, Loss: 6.104477
  Epoch 24/40, Loss: 4.830019
  Epoch 25/40, Loss: 5.212786
  Epoch 26/40, Loss: 5.203591
  Epoch 27/40, Loss: 6.074222
  Epoch 28/40, Loss: 5.616546
  Epoch 29/40, Loss: 4.856350
  Epoch 30/40, Loss: 4.952631
  Epoch 31/40, Loss: 5.372293
  Epoch 32/40, Loss: 4.822876
  Epoch 33/40, Loss: 5.102447
  Epoch 34/40, Loss: 4.897446
  Epoch 35/40, Loss: 4.853545
  Epoch 36/40, Loss: 4.838427
  Epoch 37/40, Loss: 5.024844
  Epoch 38/40, Loss: 5.004139
  Epoch 39/40, Loss: 4.746002
  Epoch 40/40, Loss: 4.922178
✅ Model saved to ./checkpoints/ae_cluster_2_model.pt
✅ Training complete.
Training cluster 2 (n=137615)
training started...
Cluster ID: 2, Cluster Size: 137615
  Epoch 1/50, Loss: 0.888813
  Epoch 2/50, Loss: 0.718536
  Epoch 3/50, Loss: 0.570955
  Epoch 4/50, Loss: 0.557812
  Epoch 5/50, Loss: 1.031056
  Epoch 6/50, Loss: 1.032154
  Epoch 7/50, Loss: 0.513985
  Epoch 8/50, Loss: 0.675442
  Epoch 9/50, Loss: 0.628973
  Epoch 10/50, Loss: 0.705653
  Epoch 11/50, Loss: 0.990853
  Epoch 12/50, Loss: 0.668386
  Epoch 13/50, Loss: 0.584089
  Epoch 14/50, Loss: 0.658046
  Epoch 15/50, Loss: 0.488787
  Epoch 16/50, Loss: 0.588871
  Epoch 17/50, Loss: 0.651941
  Epoch 18/50, Loss: 0.731755
  Epoch 19/50, Loss: 0.737935
  Epoch 20/50, Loss: 0.524758
  Epoch 21/50, Loss: 0.547209
  Epoch 22/50, Loss: 0.514820
  Epoch 23/50, Loss: 0.513871
  Epoch 24/50, Loss: 0.435800
  Epoch 25/50, Loss: 0.239925
  Epoch 26/50, Loss: 0.485008
  Epoch 27/50, Loss: 1.582385
  Epoch 28/50, Loss: 0.198820
  Epoch 29/50, Loss: 0.425399
  Epoch 30/50, Loss: 0.182329
  Epoch 31/50, Loss: 0.258496
  Epoch 32/50, Loss: 0.278834
  Epoch 33/50, Loss: 0.502090
  Epoch 34/50, Loss: 0.246297
  Epoch 35/50, Loss: 0.768426
  Epoch 36/50, Loss: 0.749442
  Epoch 37/50, Loss: 0.659216
  Epoch 38/50, Loss: 0.584558
  Epoch 39/50, Loss: 3.390108
  Epoch 40/50, Loss: 0.680683
  Epoch 41/50, Loss: 0.653304
  Epoch 42/50, Loss: 0.643700
  Epoch 43/50, Loss: 0.599811
  Epoch 44/50, Loss: 0.550076
  Epoch 45/50, Loss: 0.468468
  Epoch 46/50, Loss: 0.558925
  Epoch 47/50, Loss: 0.538776
  Epoch 48/50, Loss: 0.559379
  Epoch 49/50, Loss: 1.451915
  Epoch 50/50, Loss: 0.563550
✅ Model saved to ./checkpoints/ae_cluster_2_model.pt
✅ Training complete.
Training cluster 2 (n=137615)
training started...
Cluster ID: 2, Cluster Size: 137615
  Epoch 1/30, Loss: 1.137153
  Epoch 2/30, Loss: 0.838159
  Epoch 3/30, Loss: 0.684955
  Epoch 4/30, Loss: 0.639036
  Epoch 5/30, Loss: 0.670795
  Epoch 6/30, Loss: 0.651901
  Epoch 7/30, Loss: 0.690682
  Epoch 8/30, Loss: 0.976178
  Epoch 9/30, Loss: 1.760090
  Epoch 10/30, Loss: 1.027106
  Epoch 11/30, Loss: 0.884524
  Epoch 12/30, Loss: 7.589891
  Epoch 13/30, Loss: 8.048109
  Epoch 14/30, Loss: 8.723550
  Epoch 15/30, Loss: 7.762246
  Epoch 16/30, Loss: 7.820258
  Epoch 17/30, Loss: 8.146214
  Epoch 18/30, Loss: 36836419095891017728.000000
  Epoch 19/30, Loss: 192.379089
  Epoch 20/30, Loss: 189.692322
  Epoch 21/30, Loss: 192.847443
  Epoch 22/30, Loss: 189.822617
  Epoch 23/30, Loss: 265.796631
  Epoch 24/30, Loss: 261.794586
  Epoch 25/30, Loss: 262.695679
  Epoch 26/30, Loss: 262.207397
  Epoch 27/30, Loss: 262.884399
  Epoch 28/30, Loss: 246.511276
  Epoch 29/30, Loss: 244.192490
  Epoch 30/30, Loss: 243.122971
✅ Model saved to ./checkpoints/ae_cluster_2_model.pt
✅ Training complete.
Training cluster 2 (n=137615)
training started...
Cluster ID: 2, Cluster Size: 137615
  Epoch 1/40, Loss: 0.458936
  Epoch 2/40, Loss: 0.631736
  Epoch 3/40, Loss: 0.553349
  Epoch 4/40, Loss: 0.679977
  Epoch 5/40, Loss: 0.745499
  Epoch 6/40, Loss: 0.538754
  Epoch 7/40, Loss: 0.645480
  Epoch 8/40, Loss: 0.642361
  Epoch 9/40, Loss: 0.879042
  Epoch 10/40, Loss: 0.598564
  Epoch 11/40, Loss: 0.715588
  Epoch 12/40, Loss: 0.641697
  Epoch 13/40, Loss: 1.397312
  Epoch 14/40, Loss: 0.445349
  Epoch 15/40, Loss: 0.786175
  Epoch 16/40, Loss: 0.830483
  Epoch 17/40, Loss: 0.714049
  Epoch 18/40, Loss: 1.128686
  Epoch 19/40, Loss: 0.501566
  Epoch 20/40, Loss: 0.419521
  Epoch 21/40, Loss: 0.673019
  Epoch 22/40, Loss: 0.779952
  Epoch 23/40, Loss: 0.664669
  Epoch 24/40, Loss: 0.637148
  Epoch 25/40, Loss: 0.639463
  Epoch 26/40, Loss: 0.609756
  Epoch 27/40, Loss: 0.718958
  Epoch 28/40, Loss: 0.877910
  Epoch 29/40, Loss: 0.561932
  Epoch 30/40, Loss: 0.628443
  Epoch 31/40, Loss: 0.501647
  Epoch 32/40, Loss: 0.636313
  Epoch 33/40, Loss: 0.979600
  Epoch 34/40, Loss: 1.555047
  Epoch 35/40, Loss: 0.595134
  Epoch 36/40, Loss: 0.513526
  Epoch 37/40, Loss: 0.711134
  Epoch 38/40, Loss: 0.864387
  Epoch 39/40, Loss: 0.535725
  Epoch 40/40, Loss: 0.818250
✅ Model saved to ./checkpoints/ae_cluster_2_model.pt
✅ Training complete.
Training cluster 2 (n=137615)
training started...
Cluster ID: 2, Cluster Size: 137615
  Epoch 1/50, Loss: 0.776990
  Epoch 2/50, Loss: 0.737757
  Epoch 3/50, Loss: 0.813844
  Epoch 4/50, Loss: 0.809986
  Epoch 5/50, Loss: 0.980824
  Epoch 6/50, Loss: 0.778411
  Epoch 7/50, Loss: 0.885951
  Epoch 8/50, Loss: 0.911169
  Epoch 9/50, Loss: 0.743293
  Epoch 10/50, Loss: 0.749374
  Epoch 11/50, Loss: 1.085112
  Epoch 12/50, Loss: 1.432429
  Epoch 13/50, Loss: 1.004479
  Epoch 14/50, Loss: 7.717338
  Epoch 15/50, Loss: 1.032280
  Epoch 16/50, Loss: 0.750412
  Epoch 17/50, Loss: 0.782480
  Epoch 18/50, Loss: 1.142036
  Epoch 19/50, Loss: 0.838935
  Epoch 20/50, Loss: 0.857408
  Epoch 21/50, Loss: 1.213163
  Epoch 22/50, Loss: 1.002689
  Epoch 23/50, Loss: 1.092811
  Epoch 24/50, Loss: 0.875131
  Epoch 25/50, Loss: 0.767500
  Epoch 26/50, Loss: 1.116464
  Epoch 27/50, Loss: 0.787141
  Epoch 28/50, Loss: 0.812685
  Epoch 29/50, Loss: 0.813533
  Epoch 30/50, Loss: 0.921427
  Epoch 31/50, Loss: 0.959090
  Epoch 32/50, Loss: 0.710982
  Epoch 33/50, Loss: 0.739878
  Epoch 34/50, Loss: 0.897255
  Epoch 35/50, Loss: 0.737207
  Epoch 36/50, Loss: 0.808983
  Epoch 37/50, Loss: 0.873954
  Epoch 38/50, Loss: 0.864401
  Epoch 39/50, Loss: 0.941359
  Epoch 40/50, Loss: 0.661070
  Epoch 41/50, Loss: 0.800614
  Epoch 42/50, Loss: 0.945347
  Epoch 43/50, Loss: 0.760973
  Epoch 44/50, Loss: 0.833107
  Epoch 45/50, Loss: 0.851799
  Epoch 46/50, Loss: 0.980987
  Epoch 47/50, Loss: 0.745682
  Epoch 48/50, Loss: 0.896454
  Epoch 49/50, Loss: 0.832834
  Epoch 50/50, Loss: 0.793241
✅ Model saved to ./checkpoints/ae_cluster_2_model.pt
✅ Training complete.
Training cluster 2 (n=137615)
training started...
Cluster ID: 2, Cluster Size: 137615
  Epoch 1/40, Loss: 0.459122
  Epoch 2/40, Loss: 0.631443
  Epoch 3/40, Loss: 0.553416
  Epoch 4/40, Loss: 0.683846
  Epoch 5/40, Loss: 0.746449
  Epoch 6/40, Loss: 0.538849
  Epoch 7/40, Loss: 0.645057
  Epoch 8/40, Loss: 0.641993
  Epoch 9/40, Loss: 0.880451
  Epoch 10/40, Loss: 0.598878
  Epoch 11/40, Loss: 0.716116
  Epoch 12/40, Loss: 0.642781
  Epoch 13/40, Loss: 1.396793
  Epoch 14/40, Loss: 0.445176
  Epoch 15/40, Loss: 0.786866
  Epoch 16/40, Loss: 0.830390
  Epoch 17/40, Loss: 0.714003
  Epoch 18/40, Loss: 1.131721
  Epoch 19/40, Loss: 0.501688
  Epoch 20/40, Loss: 0.418508
  Epoch 21/40, Loss: 0.672538
  Epoch 22/40, Loss: 0.778951
  Epoch 23/40, Loss: 0.664838
  Epoch 24/40, Loss: 0.636159
  Epoch 25/40, Loss: 0.639411
  Epoch 26/40, Loss: 0.608568
  Epoch 27/40, Loss: 0.720380
  Epoch 28/40, Loss: 0.879953
  Epoch 29/40, Loss: 0.562794
  Epoch 30/40, Loss: 0.627718
  Epoch 31/40, Loss: 0.502417
  Epoch 32/40, Loss: 0.634871
  Epoch 33/40, Loss: 0.979796
  Epoch 34/40, Loss: 1.555406
  Epoch 35/40, Loss: 0.595185
  Epoch 36/40, Loss: 0.513887
  Epoch 37/40, Loss: 0.710498
  Epoch 38/40, Loss: 0.864132
  Epoch 39/40, Loss: 0.535498
  Epoch 40/40, Loss: 0.817419
✅ Model saved to ./checkpoints/ae_cluster_2_model.pt
✅ Training complete.
Training cluster 2 (n=137615)
training started...
Cluster ID: 2, Cluster Size: 137615
  Epoch 1/40, Loss: 0.728631
  Epoch 2/40, Loss: 0.982622
  Epoch 3/40, Loss: 1.245775
  Epoch 4/40, Loss: 1.404823
  Epoch 5/40, Loss: 1.765635
  Epoch 6/40, Loss: 1.302959
  Epoch 7/40, Loss: 1.726328
  Epoch 8/40, Loss: 1.381542
  Epoch 9/40, Loss: 1.337472
  Epoch 10/40, Loss: 1.139990
  Epoch 11/40, Loss: 1.804106
  Epoch 12/40, Loss: 1.527238
  Epoch 13/40, Loss: 2.132049
  Epoch 14/40, Loss: 1.237224
  Epoch 15/40, Loss: 1.139858
  Epoch 16/40, Loss: 1.088219
  Epoch 17/40, Loss: 1.129579
  Epoch 18/40, Loss: 1.115919
  Epoch 19/40, Loss: 0.868100
  Epoch 20/40, Loss: 1.054744
  Epoch 21/40, Loss: 1.056141
  Epoch 22/40, Loss: 0.710303
  Epoch 23/40, Loss: 17.006630
  Epoch 24/40, Loss: 4.280238
  Epoch 25/40, Loss: 0.735917
  Epoch 26/40, Loss: 0.609026
  Epoch 27/40, Loss: 4.816973
  Epoch 28/40, Loss: 0.950343
  Epoch 29/40, Loss: 1.044700
  Epoch 30/40, Loss: 1.374706
  Epoch 31/40, Loss: 1.097477
  Epoch 32/40, Loss: 1.143574
  Epoch 33/40, Loss: 15.578144
  Epoch 34/40, Loss: 15.165362
  Epoch 35/40, Loss: 15.458200
  Epoch 36/40, Loss: 15.411505
  Epoch 37/40, Loss: 15.014246
  Epoch 38/40, Loss: 15.191880
  Epoch 39/40, Loss: 14.972410
  Epoch 40/40, Loss: 15.142822
✅ Model saved to ./checkpoints/ae_cluster_2_model.pt
✅ Training complete.
Training cluster 2 (n=137615)
training started...
Cluster ID: 2, Cluster Size: 137615
  Epoch 1/50, Loss: 0.748836
  Epoch 2/50, Loss: 0.738045
  Epoch 3/50, Loss: 0.814662
  Epoch 4/50, Loss: 0.810883
  Epoch 5/50, Loss: 0.985621
  Epoch 6/50, Loss: 0.785912
  Epoch 7/50, Loss: 0.893181
  Epoch 8/50, Loss: 0.934950
  Epoch 9/50, Loss: 0.777386
  Epoch 10/50, Loss: 0.782778
  Epoch 11/50, Loss: 1.127259
  Epoch 12/50, Loss: 1.369485
  Epoch 13/50, Loss: 1.004259
  Epoch 14/50, Loss: 0.991395
  Epoch 15/50, Loss: 1.032285
  Epoch 16/50, Loss: 0.750392
  Epoch 17/50, Loss: 0.782655
  Epoch 18/50, Loss: 1.141818
  Epoch 19/50, Loss: 0.839034
  Epoch 20/50, Loss: 0.857468
  Epoch 21/50, Loss: 1.213363
  Epoch 22/50, Loss: 1.002902
  Epoch 23/50, Loss: 1.092441
  Epoch 24/50, Loss: 0.875273
  Epoch 25/50, Loss: 0.767702
  Epoch 26/50, Loss: 1.116490
  Epoch 27/50, Loss: 0.787406
  Epoch 28/50, Loss: 0.812805
  Epoch 29/50, Loss: 0.813484
  Epoch 30/50, Loss: 0.921352
  Epoch 31/50, Loss: 0.959163
  Epoch 32/50, Loss: 0.711150
  Epoch 33/50, Loss: 0.739934
  Epoch 34/50, Loss: 0.897272
  Epoch 35/50, Loss: 231.420547
  Epoch 36/50, Loss: 0.964616
  Epoch 37/50, Loss: 1.019567
  Epoch 38/50, Loss: 0.998246
  Epoch 39/50, Loss: 1.062318
  Epoch 40/50, Loss: 0.768619
  Epoch 41/50, Loss: 0.896422
  Epoch 42/50, Loss: 1.027724
  Epoch 43/50, Loss: 0.832735
  Epoch 44/50, Loss: 0.897775
  Epoch 45/50, Loss: 0.904066
  Epoch 46/50, Loss: 1.033930
  Epoch 47/50, Loss: 0.786246
  Epoch 48/50, Loss: 0.931298
  Epoch 49/50, Loss: 0.861665
  Epoch 50/50, Loss: 0.818355
✅ Model saved to ./checkpoints/ae_cluster_2_model.pt
✅ Training complete.
Training cluster 2 (n=137615)
training started...
Cluster ID: 2, Cluster Size: 137615
  Epoch 1/40, Loss: 0.827341
  Epoch 2/40, Loss: 0.608455
  Epoch 3/40, Loss: 0.547454
  Epoch 4/40, Loss: 0.497921
  Epoch 5/40, Loss: 0.517805
  Epoch 6/40, Loss: 1.273283
  Epoch 7/40, Loss: 0.372382
  Epoch 8/40, Loss: 0.438527
  Epoch 9/40, Loss: 0.358366
  Epoch 10/40, Loss: 0.727411
  Epoch 11/40, Loss: 1.421923
  Epoch 12/40, Loss: 0.668818
  Epoch 13/40, Loss: 1.682915
  Epoch 14/40, Loss: 0.988646
  Epoch 15/40, Loss: 0.530383
  Epoch 16/40, Loss: 0.635042
  Epoch 17/40, Loss: 0.686015
  Epoch 18/40, Loss: 0.904365
  Epoch 19/40, Loss: 1349029.250000
  Epoch 20/40, Loss: 3.566642
  Epoch 21/40, Loss: 1.617991
  Epoch 22/40, Loss: 0.826657
  Epoch 23/40, Loss: 1.024765
  Epoch 24/40, Loss: 0.699346
  Epoch 25/40, Loss: 7.615241
  Epoch 26/40, Loss: 6.053553
  Epoch 27/40, Loss: 6.517271
  Epoch 28/40, Loss: 37.389587
  Epoch 29/40, Loss: 31.316462
  Epoch 30/40, Loss: 51.908672
  Epoch 31/40, Loss: 151.987137
  Epoch 32/40, Loss: 154.558487
  Epoch 33/40, Loss: 126.224442
  Epoch 34/40, Loss: 151.813507
  Epoch 35/40, Loss: 401.385254
  Epoch 36/40, Loss: 729.582642
  Epoch 37/40, Loss: 1023.168762
  Epoch 38/40, Loss: 953.745850
  Epoch 39/40, Loss: 994.046021
  Epoch 40/40, Loss: 998.275879
✅ Model saved to ./checkpoints/ae_cluster_2_model.pt
✅ Training complete.
Training cluster 2 (n=137615)
training started...
Cluster ID: 2, Cluster Size: 137615
  Epoch 1/90, Loss: 1.026981
  Epoch 2/90, Loss: 0.709626
  Epoch 3/90, Loss: 0.561656
  Epoch 4/90, Loss: 0.557174
  Epoch 5/90, Loss: 1.029793
  Epoch 6/90, Loss: 3.006922
  Epoch 7/90, Loss: 0.505864
  Epoch 8/90, Loss: 0.671159
  Epoch 9/90, Loss: 0.619415
  Epoch 10/90, Loss: 0.709226
  Epoch 11/90, Loss: 1.012468
  Epoch 12/90, Loss: 0.654478
  Epoch 13/90, Loss: 0.630409
  Epoch 14/90, Loss: 0.646086
  Epoch 15/90, Loss: 0.484803
  Epoch 16/90, Loss: 0.573084
  Epoch 17/90, Loss: 0.660493
  Epoch 18/90, Loss: 0.833860
  Epoch 19/90, Loss: 0.800727
  Epoch 20/90, Loss: 0.527650
  Epoch 21/90, Loss: 0.603513
  Epoch 22/90, Loss: 0.660899
  Epoch 23/90, Loss: 0.733443
  Epoch 24/90, Loss: 0.626267
  Epoch 25/90, Loss: 0.417359
  Epoch 26/90, Loss: 0.646739
  Epoch 27/90, Loss: 2.110336
  Epoch 28/90, Loss: 0.387126
  Epoch 29/90, Loss: 0.534546
  Epoch 30/90, Loss: 0.501391
  Epoch 31/90, Loss: 0.999712
  Epoch 32/90, Loss: 0.689425
  Epoch 33/90, Loss: 0.808585
  Epoch 34/90, Loss: 0.497089
  Epoch 35/90, Loss: 0.994093
  Epoch 36/90, Loss: 0.364282
  Epoch 37/90, Loss: 0.516354
  Epoch 38/90, Loss: 0.375947
  Epoch 39/90, Loss: 3.228967
  Epoch 40/90, Loss: 0.496079
  Epoch 41/90, Loss: 0.440641
  Epoch 42/90, Loss: 0.416139
  Epoch 43/90, Loss: 0.306275
  Epoch 44/90, Loss: 0.284399
  Epoch 45/90, Loss: 0.464033
  Epoch 46/90, Loss: 0.517255
  Epoch 47/90, Loss: 0.534412
  Epoch 48/90, Loss: 0.509917
  Epoch 49/90, Loss: 1.438445
  Epoch 50/90, Loss: 0.511557
  Epoch 51/90, Loss: 0.556347
  Epoch 52/90, Loss: 0.505665
  Epoch 53/90, Loss: 0.627264
  Epoch 54/90, Loss: 1.208548
  Epoch 55/90, Loss: 0.468895
  Epoch 56/90, Loss: 0.682287
  Epoch 57/90, Loss: 0.866397
  Epoch 58/90, Loss: 0.680187
  Epoch 59/90, Loss: 0.633870
  Epoch 60/90, Loss: 0.559976
  Epoch 61/90, Loss: 0.804409
  Epoch 62/90, Loss: 0.914976
  Epoch 63/90, Loss: 0.556551
  Epoch 64/90, Loss: 0.944646
  Epoch 65/90, Loss: 0.523484
  Epoch 66/90, Loss: 1.033406
  Epoch 67/90, Loss: 0.655479
  Epoch 68/90, Loss: 0.837241
  Epoch 69/90, Loss: 42.016117
  Epoch 70/90, Loss: 1.814438
  Epoch 71/90, Loss: 0.782759
  Epoch 72/90, Loss: 0.746170
  Epoch 73/90, Loss: 0.621203
  Epoch 74/90, Loss: 0.700291
  Epoch 75/90, Loss: 0.926818
  Epoch 76/90, Loss: 0.674077
  Epoch 77/90, Loss: 0.566623
  Epoch 78/90, Loss: 0.595843
  Epoch 79/90, Loss: 1.457448
  Epoch 80/90, Loss: 0.463762
  Epoch 81/90, Loss: 0.508299
  Epoch 82/90, Loss: 0.939666
  Epoch 83/90, Loss: 4.666069
  Epoch 84/90, Loss: 4.061574
  Epoch 85/90, Loss: 4.798007
  Epoch 86/90, Loss: 3.769261
  Epoch 87/90, Loss: 5.992528
  Epoch 88/90, Loss: 11.863767
  Epoch 89/90, Loss: 25.337452
  Epoch 90/90, Loss: 24.629715
✅ Model saved to ./checkpoints/ae_cluster_2_model.pt
✅ Training complete.
Training cluster 2 (n=137615)
training started...
Cluster ID: 2, Cluster Size: 137615
  Epoch 1/40, Loss: 1427.507935
  Epoch 2/40, Loss: 1818.526978
  Epoch 3/40, Loss: 684.354980
  Epoch 4/40, Loss: 362.212585
  Epoch 5/40, Loss: 209.000244
  Epoch 6/40, Loss: 137.201019
  Epoch 7/40, Loss: 102.129768
  Epoch 8/40, Loss: 83.098152
  Epoch 9/40, Loss: 70.074272
  Epoch 10/40, Loss: 78.680077
  Epoch 11/40, Loss: 6.073491
  Epoch 12/40, Loss: 61.205200
  Epoch 13/40, Loss: 24.203960
  Epoch 14/40, Loss: 1.172894
  Epoch 15/40, Loss: 1.088448
  Epoch 16/40, Loss: 0.812365
  Epoch 17/40, Loss: 0.838092
  Epoch 18/40, Loss: 1.197190
  Epoch 19/40, Loss: 0.902375
  Epoch 20/40, Loss: 0.917136
  Epoch 21/40, Loss: 1.267021
  Epoch 22/40, Loss: 1.060212
  Epoch 23/40, Loss: 1.147584
  Epoch 24/40, Loss: 0.928672
  Epoch 25/40, Loss: 0.825327
  Epoch 26/40, Loss: 1.177109
  Epoch 27/40, Loss: 0.848033
  Epoch 28/40, Loss: 0.868419
  Epoch 29/40, Loss: 0.871145
  Epoch 30/40, Loss: 0.978102
  Epoch 31/40, Loss: 1.012807
  Epoch 32/40, Loss: 0.770427
  Epoch 33/40, Loss: 1.177106
  Epoch 34/40, Loss: 1.333648
  Epoch 35/40, Loss: 1.172976
  Epoch 36/40, Loss: 1.245808
  Epoch 37/40, Loss: 1.322310
  Epoch 38/40, Loss: 1.307750
  Epoch 39/40, Loss: 1.387300
  Epoch 40/40, Loss: 1.092750
✅ Model saved to ./checkpoints/ae_cluster_2_model.pt
✅ Training complete.
Training cluster 2 (n=137615)
training started...
Cluster ID: 2, Cluster Size: 137615
  Epoch 1/40, Loss: 0.957116
  Epoch 2/40, Loss: 0.638149
  Epoch 3/40, Loss: 0.488122
  Epoch 4/40, Loss: 0.472300
  Epoch 5/40, Loss: 0.543075
  Epoch 6/40, Loss: 0.536569
  Epoch 7/40, Loss: 0.613137
  Epoch 8/40, Loss: 0.957598
  Epoch 9/40, Loss: 1.743242
  Epoch 10/40, Loss: 0.608751
  Epoch 11/40, Loss: 0.519702
  Epoch 12/40, Loss: 0.591347
  Epoch 13/40, Loss: 1.064153
  Epoch 14/40, Loss: 1.142033
  Epoch 15/40, Loss: 0.458115
  Epoch 16/40, Loss: 0.891244
  Epoch 17/40, Loss: 1.156131
  Epoch 18/40, Loss: 0.718477
  Epoch 19/40, Loss: 1.346792
  Epoch 20/40, Loss: 0.922487
  Epoch 21/40, Loss: 0.689443
  Epoch 22/40, Loss: 0.680396
  Epoch 23/40, Loss: 1.402301
  Epoch 24/40, Loss: 0.546781
  Epoch 25/40, Loss: 1.037676
  Epoch 26/40, Loss: 0.651961
  Epoch 27/40, Loss: 1.307708
  Epoch 28/40, Loss: 1.040622
  Epoch 29/40, Loss: 0.560608
  Epoch 30/40, Loss: 0.571745
  Epoch 31/40, Loss: 1.451795
  Epoch 32/40, Loss: 0.414184
  Epoch 33/40, Loss: 0.675050
  Epoch 34/40, Loss: 0.613606
  Epoch 35/40, Loss: 0.593737
  Epoch 36/40, Loss: 0.806024
  Epoch 37/40, Loss: 0.657191
  Epoch 38/40, Loss: 0.626528
  Epoch 39/40, Loss: 0.555219
  Epoch 40/40, Loss: 0.871649
✅ Model saved to ./checkpoints/ae_cluster_2_model.pt
✅ Training complete.
Training cluster 2 (n=137615)
training started...
Cluster ID: 2, Cluster Size: 137615
  Epoch 1/40, Loss: 0.701937
  Epoch 2/40, Loss: 0.784584
  Epoch 3/40, Loss: 0.672377
  Epoch 4/40, Loss: 0.648536
  Epoch 5/40, Loss: 1.038446
  Epoch 6/40, Loss: 1.087614
  Epoch 7/40, Loss: 0.725840
  Epoch 8/40, Loss: 0.805131
  Epoch 9/40, Loss: 0.581852
  Epoch 10/40, Loss: 1.116238
  Epoch 11/40, Loss: 0.620498
  Epoch 12/40, Loss: 0.546636
  Epoch 13/40, Loss: 0.941915
  Epoch 14/40, Loss: 0.794956
  Epoch 15/40, Loss: 0.926765
  Epoch 16/40, Loss: 1.943192
  Epoch 17/40, Loss: 1.342564
  Epoch 18/40, Loss: 0.877923
  Epoch 19/40, Loss: 0.929282
  Epoch 20/40, Loss: 0.941408
  Epoch 21/40, Loss: 6.678563
  Epoch 22/40, Loss: 1.234702
  Epoch 23/40, Loss: 0.976244
  Epoch 24/40, Loss: 0.827013
  Epoch 25/40, Loss: 1.016416
  Epoch 26/40, Loss: 0.863441
  Epoch 27/40, Loss: 0.773187
  Epoch 28/40, Loss: 1.057063
  Epoch 29/40, Loss: 0.788012
  Epoch 30/40, Loss: 0.733325
  Epoch 31/40, Loss: 1.195227
  Epoch 32/40, Loss: 1.211888
  Epoch 33/40, Loss: 0.567247
  Epoch 34/40, Loss: 0.681389
  Epoch 35/40, Loss: 0.712882
  Epoch 36/40, Loss: 0.935446
  Epoch 37/40, Loss: 0.599990
  Epoch 38/40, Loss: 0.755211
  Epoch 39/40, Loss: 0.632996
  Epoch 40/40, Loss: 0.638921
✅ Model saved to ./checkpoints/ae_cluster_2_model.pt
✅ Training complete.
Training cluster 2 (n=137615)
training started...
Cluster ID: 2, Cluster Size: 137615
  Epoch 1/50, Loss: 0.641548
  Epoch 2/50, Loss: 0.736265
  Epoch 3/50, Loss: 0.616681
  Epoch 4/50, Loss: 0.598734
  Epoch 5/50, Loss: 0.984119
  Epoch 6/50, Loss: 1.074813
  Epoch 7/50, Loss: 0.701961
  Epoch 8/50, Loss: 0.781409
  Epoch 9/50, Loss: 0.560886
  Epoch 10/50, Loss: 1.065431
  Epoch 11/50, Loss: 0.583584
  Epoch 12/50, Loss: 0.502474
  Epoch 13/50, Loss: 0.891604
  Epoch 14/50, Loss: 0.494682
  Epoch 15/50, Loss: 0.628799
  Epoch 16/50, Loss: 1.571369
  Epoch 17/50, Loss: 1.026258
  Epoch 18/50, Loss: 0.583449
  Epoch 19/50, Loss: 0.698328
  Epoch 20/50, Loss: 0.684390
  Epoch 21/50, Loss: 6.329538
  Epoch 22/50, Loss: 1.076186
  Epoch 23/50, Loss: 0.862075
  Epoch 24/50, Loss: 0.654026
  Epoch 25/50, Loss: 0.870772
  Epoch 26/50, Loss: 0.679504
  Epoch 27/50, Loss: 0.674923
  Epoch 28/50, Loss: 0.954926
  Epoch 29/50, Loss: 0.680350
  Epoch 30/50, Loss: 0.659050
  Epoch 31/50, Loss: 1.166767
  Epoch 32/50, Loss: 1.163084
  Epoch 33/50, Loss: 0.509062
  Epoch 34/50, Loss: 0.555656
  Epoch 35/50, Loss: 3.187523
  Epoch 36/50, Loss: 2.999961
  Epoch 37/50, Loss: 7.481469
  Epoch 38/50, Loss: 7.947945
  Epoch 39/50, Loss: 7.776987
  Epoch 40/50, Loss: 0.600073
  Epoch 41/50, Loss: 0.674342
  Epoch 42/50, Loss: 0.591262
  Epoch 43/50, Loss: 1.206665
  Epoch 44/50, Loss: 1.390310
  Epoch 45/50, Loss: 8.144890
  Epoch 46/50, Loss: 0.513363
  Epoch 47/50, Loss: 0.781325
  Epoch 48/50, Loss: 0.661960
  Epoch 49/50, Loss: 4.745740
  Epoch 50/50, Loss: 0.804844
✅ Model saved to ./checkpoints/ae_cluster_2_model.pt
✅ Training complete.
Training cluster 2 (n=137615)
training started...
Cluster ID: 2, Cluster Size: 137615
  Epoch 1/100, Loss: 0.456996
  Epoch 2/100, Loss: 0.504984
  Epoch 3/100, Loss: 0.541257
  Epoch 4/100, Loss: 0.639284
  Epoch 5/100, Loss: 0.542771
  Epoch 6/100, Loss: 0.670335
  Epoch 7/100, Loss: 0.670368
  Epoch 8/100, Loss: 0.453766
  Epoch 9/100, Loss: 0.680342
  Epoch 10/100, Loss: 0.495960
  Epoch 11/100, Loss: 1.110266
  Epoch 12/100, Loss: 0.676167
  Epoch 13/100, Loss: 0.636150
  Epoch 14/100, Loss: 1.181221
  Epoch 15/100, Loss: 0.695941
  Epoch 16/100, Loss: 0.729389
  Epoch 17/100, Loss: 0.713205
  Epoch 18/100, Loss: 0.753856
  Epoch 19/100, Loss: 0.599869
  Epoch 20/100, Loss: 0.605413
  Epoch 21/100, Loss: 0.854750
  Epoch 22/100, Loss: 0.552744
  Epoch 23/100, Loss: 0.890438
  Epoch 24/100, Loss: 0.966097
  Epoch 25/100, Loss: 0.643421
  Epoch 26/100, Loss: 0.598179
  Epoch 27/100, Loss: 0.791920
  Epoch 28/100, Loss: 0.709384
  Epoch 29/100, Loss: 0.867851
  Epoch 30/100, Loss: 0.717204
  Epoch 31/100, Loss: 0.858661
  Epoch 32/100, Loss: 0.608078
  Epoch 33/100, Loss: 1.213773
  Epoch 34/100, Loss: 0.854397
  Epoch 35/100, Loss: 0.563078
  Epoch 36/100, Loss: 0.687895
  Epoch 37/100, Loss: 0.470096
  Epoch 38/100, Loss: 0.478097
  Epoch 39/100, Loss: 4.164284
  Epoch 40/100, Loss: 0.599027
  Epoch 41/100, Loss: 0.627438
  Epoch 42/100, Loss: 0.626932
  Epoch 43/100, Loss: 0.829059
  Epoch 44/100, Loss: 0.879607
  Epoch 45/100, Loss: 0.801441
  Epoch 46/100, Loss: 0.581760
  Epoch 47/100, Loss: 0.601911
  Epoch 48/100, Loss: 0.685832
  Epoch 49/100, Loss: 1.330225
  Epoch 50/100, Loss: 0.771140
  Epoch 51/100, Loss: 0.943222
  Epoch 52/100, Loss: 0.671235
  Epoch 53/100, Loss: 0.946016
  Epoch 54/100, Loss: 0.672846
  Epoch 55/100, Loss: 0.697992
  Epoch 56/100, Loss: 0.786099
  Epoch 57/100, Loss: 0.509519
  Epoch 58/100, Loss: 0.739588
  Epoch 59/100, Loss: 0.564486
  Epoch 60/100, Loss: 0.613468
  Epoch 61/100, Loss: 19.704298
  Epoch 62/100, Loss: 0.874240
  Epoch 63/100, Loss: 0.513881
  Epoch 64/100, Loss: 0.688809
  Epoch 65/100, Loss: 1.433733
  Epoch 66/100, Loss: 1.503695
  Epoch 67/100, Loss: 0.639091
  Epoch 68/100, Loss: 0.619473
  Epoch 69/100, Loss: 1.087637
  Epoch 70/100, Loss: 0.570225
  Epoch 71/100, Loss: 16.574169
  Epoch 72/100, Loss: 1.551582
  Epoch 73/100, Loss: 1.373666
  Epoch 74/100, Loss: 0.886941
  Epoch 75/100, Loss: 0.480021
  Epoch 76/100, Loss: 0.772373
  Epoch 77/100, Loss: 0.898464
  Epoch 78/100, Loss: 0.619254
  Epoch 79/100, Loss: 0.660637
  Epoch 80/100, Loss: 0.629560
  Epoch 81/100, Loss: 0.471961
  Epoch 82/100, Loss: 0.556818
  Epoch 83/100, Loss: 1.095643
  Epoch 84/100, Loss: 0.949461
  Epoch 85/100, Loss: 0.694947
  Epoch 86/100, Loss: 0.650612
  Epoch 87/100, Loss: 0.635470
  Epoch 88/100, Loss: 1.113672
  Epoch 89/100, Loss: 0.503045
  Epoch 90/100, Loss: 0.859243
  Epoch 91/100, Loss: 0.683980
  Epoch 92/100, Loss: 0.946143
  Epoch 93/100, Loss: 0.582141
  Epoch 94/100, Loss: 0.675633
  Epoch 95/100, Loss: 0.475278
  Epoch 96/100, Loss: 0.981641
  Epoch 97/100, Loss: 0.785728
  Epoch 98/100, Loss: 0.496198
  Epoch 99/100, Loss: 0.682433
  Epoch 100/100, Loss: 0.622137
✅ Model saved to ./checkpoints/ae_cluster_2_model.pt
✅ Training complete.
Training cluster 2 (n=137615)
training started...
Cluster ID: 2, Cluster Size: 137615
  Epoch 1/50, Loss: 0.660772
  Epoch 2/50, Loss: 0.769944
  Epoch 3/50, Loss: 0.655030
  Epoch 4/50, Loss: 0.632418
  Epoch 5/50, Loss: 1.008941
  Epoch 6/50, Loss: 1.054043
  Epoch 7/50, Loss: 0.685248
  Epoch 8/50, Loss: 0.768669
  Epoch 9/50, Loss: 0.626927
  Epoch 10/50, Loss: 1.147039
  Epoch 11/50, Loss: 0.609942
  Epoch 12/50, Loss: 0.512884
  Epoch 13/50, Loss: 0.890803
  Epoch 14/50, Loss: 0.501274
  Epoch 15/50, Loss: 0.634125
  Epoch 16/50, Loss: 1.575521
  Epoch 17/50, Loss: 1.028005
  Epoch 18/50, Loss: 0.583770
  Epoch 19/50, Loss: 0.698548
  Epoch 20/50, Loss: 0.684452
  Epoch 21/50, Loss: 6.329201
  Epoch 22/50, Loss: 1.076609
  Epoch 23/50, Loss: 0.862244
  Epoch 24/50, Loss: 0.654003
  Epoch 25/50, Loss: 0.870899
  Epoch 26/50, Loss: 0.679210
  Epoch 27/50, Loss: 0.675028
  Epoch 28/50, Loss: 0.954221
  Epoch 29/50, Loss: 0.680260
  Epoch 30/50, Loss: 0.658249
  Epoch 31/50, Loss: 1.167221
  Epoch 32/50, Loss: 1.160886
  Epoch 33/50, Loss: 0.509407
  Epoch 34/50, Loss: 0.555966
  Epoch 35/50, Loss: 0.560149
  Epoch 36/50, Loss: 1.773401
  Epoch 37/50, Loss: 1.702208
  Epoch 38/50, Loss: 1.747452
  Epoch 39/50, Loss: 1.578318
  Epoch 40/50, Loss: 5.862478
  Epoch 41/50, Loss: 6.005682
  Epoch 42/50, Loss: 6.165733
  Epoch 43/50, Loss: 6.054489
  Epoch 44/50, Loss: 28.076504
  Epoch 45/50, Loss: 27.111990
  Epoch 46/50, Loss: 27.606823
  Epoch 47/50, Loss: 27.542139
  Epoch 48/50, Loss: 27.855822
  Epoch 49/50, Loss: 29.797813
  Epoch 50/50, Loss: 27.112225
✅ Model saved to ./checkpoints/ae_cluster_2_model.pt
✅ Training complete.
Training cluster 2 (n=137615)
training started...
Cluster ID: 2, Cluster Size: 137615
  Epoch 1/100, Loss: 2.392817
  Epoch 2/100, Loss: 0.587388
  Epoch 3/100, Loss: 0.455511
  Epoch 4/100, Loss: 0.539241
  Epoch 5/100, Loss: 0.673943
  Epoch 6/100, Loss: 0.726979
  Epoch 7/100, Loss: 0.445987
  Epoch 8/100, Loss: 0.673607
  Epoch 9/100, Loss: 0.598787
  Epoch 10/100, Loss: 1.094970
  Epoch 11/100, Loss: 0.593723
  Epoch 12/100, Loss: 0.582483
  Epoch 13/100, Loss: 0.884171
  Epoch 14/100, Loss: 0.648696
  Epoch 15/100, Loss: 0.718822
  Epoch 16/100, Loss: 0.484854
  Epoch 17/100, Loss: 0.678983
  Epoch 18/100, Loss: 0.621051
  Epoch 19/100, Loss: 0.764456
  Epoch 20/100, Loss: 0.669989
  Epoch 21/100, Loss: 0.639499
  Epoch 22/100, Loss: 0.615839
  Epoch 23/100, Loss: 0.415984
  Epoch 24/100, Loss: 0.779138
  Epoch 25/100, Loss: 1.047538
  Epoch 26/100, Loss: 0.831726
  Epoch 27/100, Loss: 0.748214
  Epoch 28/100, Loss: 0.596189
  Epoch 29/100, Loss: 0.946291
  Epoch 30/100, Loss: 0.629863
  Epoch 31/100, Loss: 0.819269
  Epoch 32/100, Loss: 0.587557
  Epoch 33/100, Loss: 0.509812
  Epoch 34/100, Loss: 0.695371
  Epoch 35/100, Loss: 0.413891
  Epoch 36/100, Loss: 0.707568
  Epoch 37/100, Loss: 0.875751
  Epoch 38/100, Loss: 0.637798
  Epoch 39/100, Loss: 0.742696
  Epoch 40/100, Loss: 1.108831
  Epoch 41/100, Loss: 0.594653
  Epoch 42/100, Loss: 0.777237
  Epoch 43/100, Loss: 0.630122
  Epoch 44/100, Loss: 1.791611
  Epoch 45/100, Loss: 0.566769
  Epoch 46/100, Loss: 1.419018
  Epoch 47/100, Loss: 0.727531
  Epoch 48/100, Loss: 0.784133
  Epoch 49/100, Loss: 0.645016
  Epoch 50/100, Loss: 0.757181
  Epoch 51/100, Loss: 0.487955
  Epoch 52/100, Loss: 0.720174
  Epoch 53/100, Loss: 0.458149
  Epoch 54/100, Loss: 0.589336
  Epoch 55/100, Loss: 0.755896
  Epoch 56/100, Loss: 0.652735
  Epoch 57/100, Loss: 0.964972
  Epoch 58/100, Loss: 0.609328
  Epoch 59/100, Loss: 0.910314
  Epoch 60/100, Loss: 0.817426
  Epoch 61/100, Loss: 1.162601
  Epoch 62/100, Loss: 0.485108
  Epoch 63/100, Loss: 0.542911
  Epoch 64/100, Loss: 0.566114
  Epoch 65/100, Loss: 1.059912
  Epoch 66/100, Loss: 0.548564
  Epoch 67/100, Loss: 0.437563
  Epoch 68/100, Loss: 0.886144
  Epoch 69/100, Loss: 0.583257
  Epoch 70/100, Loss: 0.524418
  Epoch 71/100, Loss: 0.766965
  Epoch 72/100, Loss: 0.705655
  Epoch 73/100, Loss: 0.552488
  Epoch 74/100, Loss: 0.933794
  Epoch 75/100, Loss: 0.769928
  Epoch 76/100, Loss: 0.664858
  Epoch 77/100, Loss: 0.727252
  Epoch 78/100, Loss: 0.585785
  Epoch 79/100, Loss: 0.794558
  Epoch 80/100, Loss: 1.427124
  Epoch 81/100, Loss: 0.721725
  Epoch 82/100, Loss: 0.656916
  Epoch 83/100, Loss: 1.688395
  Epoch 84/100, Loss: 0.830252
  Epoch 85/100, Loss: 0.664520
  Epoch 86/100, Loss: 0.535510
  Epoch 87/100, Loss: 0.457336
  Epoch 88/100, Loss: 0.514447
  Epoch 89/100, Loss: 0.570683
  Epoch 90/100, Loss: 0.603479
  Epoch 91/100, Loss: 0.395239
  Epoch 92/100, Loss: 4.835682
  Epoch 93/100, Loss: 0.674841
  Epoch 94/100, Loss: 0.658728
  Epoch 95/100, Loss: 0.826825
  Epoch 96/100, Loss: 1.089568
  Epoch 97/100, Loss: 0.641198
  Epoch 98/100, Loss: 0.677799
  Epoch 99/100, Loss: 1.551132
  Epoch 100/100, Loss: 0.555206
✅ Model saved to ./checkpoints/ae_cluster_2_model.pt
✅ Training complete.
Training cluster 2 (n=137615)
training started...
Cluster ID: 2, Cluster Size: 137615
  Epoch 1/50, Loss: 0.719460
  Epoch 2/50, Loss: 0.856888
  Epoch 3/50, Loss: 1.292617
  Epoch 4/50, Loss: 0.684300
  Epoch 5/50, Loss: 0.783635
  Epoch 6/50, Loss: 0.873330
  Epoch 7/50, Loss: 0.730718
  Epoch 8/50, Loss: 0.902276
  Epoch 9/50, Loss: 0.886616
  Epoch 10/50, Loss: 0.848360
  Epoch 11/50, Loss: 0.776233
  Epoch 12/50, Loss: 0.783450
  Epoch 13/50, Loss: 0.760194
  Epoch 14/50, Loss: 0.658059
  Epoch 15/50, Loss: 1.082519
  Epoch 16/50, Loss: 0.878900
  Epoch 17/50, Loss: 0.772396
  Epoch 18/50, Loss: 0.778328
  Epoch 19/50, Loss: 0.921561
  Epoch 20/50, Loss: 1.042188
  Epoch 21/50, Loss: 1.573538
  Epoch 22/50, Loss: 1.432568
  Epoch 23/50, Loss: 0.917076
  Epoch 24/50, Loss: 0.861253
  Epoch 25/50, Loss: 0.976784
  Epoch 26/50, Loss: 0.775089
  Epoch 27/50, Loss: 0.800796
  Epoch 28/50, Loss: 0.823770
  Epoch 29/50, Loss: 0.812186
  Epoch 30/50, Loss: 0.794287
  Epoch 31/50, Loss: 0.835265
  Epoch 32/50, Loss: 0.880523
  Epoch 33/50, Loss: 1.405555
  Epoch 34/50, Loss: 1.255032
  Epoch 35/50, Loss: 0.883478
  Epoch 36/50, Loss: 2.039126
  Epoch 37/50, Loss: 1.027402
  Epoch 38/50, Loss: 1.236623
  Epoch 39/50, Loss: 0.881395
  Epoch 40/50, Loss: 0.776053
  Epoch 41/50, Loss: 1.019504
  Epoch 42/50, Loss: 0.873404
  Epoch 43/50, Loss: 0.840496
  Epoch 44/50, Loss: 0.856487
  Epoch 45/50, Loss: 0.712260
  Epoch 46/50, Loss: 0.958888
  Epoch 47/50, Loss: 0.772381
  Epoch 48/50, Loss: 0.799906
  Epoch 49/50, Loss: 0.946110
  Epoch 50/50, Loss: 0.796711
✅ Model saved to ./checkpoints/ae_cluster_2_model.pt
✅ Training complete.
Training cluster 2 (n=137615)
training started...
Cluster ID: 2, Cluster Size: 137615
  Epoch 1/40, Loss: 0.790049
  Epoch 2/40, Loss: 0.638402
  Epoch 3/40, Loss: 0.518949
  Epoch 4/40, Loss: 0.693773
  Epoch 5/40, Loss: 1.063689
  Epoch 6/40, Loss: 0.606189
  Epoch 7/40, Loss: 0.799674
  Epoch 8/40, Loss: 0.578984
  Epoch 9/40, Loss: 0.477707
  Epoch 10/40, Loss: 1.752514
  Epoch 11/40, Loss: 0.619649
  Epoch 12/40, Loss: 0.486613
  Epoch 13/40, Loss: 1.324678
  Epoch 14/40, Loss: 0.953928
  Epoch 15/40, Loss: 0.718289
  Epoch 16/40, Loss: 0.578329
  Epoch 17/40, Loss: 0.685605
  Epoch 18/40, Loss: 1.026524
  Epoch 19/40, Loss: 0.736359
  Epoch 20/40, Loss: 0.715940
  Epoch 21/40, Loss: 0.503545
  Epoch 22/40, Loss: 1.271407
  Epoch 23/40, Loss: 1.722946
  Epoch 24/40, Loss: 0.864380
  Epoch 25/40, Loss: 4.914627
  Epoch 26/40, Loss: 0.572252
  Epoch 27/40, Loss: 0.649223
  Epoch 28/40, Loss: 0.473931
  Epoch 29/40, Loss: 0.535106
  Epoch 30/40, Loss: 1.004059
  Epoch 31/40, Loss: 0.739658
  Epoch 32/40, Loss: 1.122931
  Epoch 33/40, Loss: 1.156964
  Epoch 34/40, Loss: 0.852881
  Epoch 35/40, Loss: 0.740035
  Epoch 36/40, Loss: 0.511192
  Epoch 37/40, Loss: 3.265226
  Epoch 38/40, Loss: 0.583114
  Epoch 39/40, Loss: 0.719296
  Epoch 40/40, Loss: 0.490599
✅ Model saved to ./checkpoints/ae_cluster_2_model.pt
✅ Training complete.
