Model name:                              Intel(R) Xeon(R) Gold 6126 CPU @ 2.60GHz
GPU Model(s):
Tesla V100-PCIE-32GB
Starting wandb agent for cluster 1
Training cluster 1 (n=19755)
training started...
Cluster ID: 1, Cluster Size: 19755
  Epoch 1/20, Loss: 0.874600
  Epoch 2/20, Loss: 1.275054
  Epoch 3/20, Loss: 0.805791
  Epoch 4/20, Loss: 0.672465
  Epoch 5/20, Loss: 0.714725
  Epoch 6/20, Loss: 0.773821
  Epoch 7/20, Loss: 0.738847
  Epoch 8/20, Loss: 0.825876
  Epoch 9/20, Loss: 0.912532
  Epoch 10/20, Loss: 0.742118
  Epoch 11/20, Loss: 0.683237
  Epoch 12/20, Loss: 0.807455
  Epoch 13/20, Loss: 1.107853
  Epoch 14/20, Loss: 0.786008
  Epoch 15/20, Loss: 1.729490
  Epoch 16/20, Loss: 1.126370
  Epoch 17/20, Loss: 0.814656
  Epoch 18/20, Loss: 0.762785
  Epoch 19/20, Loss: 0.748471
  Epoch 20/20, Loss: 0.785072
✅ Model saved to ./checkpoints/ae_cluster_1_model.pt
✅ Training complete.
Training cluster 1 (n=19755)
training started...
Cluster ID: 1, Cluster Size: 19755
  Epoch 1/90, Loss: 46.128284
  Epoch 2/90, Loss: 1.124596
  Epoch 3/90, Loss: 10.090986
  Epoch 4/90, Loss: 2.383512
  Epoch 5/90, Loss: 1.285806
  Epoch 6/90, Loss: 1.119384
  Epoch 7/90, Loss: 0.955776
  Epoch 8/90, Loss: 1.015029
  Epoch 9/90, Loss: 0.812501
  Epoch 10/90, Loss: 0.793107
  Epoch 11/90, Loss: 0.813136
  Epoch 12/90, Loss: 0.934814
  Epoch 13/90, Loss: 1.063882
  Epoch 14/90, Loss: 0.748034
  Epoch 15/90, Loss: 1.002825
  Epoch 16/90, Loss: 0.859737
  Epoch 17/90, Loss: 0.880512
  Epoch 18/90, Loss: 0.930890
  Epoch 19/90, Loss: 0.736271
  Epoch 20/90, Loss: 0.819572
  Epoch 21/90, Loss: 0.897731
  Epoch 22/90, Loss: 0.993297
  Epoch 23/90, Loss: 0.827349
  Epoch 24/90, Loss: 0.884347
  Epoch 25/90, Loss: 0.763541
  Epoch 26/90, Loss: 0.860343
  Epoch 27/90, Loss: 0.745425
  Epoch 28/90, Loss: 0.783776
  Epoch 29/90, Loss: 0.926080
  Epoch 30/90, Loss: 0.737232
  Epoch 31/90, Loss: 0.912723
  Epoch 32/90, Loss: 1.072375
  Epoch 33/90, Loss: 0.937288
  Epoch 34/90, Loss: 1.081372
  Epoch 35/90, Loss: 1.084043
  Epoch 36/90, Loss: 0.903492
  Epoch 37/90, Loss: 0.773508
  Epoch 38/90, Loss: 0.886830
  Epoch 39/90, Loss: 1.226693
  Epoch 40/90, Loss: 0.769670
  Epoch 41/90, Loss: 0.972745
  Epoch 42/90, Loss: 0.950847
  Epoch 43/90, Loss: 0.895163
  Epoch 44/90, Loss: 0.927785
  Epoch 45/90, Loss: 0.842241
  Epoch 46/90, Loss: 1.080759
  Epoch 47/90, Loss: 0.817669
  Epoch 48/90, Loss: 0.906608
  Epoch 49/90, Loss: 1.078686
  Epoch 50/90, Loss: 0.769217
  Epoch 51/90, Loss: 0.855748
  Epoch 52/90, Loss: 0.914857
  Epoch 53/90, Loss: 0.932050
  Epoch 54/90, Loss: 0.766128
  Epoch 55/90, Loss: 0.824158
  Epoch 56/90, Loss: 1.125895
  Epoch 57/90, Loss: 0.920182
  Epoch 58/90, Loss: 0.883242
  Epoch 59/90, Loss: 0.886449
  Epoch 60/90, Loss: 0.906913
  Epoch 61/90, Loss: 1.065281
  Epoch 62/90, Loss: 0.873676
  Epoch 63/90, Loss: 0.877237
  Epoch 64/90, Loss: 0.873064
  Epoch 65/90, Loss: 0.867573
  Epoch 66/90, Loss: 0.749857
  Epoch 67/90, Loss: 1.175192
  Epoch 68/90, Loss: 0.853640
  Epoch 69/90, Loss: 0.904664
  Epoch 70/90, Loss: 0.999543
  Epoch 71/90, Loss: 0.824752
  Epoch 72/90, Loss: 1.091453
  Epoch 73/90, Loss: 1.078611
  Epoch 74/90, Loss: 0.976236
  Epoch 75/90, Loss: 0.792185
  Epoch 76/90, Loss: 0.805421
  Epoch 77/90, Loss: 0.850175
  Epoch 78/90, Loss: 0.716460
  Epoch 79/90, Loss: 0.756248
  Epoch 80/90, Loss: 0.847196
  Epoch 81/90, Loss: 0.768629
  Epoch 82/90, Loss: 0.929996
  Epoch 83/90, Loss: 0.783710
  Epoch 84/90, Loss: 0.830617
  Epoch 85/90, Loss: 0.956142
  Epoch 86/90, Loss: 0.806697
  Epoch 87/90, Loss: 0.795898
  Epoch 88/90, Loss: 0.734333
  Epoch 89/90, Loss: 0.963935
  Epoch 90/90, Loss: 0.858391
✅ Model saved to ./checkpoints/ae_cluster_1_model.pt
✅ Training complete.
Training cluster 1 (n=19755)
training started...
Cluster ID: 1, Cluster Size: 19755
  Epoch 1/70, Loss: 315511011790389592391988063240192.000000
  Epoch 2/70, Loss: 308777488403267246229542615908352.000000
  Epoch 3/70, Loss: 313770216638583867882611555696640.000000
  Epoch 4/70, Loss: 309441701262783194249226381950976.000000
  Epoch 5/70, Loss: 314213592600779172361693395156992.000000
  Epoch 6/70, Loss: 316957235241284737898138965114880.000000
  Epoch 7/70, Loss: 308373049523870089726919712964608.000000
  Epoch 8/70, Loss: 318418700828913584648924562456576.000000
  Epoch 9/70, Loss: 312627385211379209714144915750912.000000
  Epoch 10/70, Loss: 316482833406854843575917466353664.000000
  Epoch 11/70, Loss: 320270891241441879548975195881472.000000
  Epoch 12/70, Loss: 324651903012033498839642810613760.000000
  Epoch 13/70, Loss: 321117777628004876495473763942400.000000
  Epoch 14/70, Loss: 317243934417257986436178884165632.000000
  Epoch 15/70, Loss: 307749940142221039099175956905984.000000
  Epoch 16/70, Loss: 313715940704986449491183947218944.000000
  Epoch 17/70, Loss: 339266017289554778993628515663872.000000
  Epoch 18/70, Loss: 318257671909740916042853699813376.000000
  Epoch 19/70, Loss: 326541889281386225506211457925120.000000
  Epoch 20/70, Loss: 319105757550716970701493576400896.000000
  Epoch 21/70, Loss: 333511182217553095108824802525184.000000
  Epoch 22/70, Loss: 318032328136964749164688468606976.000000
  Epoch 23/70, Loss: 344343699160067359868062407852032.000000
  Epoch 24/70, Loss: 308303821595735677601859338502144.000000
  Epoch 25/70, Loss: 338777301773420647461978495778816.000000
  Epoch 26/70, Loss: 320476118488579658997673316319232.000000
  Epoch 27/70, Loss: 312337765270625772232018906578944.000000
  Epoch 28/70, Loss: 312820716628451981211763927416832.000000
  Epoch 29/70, Loss: 309935542624392491808577156022272.000000
  Epoch 30/70, Loss: 313560792001000386441418855415808.000000
  Epoch 31/70, Loss: 326076153027231328845914253033472.000000
  Epoch 32/70, Loss: 305323616350847921428507264024576.000000
  Epoch 33/70, Loss: 315325901068890200372757053571072.000000
  Epoch 34/70, Loss: 305842893511701910785693856038912.000000
  Epoch 35/70, Loss: 321981453576350681411950651375616.000000
  Epoch 36/70, Loss: 338714476316426914413027365224448.000000
  Epoch 37/70, Loss: 314136762947091023448382468259840.000000
  Epoch 38/70, Loss: 322717041416256677138109070049280.000000
  Epoch 39/70, Loss: 313023854851773466581248155582464.000000
  Epoch 40/70, Loss: 321869439345608468331139075932160.000000
  Epoch 41/70, Loss: 305688325092109262757932623200256.000000
  Epoch 42/70, Loss: 335881682650279687662722263023616.000000
  Epoch 43/70, Loss: 309547003537374906908859988705280.000000
  Epoch 44/70, Loss: 305310850094192790944422366806016.000000
  Epoch 45/70, Loss: 305275530117446929938454151168000.000000
  Epoch 46/70, Loss: 307436605912590041051158911385600.000000
  Epoch 47/70, Loss: 335065106451866068698891928207360.000000
  Epoch 48/70, Loss: 322560790171923125546536646213632.000000
  Epoch 49/70, Loss: 317488621003147987381139414188032.000000
  Epoch 50/70, Loss: 306283600165687506163557944262656.000000
  Epoch 51/70, Loss: 319502614047373504249932722208768.000000
  Epoch 52/70, Loss: 315055759340942393795893910306816.000000
  Epoch 53/70, Loss: 327520016654926586595916128452608.000000
  Epoch 54/70, Loss: 300785270138388375838526688722944.000000
  Epoch 55/70, Loss: 320813399120845583620382941773824.000000
  Epoch 56/70, Loss: 309779465465376964723605889875968.000000
  Epoch 57/70, Loss: 311405132193529148867416778866688.000000
  Epoch 58/70, Loss: 310122974483465543915823601549312.000000
  Epoch 59/70, Loss: 313597930202178947849665829142528.000000
  Epoch 60/70, Loss: 322826405681602294951769689554944.000000
  Epoch 61/70, Loss: 330246540905826408983247858958336.000000
  Epoch 62/70, Loss: 315945412687300077864076884049920.000000
  Epoch 63/70, Loss: 319959684721253403248305633230848.000000
  Epoch 64/70, Loss: 316985514434057163303793691983872.000000
  Epoch 65/70, Loss: 312187548983983736869286615973888.000000
  Epoch 66/70, Loss: 336481077743051177724574982733824.000000
  Epoch 67/70, Loss: 315846725654793296455287269490688.000000
  Epoch 68/70, Loss: 311543220536348810270268417114112.000000
  Epoch 69/70, Loss: 313265659358509506250256186081280.000000
  Epoch 70/70, Loss: 339539602038236848034381222117376.000000
✅ Model saved to ./checkpoints/ae_cluster_1_model.pt
✅ Training complete.
Training cluster 1 (n=19755)
training started...
Cluster ID: 1, Cluster Size: 19755
  Epoch 1/90, Loss: 2.970943
  Epoch 2/90, Loss: 56.639553
  Epoch 3/90, Loss: 16.003729
  Epoch 4/90, Loss: 101.712494
  Epoch 5/90, Loss: 26206.814453
  Epoch 6/90, Loss: 16.613878
  Epoch 7/90, Loss: 51.599213
  Epoch 8/90, Loss: 586.506409
  Epoch 9/90, Loss: 36.182159
  Epoch 10/90, Loss: 23.042343
  Epoch 11/90, Loss: 16.455256
  Epoch 12/90, Loss: 8.656686
  Epoch 13/90, Loss: 4.254765
  Epoch 14/90, Loss: 2.008633
  Epoch 15/90, Loss: 1.063890
  Epoch 16/90, Loss: 1.033284
  Epoch 17/90, Loss: 0.968444
  Epoch 18/90, Loss: 0.859749
  Epoch 19/90, Loss: 0.762453
  Epoch 20/90, Loss: 0.795437
  Epoch 21/90, Loss: 0.854265
  Epoch 22/90, Loss: 0.999251
  Epoch 23/90, Loss: 0.933536
  Epoch 24/90, Loss: 0.769277
  Epoch 25/90, Loss: 1.112340
  Epoch 26/90, Loss: 1.130911
  Epoch 27/90, Loss: 1.034247
  Epoch 28/90, Loss: 0.849340
  Epoch 29/90, Loss: 0.798822
  Epoch 30/90, Loss: 0.882662
  Epoch 31/90, Loss: 0.715956
  Epoch 32/90, Loss: 1.124475
  Epoch 33/90, Loss: 0.802865
  Epoch 34/90, Loss: 0.856727
  Epoch 35/90, Loss: 1.056215
  Epoch 36/90, Loss: 0.849128
  Epoch 37/90, Loss: 0.772098
  Epoch 38/90, Loss: 0.980892
  Epoch 39/90, Loss: 0.763104
  Epoch 40/90, Loss: 0.928511
  Epoch 41/90, Loss: 1.295689
  Epoch 42/90, Loss: 0.766339
  Epoch 43/90, Loss: 0.853074
  Epoch 44/90, Loss: 0.820976
  Epoch 45/90, Loss: 0.814062
  Epoch 46/90, Loss: 0.978975
  Epoch 47/90, Loss: 0.809786
  Epoch 48/90, Loss: 1.086698
  Epoch 49/90, Loss: 0.841574
  Epoch 50/90, Loss: 0.930801
  Epoch 51/90, Loss: 0.795595
  Epoch 52/90, Loss: 0.857915
  Epoch 53/90, Loss: 1.340883
  Epoch 54/90, Loss: 0.907992
  Epoch 55/90, Loss: 0.863871
  Epoch 56/90, Loss: 1.098683
  Epoch 57/90, Loss: 1.070469
  Epoch 58/90, Loss: 0.779428
  Epoch 59/90, Loss: 0.838649
  Epoch 60/90, Loss: 1.023531
  Epoch 61/90, Loss: 0.840328
  Epoch 62/90, Loss: 0.976322
  Epoch 63/90, Loss: 1.215577
  Epoch 64/90, Loss: 0.923345
  Epoch 65/90, Loss: 0.838522
  Epoch 66/90, Loss: 0.907488
  Epoch 67/90, Loss: 1.010740
  Epoch 68/90, Loss: 0.956880
  Epoch 69/90, Loss: 1.044671
  Epoch 70/90, Loss: 0.930338
  Epoch 71/90, Loss: 0.911295
  Epoch 72/90, Loss: 0.770832
  Epoch 73/90, Loss: 0.776135
  Epoch 74/90, Loss: 0.750673
  Epoch 75/90, Loss: 0.894039
  Epoch 76/90, Loss: 1.350915
  Epoch 77/90, Loss: 1.041177
  Epoch 78/90, Loss: 0.842146
  Epoch 79/90, Loss: 0.784354
  Epoch 80/90, Loss: 0.789017
  Epoch 81/90, Loss: 1.016409
  Epoch 82/90, Loss: 1.030076
  Epoch 83/90, Loss: 0.791359
  Epoch 84/90, Loss: 0.953841
  Epoch 85/90, Loss: 0.927040
  Epoch 86/90, Loss: 0.953237
  Epoch 87/90, Loss: 1.222420
  Epoch 88/90, Loss: 0.680933
  Epoch 89/90, Loss: 1.017220
  Epoch 90/90, Loss: 0.957762
✅ Model saved to ./checkpoints/ae_cluster_1_model.pt
✅ Training complete.
Training cluster 1 (n=19755)
training started...
Cluster ID: 1, Cluster Size: 19755
  Epoch 1/50, Loss: 1.194988
  Epoch 2/50, Loss: 0.779350
  Epoch 3/50, Loss: 0.893005
  Epoch 4/50, Loss: 0.817342
  Epoch 5/50, Loss: 0.923859
  Epoch 6/50, Loss: 0.791479
  Epoch 7/50, Loss: 1.006900
  Epoch 8/50, Loss: 0.806064
  Epoch 9/50, Loss: 0.806149
  Epoch 10/50, Loss: 0.762923
  Epoch 11/50, Loss: 0.836949
  Epoch 12/50, Loss: 0.804320
  Epoch 13/50, Loss: 0.757410
  Epoch 14/50, Loss: 0.730575
  Epoch 15/50, Loss: 0.738393
  Epoch 16/50, Loss: 0.726856
  Epoch 17/50, Loss: 0.754837
  Epoch 18/50, Loss: 0.771549
  Epoch 19/50, Loss: 0.764891
  Epoch 20/50, Loss: 0.825277
  Epoch 21/50, Loss: 0.780588
  Epoch 22/50, Loss: 0.715751
  Epoch 23/50, Loss: 0.878262
  Epoch 24/50, Loss: 0.856486
  Epoch 25/50, Loss: 0.600737
  Epoch 26/50, Loss: 0.727527
  Epoch 27/50, Loss: 0.657977
  Epoch 28/50, Loss: 0.754421
  Epoch 29/50, Loss: 0.700088
  Epoch 30/50, Loss: 0.862034
  Epoch 31/50, Loss: 0.697002
  Epoch 32/50, Loss: 0.592744
  Epoch 33/50, Loss: 0.727295
  Epoch 34/50, Loss: 0.846479
  Epoch 35/50, Loss: 0.638098
  Epoch 36/50, Loss: 0.642573
  Epoch 37/50, Loss: 0.816783
  Epoch 38/50, Loss: 0.630019
  Epoch 39/50, Loss: 0.817200
  Epoch 40/50, Loss: 0.736380
  Epoch 41/50, Loss: 0.596752
  Epoch 42/50, Loss: 0.705214
  Epoch 43/50, Loss: 0.941965
  Epoch 44/50, Loss: 0.790033
  Epoch 45/50, Loss: 0.625360
  Epoch 46/50, Loss: 0.628259
  Epoch 47/50, Loss: 0.903145
  Epoch 48/50, Loss: 0.691575
  Epoch 49/50, Loss: 0.592262
  Epoch 50/50, Loss: 0.738300
✅ Model saved to ./checkpoints/ae_cluster_1_model.pt
✅ Training complete.
Training cluster 1 (n=19755)
training started...
Cluster ID: 1, Cluster Size: 19755
  Epoch 1/90, Loss: 0.864734
  Epoch 2/90, Loss: 0.835518
  Epoch 3/90, Loss: 1.023251
  Epoch 4/90, Loss: 1.040639
  Epoch 5/90, Loss: 1.025728
  Epoch 6/90, Loss: 1.003497
  Epoch 7/90, Loss: 0.894260
  Epoch 8/90, Loss: 0.925131
  Epoch 9/90, Loss: 0.854613
  Epoch 10/90, Loss: 0.803085
  Epoch 11/90, Loss: 0.681150
  Epoch 12/90, Loss: 0.776550
  Epoch 13/90, Loss: 0.775044
  Epoch 14/90, Loss: 0.796805
  Epoch 15/90, Loss: 0.793509
  Epoch 16/90, Loss: 0.668558
  Epoch 17/90, Loss: 0.818588
  Epoch 18/90, Loss: 0.607002
  Epoch 19/90, Loss: 0.632413
  Epoch 20/90, Loss: 0.765671
  Epoch 21/90, Loss: 0.788915
  Epoch 22/90, Loss: 0.705256
  Epoch 23/90, Loss: 0.725224
  Epoch 24/90, Loss: 0.815885
  Epoch 25/90, Loss: 0.660030
  Epoch 26/90, Loss: 0.776282
  Epoch 27/90, Loss: 0.763110
  Epoch 28/90, Loss: 0.769607
  Epoch 29/90, Loss: 0.902503
  Epoch 30/90, Loss: 0.700712
  Epoch 31/90, Loss: 0.824033
  Epoch 32/90, Loss: 0.740884
  Epoch 33/90, Loss: 0.642927
  Epoch 34/90, Loss: 0.640664
  Epoch 35/90, Loss: 0.844680
  Epoch 36/90, Loss: 0.849556
  Epoch 37/90, Loss: 0.618065
  Epoch 38/90, Loss: 0.682292
  Epoch 39/90, Loss: 0.612843
  Epoch 40/90, Loss: 0.821501
  Epoch 41/90, Loss: 0.610722
  Epoch 42/90, Loss: 0.621622
  Epoch 43/90, Loss: 0.635412
  Epoch 44/90, Loss: 0.694861
  Epoch 45/90, Loss: 1.118896
  Epoch 46/90, Loss: 0.828682
  Epoch 47/90, Loss: 0.706324
  Epoch 48/90, Loss: 0.611769
  Epoch 49/90, Loss: 0.603985
  Epoch 50/90, Loss: 0.715982
  Epoch 51/90, Loss: 0.582853
  Epoch 52/90, Loss: 0.545999
  Epoch 53/90, Loss: 0.662565
  Epoch 54/90, Loss: 0.764678
  Epoch 55/90, Loss: 0.609074
  Epoch 56/90, Loss: 0.592469
  Epoch 57/90, Loss: 0.624715
  Epoch 58/90, Loss: 0.640028
  Epoch 59/90, Loss: 0.600089
  Epoch 60/90, Loss: 0.655375
  Epoch 61/90, Loss: 0.608670
  Epoch 62/90, Loss: 0.658909
  Epoch 63/90, Loss: 0.642649
  Epoch 64/90, Loss: 0.577941
  Epoch 65/90, Loss: 0.634914
  Epoch 66/90, Loss: 0.572254
  Epoch 67/90, Loss: 0.705811
  Epoch 68/90, Loss: 0.647787
  Epoch 69/90, Loss: 0.711663
  Epoch 70/90, Loss: 0.633082
  Epoch 71/90, Loss: 0.580483
  Epoch 72/90, Loss: 0.620056
  Epoch 73/90, Loss: 0.765925
  Epoch 74/90, Loss: 0.610896
  Epoch 75/90, Loss: 0.793402
  Epoch 76/90, Loss: 0.667815
  Epoch 77/90, Loss: 0.509492
  Epoch 78/90, Loss: 0.571091
  Epoch 79/90, Loss: 0.682184
  Epoch 80/90, Loss: 0.647201
  Epoch 81/90, Loss: 0.708962
  Epoch 82/90, Loss: 0.809127
  Epoch 83/90, Loss: 0.701604
  Epoch 84/90, Loss: 0.627092
  Epoch 85/90, Loss: 0.905604
  Epoch 86/90, Loss: 0.598362
  Epoch 87/90, Loss: 0.769346
  Epoch 88/90, Loss: 0.637470
  Epoch 89/90, Loss: 1.092606
  Epoch 90/90, Loss: 0.818125
✅ Model saved to ./checkpoints/ae_cluster_1_model.pt
✅ Training complete.
Training cluster 1 (n=19755)
training started...
Cluster ID: 1, Cluster Size: 19755
  Epoch 1/70, Loss: 0.765317
  Epoch 2/70, Loss: 0.935337
  Epoch 3/70, Loss: 0.968569
  Epoch 4/70, Loss: 0.796548
  Epoch 5/70, Loss: 1.122064
  Epoch 6/70, Loss: 0.860387
  Epoch 7/70, Loss: 0.852079
  Epoch 8/70, Loss: 0.814130
  Epoch 9/70, Loss: 0.811991
  Epoch 10/70, Loss: 0.751926
  Epoch 11/70, Loss: 0.926012
  Epoch 12/70, Loss: 0.633832
  Epoch 13/70, Loss: 0.862489
  Epoch 14/70, Loss: 0.994452
  Epoch 15/70, Loss: 0.879589
  Epoch 16/70, Loss: 0.720779
  Epoch 17/70, Loss: 0.761599
  Epoch 18/70, Loss: 0.860502
  Epoch 19/70, Loss: 0.699045
  Epoch 20/70, Loss: 0.640133
  Epoch 21/70, Loss: 0.777269
  Epoch 22/70, Loss: 0.637580
  Epoch 23/70, Loss: 0.772218
  Epoch 24/70, Loss: 0.639575
  Epoch 25/70, Loss: 0.651411
  Epoch 26/70, Loss: 0.662324
  Epoch 27/70, Loss: 0.712936
  Epoch 28/70, Loss: 1.024896
  Epoch 29/70, Loss: 0.728583
  Epoch 30/70, Loss: 0.937809
  Epoch 31/70, Loss: 0.910823
  Epoch 32/70, Loss: 0.837651
  Epoch 33/70, Loss: 0.833255
  Epoch 34/70, Loss: 1.114525
  Epoch 35/70, Loss: 0.699295
  Epoch 36/70, Loss: 0.702996
  Epoch 37/70, Loss: 0.799485
  Epoch 38/70, Loss: 0.869617
  Epoch 39/70, Loss: 0.729072
  Epoch 40/70, Loss: 0.824443
  Epoch 41/70, Loss: 0.628814
  Epoch 42/70, Loss: 0.827280
  Epoch 43/70, Loss: 0.702857
  Epoch 44/70, Loss: 0.731001
  Epoch 45/70, Loss: 0.767434
  Epoch 46/70, Loss: 0.673904
  Epoch 47/70, Loss: 0.783402
  Epoch 48/70, Loss: 0.765163
  Epoch 49/70, Loss: 0.777221
  Epoch 50/70, Loss: 0.705027
  Epoch 51/70, Loss: 0.684721
  Epoch 52/70, Loss: 0.786491
  Epoch 53/70, Loss: 0.720149
  Epoch 54/70, Loss: 0.644180
  Epoch 55/70, Loss: 0.851059
  Epoch 56/70, Loss: 0.758074
  Epoch 57/70, Loss: 0.808037
  Epoch 58/70, Loss: 0.806496
  Epoch 59/70, Loss: 0.766709
  Epoch 60/70, Loss: 0.640489
  Epoch 61/70, Loss: 0.654477
  Epoch 62/70, Loss: 0.701066
  Epoch 63/70, Loss: 0.734210
  Epoch 64/70, Loss: 0.707779
  Epoch 65/70, Loss: 0.573551
  Epoch 66/70, Loss: 0.609449
  Epoch 67/70, Loss: 0.673239
  Epoch 68/70, Loss: 0.676792
  Epoch 69/70, Loss: 0.638355
  Epoch 70/70, Loss: 0.896771
✅ Model saved to ./checkpoints/ae_cluster_1_model.pt
✅ Training complete.
Training cluster 1 (n=19755)
training started...
Cluster ID: 1, Cluster Size: 19755
  Epoch 1/100, Loss: 0.750824
  Epoch 2/100, Loss: 0.882076
  Epoch 3/100, Loss: 0.961425
  Epoch 4/100, Loss: 0.761648
  Epoch 5/100, Loss: 0.807913
  Epoch 6/100, Loss: 1.010090
  Epoch 7/100, Loss: 0.839937
  Epoch 8/100, Loss: 0.785962
  Epoch 9/100, Loss: 0.797862
  Epoch 10/100, Loss: 1.021609
  Epoch 11/100, Loss: 0.832741
  Epoch 12/100, Loss: 0.974330
  Epoch 13/100, Loss: 0.749109
  Epoch 14/100, Loss: 1.222719
  Epoch 15/100, Loss: 0.675730
  Epoch 16/100, Loss: 0.796158
  Epoch 17/100, Loss: 0.841397
  Epoch 18/100, Loss: 0.830817
  Epoch 19/100, Loss: 0.649201
  Epoch 20/100, Loss: 0.783999
  Epoch 21/100, Loss: 0.644070
  Epoch 22/100, Loss: 1.076889
  Epoch 23/100, Loss: 0.788152
  Epoch 24/100, Loss: 0.833220
  Epoch 25/100, Loss: 0.789109
  Epoch 26/100, Loss: 1.138602
  Epoch 27/100, Loss: 0.796861
  Epoch 28/100, Loss: 0.944271
  Epoch 29/100, Loss: 0.786322
  Epoch 30/100, Loss: 0.766752
  Epoch 31/100, Loss: 0.703861
  Epoch 32/100, Loss: 0.560847
  Epoch 33/100, Loss: 1.040756
  Epoch 34/100, Loss: 0.836933
  Epoch 35/100, Loss: 0.760643
  Epoch 36/100, Loss: 0.922248
  Epoch 37/100, Loss: 0.632647
  Epoch 38/100, Loss: 0.833589
  Epoch 39/100, Loss: 0.788629
  Epoch 40/100, Loss: 0.773998
  Epoch 41/100, Loss: 0.583912
  Epoch 42/100, Loss: 0.937134
  Epoch 43/100, Loss: 0.681419
  Epoch 44/100, Loss: 0.738763
  Epoch 45/100, Loss: 0.581062
  Epoch 46/100, Loss: 0.805744
  Epoch 47/100, Loss: 0.899074
  Epoch 48/100, Loss: 0.662383
  Epoch 49/100, Loss: 0.635801
  Epoch 50/100, Loss: 0.760817
  Epoch 51/100, Loss: 0.629217
  Epoch 52/100, Loss: 0.637992
  Epoch 53/100, Loss: 0.630637
  Epoch 54/100, Loss: 0.783022
  Epoch 55/100, Loss: 0.629559
  Epoch 56/100, Loss: 0.678763
  Epoch 57/100, Loss: 0.739314
  Epoch 58/100, Loss: 0.881158
  Epoch 59/100, Loss: 1.093907
  Epoch 60/100, Loss: 0.821181
  Epoch 61/100, Loss: 0.726230
  Epoch 62/100, Loss: 0.735486
  Epoch 63/100, Loss: 0.722145
  Epoch 64/100, Loss: 0.678312
  Epoch 65/100, Loss: 0.824583
  Epoch 66/100, Loss: 0.755201
  Epoch 67/100, Loss: 0.928818
  Epoch 68/100, Loss: 0.829523
  Epoch 69/100, Loss: 0.799659
  Epoch 70/100, Loss: 0.779598
  Epoch 71/100, Loss: 0.655588
  Epoch 72/100, Loss: 0.702577
  Epoch 73/100, Loss: 0.647950
  Epoch 74/100, Loss: 0.890564
  Epoch 75/100, Loss: 0.687170
  Epoch 76/100, Loss: 0.715290
  Epoch 77/100, Loss: 0.944466
  Epoch 78/100, Loss: 0.746725
  Epoch 79/100, Loss: 0.729105
  Epoch 80/100, Loss: 0.646490
  Epoch 81/100, Loss: 0.629263
  Epoch 82/100, Loss: 0.640163
  Epoch 83/100, Loss: 0.690238
  Epoch 84/100, Loss: 0.722755
  Epoch 85/100, Loss: 0.620742
  Epoch 86/100, Loss: 0.635488
  Epoch 87/100, Loss: 0.646847
  Epoch 88/100, Loss: 0.671280
  Epoch 89/100, Loss: 0.862538
  Epoch 90/100, Loss: 0.765889
  Epoch 91/100, Loss: 0.633762
  Epoch 92/100, Loss: 0.715464
  Epoch 93/100, Loss: 0.683726
  Epoch 94/100, Loss: 0.638131
  Epoch 95/100, Loss: 0.773669
  Epoch 96/100, Loss: 0.814733
  Epoch 97/100, Loss: 0.683196
  Epoch 98/100, Loss: 0.714404
  Epoch 99/100, Loss: 0.655382
  Epoch 100/100, Loss: 0.710628
✅ Model saved to ./checkpoints/ae_cluster_1_model.pt
✅ Training complete.
Training cluster 1 (n=19755)
training started...
Cluster ID: 1, Cluster Size: 19755
  Epoch 1/90, Loss: 1.049611
  Epoch 2/90, Loss: 1.008022
  Epoch 3/90, Loss: 1.248652
  Epoch 4/90, Loss: 1.080180
  Epoch 5/90, Loss: 1.793472
  Epoch 6/90, Loss: 1.186313
  Epoch 7/90, Loss: 1.032644
  Epoch 8/90, Loss: 0.837558
  Epoch 9/90, Loss: 0.980437
  Epoch 10/90, Loss: 0.884974
  Epoch 11/90, Loss: 0.883191
  Epoch 12/90, Loss: 0.984239
  Epoch 13/90, Loss: 0.847939
  Epoch 14/90, Loss: 0.856912
  Epoch 15/90, Loss: 1.039334
  Epoch 16/90, Loss: 0.834173
  Epoch 17/90, Loss: 0.826941
  Epoch 18/90, Loss: 0.876067
  Epoch 19/90, Loss: 0.871705
  Epoch 20/90, Loss: 1.072957
  Epoch 21/90, Loss: 0.883888
  Epoch 22/90, Loss: 0.825914
  Epoch 23/90, Loss: 0.977072
  Epoch 24/90, Loss: 0.988081
  Epoch 25/90, Loss: 0.722146
  Epoch 26/90, Loss: 0.848232
  Epoch 27/90, Loss: 0.791001
  Epoch 28/90, Loss: 0.872776
  Epoch 29/90, Loss: 0.895671
  Epoch 30/90, Loss: 0.995970
  Epoch 31/90, Loss: 0.834126
  Epoch 32/90, Loss: 0.890245
  Epoch 33/90, Loss: 0.911793
  Epoch 34/90, Loss: 0.984515
  Epoch 35/90, Loss: 0.773541
  Epoch 36/90, Loss: 0.955615
  Epoch 37/90, Loss: 1.059735
  Epoch 38/90, Loss: 0.855405
  Epoch 39/90, Loss: 0.910993
  Epoch 40/90, Loss: 0.884379
  Epoch 41/90, Loss: 0.731056
  Epoch 42/90, Loss: 0.860052
  Epoch 43/90, Loss: 1.115763
  Epoch 44/90, Loss: 0.972115
  Epoch 45/90, Loss: 0.935466
  Epoch 46/90, Loss: 0.915411
  Epoch 47/90, Loss: 1.146646
  Epoch 48/90, Loss: 0.865617
  Epoch 49/90, Loss: 0.733590
  Epoch 50/90, Loss: 0.907560
  Epoch 51/90, Loss: 1.155642
  Epoch 52/90, Loss: 0.967720
  Epoch 53/90, Loss: 0.972067
  Epoch 54/90, Loss: 1.033771
  Epoch 55/90, Loss: 0.836340
  Epoch 56/90, Loss: 0.877706
  Epoch 57/90, Loss: 0.980043
  Epoch 58/90, Loss: 0.900720
  Epoch 59/90, Loss: 0.885772
  Epoch 60/90, Loss: 0.912283
  Epoch 61/90, Loss: 0.886995
  Epoch 62/90, Loss: 0.768104
  Epoch 63/90, Loss: 0.820482
  Epoch 64/90, Loss: 0.933349
  Epoch 65/90, Loss: 0.841415
  Epoch 66/90, Loss: 0.954619
  Epoch 67/90, Loss: 0.811656
  Epoch 68/90, Loss: 0.761423
  Epoch 69/90, Loss: 1.054390
  Epoch 70/90, Loss: 0.920960
  Epoch 71/90, Loss: 1.129768
  Epoch 72/90, Loss: 0.830967
  Epoch 73/90, Loss: 1.136284
  Epoch 74/90, Loss: 0.842578
  Epoch 75/90, Loss: 0.764988
  Epoch 76/90, Loss: 0.886576
  Epoch 77/90, Loss: 0.869322
  Epoch 78/90, Loss: 0.853705
  Epoch 79/90, Loss: 1.094887
  Epoch 80/90, Loss: 0.832458
  Epoch 81/90, Loss: 0.854118
  Epoch 82/90, Loss: 0.809079
  Epoch 83/90, Loss: 1.055356
  Epoch 84/90, Loss: 1.036234
  Epoch 85/90, Loss: 0.809618
  Epoch 86/90, Loss: 0.751522
  Epoch 87/90, Loss: 0.903355
  Epoch 88/90, Loss: 1.482227
  Epoch 89/90, Loss: 0.886191
  Epoch 90/90, Loss: 0.918867
✅ Model saved to ./checkpoints/ae_cluster_1_model.pt
✅ Training complete.
Training cluster 1 (n=19755)
training started...
Cluster ID: 1, Cluster Size: 19755
  Epoch 1/100, Loss: 1.040633
  Epoch 2/100, Loss: 1.046421
  Epoch 3/100, Loss: 1.054728
  Epoch 4/100, Loss: 0.859666
  Epoch 5/100, Loss: 0.994742
  Epoch 6/100, Loss: 1.066476
  Epoch 7/100, Loss: 0.925351
  Epoch 8/100, Loss: 0.736489
  Epoch 9/100, Loss: 0.835255
  Epoch 10/100, Loss: 0.754350
  Epoch 11/100, Loss: 0.688946
  Epoch 12/100, Loss: 1.504071
  Epoch 13/100, Loss: 0.901985
  Epoch 14/100, Loss: 0.846247
  Epoch 15/100, Loss: 1.103719
  Epoch 16/100, Loss: 1.049575
  Epoch 17/100, Loss: 0.762388
  Epoch 18/100, Loss: 0.793907
  Epoch 19/100, Loss: 0.754886
  Epoch 20/100, Loss: 0.848451
  Epoch 21/100, Loss: 1.063529
  Epoch 22/100, Loss: 0.742370
  Epoch 23/100, Loss: 0.754803
  Epoch 24/100, Loss: 0.703541
  Epoch 25/100, Loss: 1.389434
  Epoch 26/100, Loss: 0.832253
  Epoch 27/100, Loss: 0.914730
  Epoch 28/100, Loss: 0.895662
  Epoch 29/100, Loss: 1.192160
  Epoch 30/100, Loss: 1.172552
  Epoch 31/100, Loss: 0.747417
  Epoch 32/100, Loss: 0.888786
  Epoch 33/100, Loss: 0.744807
  Epoch 34/100, Loss: 0.745157
  Epoch 35/100, Loss: 0.723848
  Epoch 36/100, Loss: 0.780127
  Epoch 37/100, Loss: 0.911280
  Epoch 38/100, Loss: 0.708160
  Epoch 39/100, Loss: 1.406467
  Epoch 40/100, Loss: 0.898099
  Epoch 41/100, Loss: 0.845740
  Epoch 42/100, Loss: 1.107023
  Epoch 43/100, Loss: 0.764160
  Epoch 44/100, Loss: 1.089533
  Epoch 45/100, Loss: 0.776467
  Epoch 46/100, Loss: 0.642437
  Epoch 47/100, Loss: 0.743649
  Epoch 48/100, Loss: 1.092991
  Epoch 49/100, Loss: 0.899106
  Epoch 50/100, Loss: 0.768747
  Epoch 51/100, Loss: 0.715273
  Epoch 52/100, Loss: 0.710859
  Epoch 53/100, Loss: 0.858229
  Epoch 54/100, Loss: 0.943893
  Epoch 55/100, Loss: 0.977668
  Epoch 56/100, Loss: 0.848945
  Epoch 57/100, Loss: 0.722477
  Epoch 58/100, Loss: 0.964657
  Epoch 59/100, Loss: 1.137345
  Epoch 60/100, Loss: 0.919215
  Epoch 61/100, Loss: 0.733558
  Epoch 62/100, Loss: 0.728575
  Epoch 63/100, Loss: 1.300036
  Epoch 64/100, Loss: 0.743225
  Epoch 65/100, Loss: 1.090442
  Epoch 66/100, Loss: 1.041748
  Epoch 67/100, Loss: 0.917648
  Epoch 68/100, Loss: 1.627082
  Epoch 69/100, Loss: 0.776934
  Epoch 70/100, Loss: 0.933748
  Epoch 71/100, Loss: 0.832647
  Epoch 72/100, Loss: 0.883428
  Epoch 73/100, Loss: 1.191420
  Epoch 74/100, Loss: 0.823809
  Epoch 75/100, Loss: 0.895363
  Epoch 76/100, Loss: 1.008890
  Epoch 77/100, Loss: 1.339394
  Epoch 78/100, Loss: 0.806305
  Epoch 79/100, Loss: 1.047179
  Epoch 80/100, Loss: 1.152142
  Epoch 81/100, Loss: 0.729124
  Epoch 82/100, Loss: 0.815207
  Epoch 83/100, Loss: 1.073293
  Epoch 84/100, Loss: 0.814155
  Epoch 85/100, Loss: 0.845912
  Epoch 86/100, Loss: 0.843354
  Epoch 87/100, Loss: 0.858285
  Epoch 88/100, Loss: 1.302987
  Epoch 89/100, Loss: 0.788080
  Epoch 90/100, Loss: 0.648534
  Epoch 91/100, Loss: 0.811158
  Epoch 92/100, Loss: 1.060727
  Epoch 93/100, Loss: 1.054215
  Epoch 94/100, Loss: 0.890889
  Epoch 95/100, Loss: 0.761783
  Epoch 96/100, Loss: 0.852807
  Epoch 97/100, Loss: 1.323017
  Epoch 98/100, Loss: 1.227217
  Epoch 99/100, Loss: 1.041477
  Epoch 100/100, Loss: 0.836830
✅ Model saved to ./checkpoints/ae_cluster_1_model.pt
✅ Training complete.
Training cluster 1 (n=19755)
training started...
Cluster ID: 1, Cluster Size: 19755
  Epoch 1/10, Loss: 0.781940
  Epoch 2/10, Loss: 0.854622
  Epoch 3/10, Loss: 0.904323
  Epoch 4/10, Loss: 0.856734
  Epoch 5/10, Loss: 0.941358
  Epoch 6/10, Loss: 0.878868
  Epoch 7/10, Loss: 0.726334
  Epoch 8/10, Loss: 0.591863
  Epoch 9/10, Loss: 0.645234
  Epoch 10/10, Loss: 0.666652
✅ Model saved to ./checkpoints/ae_cluster_1_model.pt
✅ Training complete.
Training cluster 1 (n=19755)
training started...
Cluster ID: 1, Cluster Size: 19755
  Epoch 1/30, Loss: 0.830423
  Epoch 2/30, Loss: 0.827652
  Epoch 3/30, Loss: 1.037323
  Epoch 4/30, Loss: 0.843642
  Epoch 5/30, Loss: 0.689403
  Epoch 6/30, Loss: 1.159165
  Epoch 7/30, Loss: 0.778330
  Epoch 8/30, Loss: 0.891206
  Epoch 9/30, Loss: 0.874062
  Epoch 10/30, Loss: 0.794159
  Epoch 11/30, Loss: 0.724716
  Epoch 12/30, Loss: 0.766793
  Epoch 13/30, Loss: 0.768558
  Epoch 14/30, Loss: 0.802202
  Epoch 15/30, Loss: 0.709485
  Epoch 16/30, Loss: 0.635054
  Epoch 17/30, Loss: 0.705931
  Epoch 18/30, Loss: 0.601556
  Epoch 19/30, Loss: 0.930952
  Epoch 20/30, Loss: 0.646244
  Epoch 21/30, Loss: 0.667313
  Epoch 22/30, Loss: 0.558784
  Epoch 23/30, Loss: 0.621556
  Epoch 24/30, Loss: 0.688181
  Epoch 25/30, Loss: 0.640729
  Epoch 26/30, Loss: 0.641383
  Epoch 27/30, Loss: 0.638398
  Epoch 28/30, Loss: 0.655332
  Epoch 29/30, Loss: 0.674502
  Epoch 30/30, Loss: 0.644207
✅ Model saved to ./checkpoints/ae_cluster_1_model.pt
✅ Training complete.
Training cluster 1 (n=19755)
training started...
Cluster ID: 1, Cluster Size: 19755
  Epoch 1/30, Loss: 0.566336
  Epoch 2/30, Loss: 0.898201
  Epoch 3/30, Loss: 0.770931
  Epoch 4/30, Loss: 0.747244
  Epoch 5/30, Loss: 0.696038
  Epoch 6/30, Loss: 0.543555
  Epoch 7/30, Loss: 0.754140
  Epoch 8/30, Loss: 0.473211
  Epoch 9/30, Loss: 0.455798
  Epoch 10/30, Loss: 0.563990
  Epoch 11/30, Loss: 0.379470
  Epoch 12/30, Loss: 0.410348
  Epoch 13/30, Loss: 0.413315
  Epoch 14/30, Loss: 0.366729
  Epoch 15/30, Loss: 0.575138
  Epoch 16/30, Loss: 0.340121
  Epoch 17/30, Loss: 0.687829
  Epoch 18/30, Loss: 0.423833
  Epoch 19/30, Loss: 0.481062
  Epoch 20/30, Loss: 0.563772
  Epoch 21/30, Loss: 0.408554
  Epoch 22/30, Loss: 0.398506
  Epoch 23/30, Loss: 0.460920
  Epoch 24/30, Loss: 0.385676
  Epoch 25/30, Loss: 0.513156
  Epoch 26/30, Loss: 0.350951
  Epoch 27/30, Loss: 0.431719
  Epoch 28/30, Loss: 0.555776
  Epoch 29/30, Loss: 0.404931
  Epoch 30/30, Loss: 0.375004
✅ Model saved to ./checkpoints/ae_cluster_1_model.pt
✅ Training complete.
Training cluster 1 (n=19755)
training started...
Cluster ID: 1, Cluster Size: 19755
  Epoch 1/10, Loss: 0.801632
  Epoch 2/10, Loss: 0.757859
  Epoch 3/10, Loss: 0.423314
  Epoch 4/10, Loss: 0.496455
  Epoch 5/10, Loss: 0.387600
  Epoch 6/10, Loss: 0.357199
  Epoch 7/10, Loss: 0.261770
  Epoch 8/10, Loss: 0.359446
  Epoch 9/10, Loss: 0.246350
  Epoch 10/10, Loss: 0.231473
✅ Model saved to ./checkpoints/ae_cluster_1_model.pt
✅ Training complete.
Training cluster 1 (n=19755)
training started...
Cluster ID: 1, Cluster Size: 19755
  Epoch 1/30, Loss: 0.240524
  Epoch 2/30, Loss: 0.200245
  Epoch 3/30, Loss: 0.176954
  Epoch 4/30, Loss: 0.222491
  Epoch 5/30, Loss: 0.192206
  Epoch 6/30, Loss: 0.149045
  Epoch 7/30, Loss: 0.154243
  Epoch 8/30, Loss: 0.190656
  Epoch 9/30, Loss: 0.246825
  Epoch 10/30, Loss: 0.149501
  Epoch 11/30, Loss: 0.173936
  Epoch 12/30, Loss: 0.118922
  Epoch 13/30, Loss: 0.155188
  Epoch 14/30, Loss: 0.175898
  Epoch 15/30, Loss: 0.238169
  Epoch 16/30, Loss: 0.126780
  Epoch 17/30, Loss: 0.148414
  Epoch 18/30, Loss: 0.330512
  Epoch 19/30, Loss: 0.119855
  Epoch 20/30, Loss: 0.146463
  Epoch 21/30, Loss: 0.133918
  Epoch 22/30, Loss: 0.111576
  Epoch 23/30, Loss: 0.123614
  Epoch 24/30, Loss: 0.123036
  Epoch 25/30, Loss: 0.105429
  Epoch 26/30, Loss: 0.105439
  Epoch 27/30, Loss: 0.188971
  Epoch 28/30, Loss: 0.116626
  Epoch 29/30, Loss: 0.374865
  Epoch 30/30, Loss: 0.129437
✅ Model saved to ./checkpoints/ae_cluster_1_model.pt
✅ Training complete.
Training cluster 1 (n=19755)
training started...
Cluster ID: 1, Cluster Size: 19755
  Epoch 1/90, Loss: 0.595860
  Epoch 2/90, Loss: 0.385204
  Epoch 3/90, Loss: 0.374315
  Epoch 4/90, Loss: 0.312478
  Epoch 5/90, Loss: 0.325651
  Epoch 6/90, Loss: 0.276148
  Epoch 7/90, Loss: 0.256729
  Epoch 8/90, Loss: 0.301512
  Epoch 9/90, Loss: 0.262362
  Epoch 10/90, Loss: 0.226669
  Epoch 11/90, Loss: 0.234905
  Epoch 12/90, Loss: 0.232105
  Epoch 13/90, Loss: 0.188646
  Epoch 14/90, Loss: 0.228261
  Epoch 15/90, Loss: 0.238446
  Epoch 16/90, Loss: 0.249399
  Epoch 17/90, Loss: 0.186256
  Epoch 18/90, Loss: 0.157274
  Epoch 19/90, Loss: 0.239261
  Epoch 20/90, Loss: 0.219126
  Epoch 21/90, Loss: 0.179756
  Epoch 22/90, Loss: 0.181309
  Epoch 23/90, Loss: 0.159784
  Epoch 24/90, Loss: 0.161902
  Epoch 25/90, Loss: 0.162026
  Epoch 26/90, Loss: 0.171405
  Epoch 27/90, Loss: 0.179364
  Epoch 28/90, Loss: 0.187473
  Epoch 29/90, Loss: 0.191690
  Epoch 30/90, Loss: 0.151485
  Epoch 31/90, Loss: 0.163089
  Epoch 32/90, Loss: 0.183313
  Epoch 33/90, Loss: 0.172293
  Epoch 34/90, Loss: 0.167894
  Epoch 35/90, Loss: 0.175057
  Epoch 36/90, Loss: 0.149819
  Epoch 37/90, Loss: 0.186133
  Epoch 38/90, Loss: 0.166038
  Epoch 39/90, Loss: 0.151664
  Epoch 40/90, Loss: 0.149999
  Epoch 41/90, Loss: 0.212065
  Epoch 42/90, Loss: 0.139517
  Epoch 43/90, Loss: 0.173295
  Epoch 44/90, Loss: 0.138860
  Epoch 45/90, Loss: 0.200491
  Epoch 46/90, Loss: 0.155669
  Epoch 47/90, Loss: 0.180295
  Epoch 48/90, Loss: 0.138673
  Epoch 49/90, Loss: 0.157754
  Epoch 50/90, Loss: 0.133061
  Epoch 51/90, Loss: 0.145202
  Epoch 52/90, Loss: 0.117262
  Epoch 53/90, Loss: 0.169327
  Epoch 54/90, Loss: 0.141401
  Epoch 55/90, Loss: 0.139851
  Epoch 56/90, Loss: 0.139653
  Epoch 57/90, Loss: 0.134559
  Epoch 58/90, Loss: 0.179096
  Epoch 59/90, Loss: 0.131931
  Epoch 60/90, Loss: 0.180949
  Epoch 61/90, Loss: 0.146701
  Epoch 62/90, Loss: 0.138624
  Epoch 63/90, Loss: 0.153412
  Epoch 64/90, Loss: 0.150039
  Epoch 65/90, Loss: 0.137087
  Epoch 66/90, Loss: 0.160589
  Epoch 67/90, Loss: 0.149671
  Epoch 68/90, Loss: 0.137382
  Epoch 69/90, Loss: 0.119475
  Epoch 70/90, Loss: 0.152707
  Epoch 71/90, Loss: 0.155122
  Epoch 72/90, Loss: 0.134553
  Epoch 73/90, Loss: 0.159945
  Epoch 74/90, Loss: 0.138790
  Epoch 75/90, Loss: 0.125017
  Epoch 76/90, Loss: 0.135753
  Epoch 77/90, Loss: 0.148532
  Epoch 78/90, Loss: 0.156988
  Epoch 79/90, Loss: 0.143561
  Epoch 80/90, Loss: 0.137231
  Epoch 81/90, Loss: 0.134822
  Epoch 82/90, Loss: 0.115484
  Epoch 83/90, Loss: 0.141551
  Epoch 84/90, Loss: 0.139819
  Epoch 85/90, Loss: 0.118945
  Epoch 86/90, Loss: 0.116330
  Epoch 87/90, Loss: 0.135445
  Epoch 88/90, Loss: 0.124857
  Epoch 89/90, Loss: 0.149664
  Epoch 90/90, Loss: 0.142450
✅ Model saved to ./checkpoints/ae_cluster_1_model.pt
✅ Training complete.
Training cluster 1 (n=19755)
training started...
Cluster ID: 1, Cluster Size: 19755
  Epoch 1/100, Loss: 0.731213
  Epoch 2/100, Loss: 0.745340
  Epoch 3/100, Loss: 0.624315
  Epoch 4/100, Loss: 0.611509
  Epoch 5/100, Loss: 1.038026
  Epoch 6/100, Loss: 0.872020
  Epoch 7/100, Loss: 0.958044
  Epoch 8/100, Loss: 0.548388
  Epoch 9/100, Loss: 0.674598
  Epoch 10/100, Loss: 0.701818
  Epoch 11/100, Loss: 0.665113
  Epoch 12/100, Loss: 0.659878
  Epoch 13/100, Loss: 0.495347
  Epoch 14/100, Loss: 0.599217
  Epoch 15/100, Loss: 0.768831
  Epoch 16/100, Loss: 0.664436
  Epoch 17/100, Loss: 0.485494
  Epoch 18/100, Loss: 0.475502
  Epoch 19/100, Loss: 0.392424
  Epoch 20/100, Loss: 0.555152
  Epoch 21/100, Loss: 0.833905
  Epoch 22/100, Loss: 0.494033
  Epoch 23/100, Loss: 0.430927
  Epoch 24/100, Loss: 0.335280
  Epoch 25/100, Loss: 0.532116
  Epoch 26/100, Loss: 0.466579
  Epoch 27/100, Loss: 0.445199
  Epoch 28/100, Loss: 0.347109
  Epoch 29/100, Loss: 0.657945
  Epoch 30/100, Loss: 0.387559
  Epoch 31/100, Loss: 0.343894
  Epoch 32/100, Loss: 0.372409
  Epoch 33/100, Loss: 0.348930
  Epoch 34/100, Loss: 0.416070
  Epoch 35/100, Loss: 0.379001
  Epoch 36/100, Loss: 0.387678
  Epoch 37/100, Loss: 0.497965
  Epoch 38/100, Loss: 0.355874
  Epoch 39/100, Loss: 0.462921
  Epoch 40/100, Loss: 0.452183
  Epoch 41/100, Loss: 0.358373
  Epoch 42/100, Loss: 0.383330
  Epoch 43/100, Loss: 0.350192
  Epoch 44/100, Loss: 0.550317
  Epoch 45/100, Loss: 0.362480
  Epoch 46/100, Loss: 0.346907
  Epoch 47/100, Loss: 0.344413
  Epoch 48/100, Loss: 0.346195
  Epoch 49/100, Loss: 0.371024
  Epoch 50/100, Loss: 0.672480
  Epoch 51/100, Loss: 0.376239
  Epoch 52/100, Loss: 0.396191
  Epoch 53/100, Loss: 0.403194
  Epoch 54/100, Loss: 0.341412
  Epoch 55/100, Loss: 0.378731
  Epoch 56/100, Loss: 0.914033
  Epoch 57/100, Loss: 0.595561
  Epoch 58/100, Loss: 0.371396
  Epoch 59/100, Loss: 0.375590
  Epoch 60/100, Loss: 0.357823
  Epoch 61/100, Loss: 0.379900
  Epoch 62/100, Loss: 0.541532
  Epoch 63/100, Loss: 0.381866
  Epoch 64/100, Loss: 0.376604
  Epoch 65/100, Loss: 0.473350
  Epoch 66/100, Loss: 0.397487
  Epoch 67/100, Loss: 0.330971
  Epoch 68/100, Loss: 0.296368
  Epoch 69/100, Loss: 0.353678
  Epoch 70/100, Loss: 0.349293
  Epoch 71/100, Loss: 0.470271
  Epoch 72/100, Loss: 0.407112
  Epoch 73/100, Loss: 0.682688
  Epoch 74/100, Loss: 0.358354
  Epoch 75/100, Loss: 0.385063
  Epoch 76/100, Loss: 0.466788
  Epoch 77/100, Loss: 0.376992
  Epoch 78/100, Loss: 0.336125
  Epoch 79/100, Loss: 0.460768
  Epoch 80/100, Loss: 0.412594
  Epoch 81/100, Loss: 0.324909
  Epoch 82/100, Loss: 0.368597
  Epoch 83/100, Loss: 0.287800
  Epoch 84/100, Loss: 0.422171
  Epoch 85/100, Loss: 0.353083
  Epoch 86/100, Loss: 0.385154
  Epoch 87/100, Loss: 0.392876
  Epoch 88/100, Loss: 0.379360
  Epoch 89/100, Loss: 0.454543
  Epoch 90/100, Loss: 0.441116
  Epoch 91/100, Loss: 0.326661
  Epoch 92/100, Loss: 0.311721
  Epoch 93/100, Loss: 0.337995
  Epoch 94/100, Loss: 0.315742
  Epoch 95/100, Loss: 0.352022
  Epoch 96/100, Loss: 0.458465
  Epoch 97/100, Loss: 0.349479
  Epoch 98/100, Loss: 0.378309
  Epoch 99/100, Loss: 0.338262
  Epoch 100/100, Loss: 0.455685
✅ Model saved to ./checkpoints/ae_cluster_1_model.pt
✅ Training complete.
Training cluster 1 (n=19755)
training started...
Cluster ID: 1, Cluster Size: 19755
  Epoch 1/20, Loss: 0.713370
  Epoch 2/20, Loss: 0.871410
  Epoch 3/20, Loss: 0.720107
  Epoch 4/20, Loss: 0.600953
  Epoch 5/20, Loss: 1.730204
  Epoch 6/20, Loss: 1.273595
  Epoch 7/20, Loss: 1.145781
  Epoch 8/20, Loss: 0.689480
  Epoch 9/20, Loss: 0.657925
  Epoch 10/20, Loss: 2.823615
  Epoch 11/20, Loss: 0.649909
  Epoch 12/20, Loss: 0.989283
  Epoch 13/20, Loss: 0.623600
  Epoch 14/20, Loss: 1.458634
  Epoch 15/20, Loss: 0.869081
  Epoch 16/20, Loss: 0.614441
  Epoch 17/20, Loss: 0.502317
  Epoch 18/20, Loss: 0.648920
  Epoch 19/20, Loss: 0.595104
  Epoch 20/20, Loss: 0.909082
✅ Model saved to ./checkpoints/ae_cluster_1_model.pt
✅ Training complete.
Training cluster 1 (n=19755)
training started...
Cluster ID: 1, Cluster Size: 19755
  Epoch 1/100, Loss: 0.212786
  Epoch 2/100, Loss: 0.234876
  Epoch 3/100, Loss: 0.216302
  Epoch 4/100, Loss: 0.552556
  Epoch 5/100, Loss: 0.241633
  Epoch 6/100, Loss: 0.178788
  Epoch 7/100, Loss: 0.209790
  Epoch 8/100, Loss: 0.243858
  Epoch 9/100, Loss: 0.396944
  Epoch 10/100, Loss: 0.185203
  Epoch 11/100, Loss: 0.218085
  Epoch 12/100, Loss: 0.150685
  Epoch 13/100, Loss: 0.207860
  Epoch 14/100, Loss: 0.179473
  Epoch 15/100, Loss: 0.348883
  Epoch 16/100, Loss: 0.132925
  Epoch 17/100, Loss: 0.170558
  Epoch 18/100, Loss: 0.717792
  Epoch 19/100, Loss: 0.496681
  Epoch 20/100, Loss: 0.168035
  Epoch 21/100, Loss: 0.293018
  Epoch 22/100, Loss: 0.154696
  Epoch 23/100, Loss: 0.165665
  Epoch 24/100, Loss: 0.167795
  Epoch 25/100, Loss: 0.110732
  Epoch 26/100, Loss: 0.164157
  Epoch 27/100, Loss: 0.268534
  Epoch 28/100, Loss: 0.228558
  Epoch 29/100, Loss: 0.959190
  Epoch 30/100, Loss: 0.125105
  Epoch 31/100, Loss: 0.160081
  Epoch 32/100, Loss: 0.127567
  Epoch 33/100, Loss: 0.165243
  Epoch 34/100, Loss: 0.169183
  Epoch 35/100, Loss: 0.207323
  Epoch 36/100, Loss: 0.519521
  Epoch 37/100, Loss: 0.237023
  Epoch 38/100, Loss: 0.142553
  Epoch 39/100, Loss: 0.201578
  Epoch 40/100, Loss: 0.094097
  Epoch 41/100, Loss: 0.205507
  Epoch 42/100, Loss: 0.088424
  Epoch 43/100, Loss: 0.151946
  Epoch 44/100, Loss: 0.273257
  Epoch 45/100, Loss: 0.134626
  Epoch 46/100, Loss: 0.144104
  Epoch 47/100, Loss: 0.117856
  Epoch 48/100, Loss: 0.193224
  Epoch 49/100, Loss: 0.259193
  Epoch 50/100, Loss: 0.134117
  Epoch 51/100, Loss: 0.225340
  Epoch 52/100, Loss: 0.195082
  Epoch 53/100, Loss: 0.176447
  Epoch 54/100, Loss: 0.155452
  Epoch 55/100, Loss: 0.255124
  Epoch 56/100, Loss: 0.200043
  Epoch 57/100, Loss: 0.188554
  Epoch 58/100, Loss: 0.149970
  Epoch 59/100, Loss: 0.136270
  Epoch 60/100, Loss: 0.178253
  Epoch 61/100, Loss: 0.155849
  Epoch 62/100, Loss: 0.099840
  Epoch 63/100, Loss: 0.212285
  Epoch 64/100, Loss: 0.130697
  Epoch 65/100, Loss: 0.161586
  Epoch 66/100, Loss: 0.156081
  Epoch 67/100, Loss: 0.084437
  Epoch 68/100, Loss: 0.132441
  Epoch 69/100, Loss: 0.093965
  Epoch 70/100, Loss: 0.119163
  Epoch 71/100, Loss: 0.148538
  Epoch 72/100, Loss: 0.162414
  Epoch 73/100, Loss: 0.170162
  Epoch 74/100, Loss: 0.139030
  Epoch 75/100, Loss: 0.227695
  Epoch 76/100, Loss: 0.120635
  Epoch 77/100, Loss: 0.154507
  Epoch 78/100, Loss: 0.108136
  Epoch 79/100, Loss: 0.076748
  Epoch 80/100, Loss: 0.123143
  Epoch 81/100, Loss: 0.167413
  Epoch 82/100, Loss: 0.191639
  Epoch 83/100, Loss: 1.098710
  Epoch 84/100, Loss: 0.397903
  Epoch 85/100, Loss: 0.212780
  Epoch 86/100, Loss: 0.369055
  Epoch 87/100, Loss: 0.146978
  Epoch 88/100, Loss: 0.117197
  Epoch 89/100, Loss: 0.100978
  Epoch 90/100, Loss: 0.134311
  Epoch 91/100, Loss: 0.757586
  Epoch 92/100, Loss: 0.176327
  Epoch 93/100, Loss: 0.160291
  Epoch 94/100, Loss: 0.175696
  Epoch 95/100, Loss: 0.274483
  Epoch 96/100, Loss: 0.118214
  Epoch 97/100, Loss: 0.116011
  Epoch 98/100, Loss: 0.158245
  Epoch 99/100, Loss: 0.173239
  Epoch 100/100, Loss: 0.146626
✅ Model saved to ./checkpoints/ae_cluster_1_model.pt
✅ Training complete.
Training cluster 1 (n=19755)
training started...
Cluster ID: 1, Cluster Size: 19755
  Epoch 1/10, Loss: 0.571413
  Epoch 2/10, Loss: 0.413480
  Epoch 3/10, Loss: 0.442210
  Epoch 4/10, Loss: 0.405818
  Epoch 5/10, Loss: 0.519586
  Epoch 6/10, Loss: 1.112444
  Epoch 7/10, Loss: 1.059568
  Epoch 8/10, Loss: 0.628497
  Epoch 9/10, Loss: 0.498044
  Epoch 10/10, Loss: 0.521192
✅ Model saved to ./checkpoints/ae_cluster_1_model.pt
✅ Training complete.
Training cluster 1 (n=19755)
training started...
Cluster ID: 1, Cluster Size: 19755
  Epoch 1/10, Loss: 0.567116
  Epoch 2/10, Loss: 0.416370
  Epoch 3/10, Loss: 0.421892
  Epoch 4/10, Loss: 0.334720
  Epoch 5/10, Loss: 0.310835
  Epoch 6/10, Loss: 0.287997
  Epoch 7/10, Loss: 0.256295
  Epoch 8/10, Loss: 0.274932
  Epoch 9/10, Loss: 0.241236
  Epoch 10/10, Loss: 0.257979
✅ Model saved to ./checkpoints/ae_cluster_1_model.pt
✅ Training complete.
Training cluster 1 (n=19755)
training started...
Cluster ID: 1, Cluster Size: 19755
  Epoch 1/70, Loss: 0.337093
  Epoch 2/70, Loss: 0.215257
  Epoch 3/70, Loss: 0.326473
  Epoch 4/70, Loss: 0.210649
  Epoch 5/70, Loss: 0.197350
  Epoch 6/70, Loss: 0.228819
  Epoch 7/70, Loss: 0.187418
  Epoch 8/70, Loss: 0.287073
  Epoch 9/70, Loss: 0.229738
  Epoch 10/70, Loss: 0.186428
  Epoch 11/70, Loss: 0.185839
  Epoch 12/70, Loss: 0.185370
  Epoch 13/70, Loss: 0.179267
  Epoch 14/70, Loss: 0.140797
  Epoch 15/70, Loss: 0.200238
  Epoch 16/70, Loss: 0.202643
  Epoch 17/70, Loss: 0.215940
  Epoch 18/70, Loss: 0.144609
  Epoch 19/70, Loss: 0.203820
  Epoch 20/70, Loss: 0.196665
  Epoch 21/70, Loss: 0.161787
  Epoch 22/70, Loss: 0.141256
  Epoch 23/70, Loss: 0.145725
  Epoch 24/70, Loss: 0.148229
  Epoch 25/70, Loss: 0.091441
  Epoch 26/70, Loss: 0.117791
  Epoch 27/70, Loss: 0.133775
  Epoch 28/70, Loss: 0.169325
  Epoch 29/70, Loss: 0.144394
  Epoch 30/70, Loss: 0.127915
  Epoch 31/70, Loss: 0.125993
  Epoch 32/70, Loss: 0.211327
  Epoch 33/70, Loss: 0.114104
  Epoch 34/70, Loss: 0.172405
  Epoch 35/70, Loss: 0.150325
  Epoch 36/70, Loss: 0.088298
  Epoch 37/70, Loss: 0.195470
  Epoch 38/70, Loss: 0.144802
  Epoch 39/70, Loss: 0.130158
  Epoch 40/70, Loss: 0.140074
  Epoch 41/70, Loss: 0.160941
  Epoch 42/70, Loss: 0.121660
  Epoch 43/70, Loss: 0.174405
  Epoch 44/70, Loss: 0.119726
  Epoch 45/70, Loss: 0.174929
  Epoch 46/70, Loss: 0.101341
  Epoch 47/70, Loss: 0.150790
  Epoch 48/70, Loss: 0.095949
  Epoch 49/70, Loss: 0.162696
  Epoch 50/70, Loss: 0.106351
  Epoch 51/70, Loss: 0.087237
  Epoch 52/70, Loss: 0.134910
  Epoch 53/70, Loss: 0.178781
  Epoch 54/70, Loss: 0.131169
  Epoch 55/70, Loss: 0.149414
  Epoch 56/70, Loss: 0.160041
  Epoch 57/70, Loss: 0.134244
  Epoch 58/70, Loss: 0.157068
  Epoch 59/70, Loss: 0.079424
  Epoch 60/70, Loss: 0.224966
  Epoch 61/70, Loss: 0.141804
  Epoch 62/70, Loss: 0.102484
  Epoch 63/70, Loss: 0.096448
  Epoch 64/70, Loss: 0.115635
  Epoch 65/70, Loss: 0.120300
  Epoch 66/70, Loss: 0.107123
  Epoch 67/70, Loss: 0.109927
  Epoch 68/70, Loss: 0.124200
  Epoch 69/70, Loss: 0.099958
  Epoch 70/70, Loss: 0.182624
✅ Model saved to ./checkpoints/ae_cluster_1_model.pt
✅ Training complete.
Training cluster 1 (n=19755)
training started...
Cluster ID: 1, Cluster Size: 19755
  Epoch 1/20, Loss: 0.659431
  Epoch 2/20, Loss: 0.647959
  Epoch 3/20, Loss: 0.568669
  Epoch 4/20, Loss: 0.440093
  Epoch 5/20, Loss: 0.391837
  Epoch 6/20, Loss: 1.019699
  Epoch 7/20, Loss: 0.490223
  Epoch 8/20, Loss: 0.371977
  Epoch 9/20, Loss: 0.393317
  Epoch 10/20, Loss: 0.406118
  Epoch 11/20, Loss: 0.369093
  Epoch 12/20, Loss: 0.350777
  Epoch 13/20, Loss: 0.378828
  Epoch 14/20, Loss: 0.386328
  Epoch 15/20, Loss: 0.329375
  Epoch 16/20, Loss: 0.432581
  Epoch 17/20, Loss: 0.282032
  Epoch 18/20, Loss: 0.295896
  Epoch 19/20, Loss: 0.307371
  Epoch 20/20, Loss: 0.238127
✅ Model saved to ./checkpoints/ae_cluster_1_model.pt
✅ Training complete.
Training cluster 1 (n=19755)
training started...
Cluster ID: 1, Cluster Size: 19755
  Epoch 1/50, Loss: 0.976676
  Epoch 2/50, Loss: 0.801033
  Epoch 3/50, Loss: 0.864257
  Epoch 4/50, Loss: 0.806758
  Epoch 5/50, Loss: 0.678531
  Epoch 6/50, Loss: 0.565345
  Epoch 7/50, Loss: 0.601235
  Epoch 8/50, Loss: 0.556456
  Epoch 9/50, Loss: 0.486714
  Epoch 10/50, Loss: 0.422799
  Epoch 11/50, Loss: 0.439256
  Epoch 12/50, Loss: 0.448397
  Epoch 13/50, Loss: 0.393831
  Epoch 14/50, Loss: 0.329909
  Epoch 15/50, Loss: 0.323649
  Epoch 16/50, Loss: 0.340293
  Epoch 17/50, Loss: 0.264754
  Epoch 18/50, Loss: 0.273529
  Epoch 19/50, Loss: 0.212294
  Epoch 20/50, Loss: 0.268354
  Epoch 21/50, Loss: 0.204692
  Epoch 22/50, Loss: 0.218418
  Epoch 23/50, Loss: 0.218909
  Epoch 24/50, Loss: 0.218694
  Epoch 25/50, Loss: 0.169149
  Epoch 26/50, Loss: 0.155946
  Epoch 27/50, Loss: 0.149775
  Epoch 28/50, Loss: 0.147296
  Epoch 29/50, Loss: 0.142499
  Epoch 30/50, Loss: 0.122014
  Epoch 31/50, Loss: 0.116034
  Epoch 32/50, Loss: 0.140723
  Epoch 33/50, Loss: 0.118979
  Epoch 34/50, Loss: 0.134623
  Epoch 35/50, Loss: 0.121423
  Epoch 36/50, Loss: 0.116791
  Epoch 37/50, Loss: 0.105024
  Epoch 38/50, Loss: 0.110482
  Epoch 39/50, Loss: 0.118463
  Epoch 40/50, Loss: 0.106469
  Epoch 41/50, Loss: 0.120980
  Epoch 42/50, Loss: 0.120311
  Epoch 43/50, Loss: 0.101751
  Epoch 44/50, Loss: 0.093960
  Epoch 45/50, Loss: 0.116566
  Epoch 46/50, Loss: 0.095640
  Epoch 47/50, Loss: 0.109124
  Epoch 48/50, Loss: 0.103576
  Epoch 49/50, Loss: 0.093775
  Epoch 50/50, Loss: 0.093926
✅ Model saved to ./checkpoints/ae_cluster_1_model.pt
✅ Training complete.
Training cluster 1 (n=19755)
training started...
Cluster ID: 1, Cluster Size: 19755
  Epoch 1/40, Loss: 1.014985
  Epoch 2/40, Loss: 0.728599
  Epoch 3/40, Loss: 0.905957
  Epoch 4/40, Loss: 0.742951
  Epoch 5/40, Loss: 0.836620
  Epoch 6/40, Loss: 0.628815
  Epoch 7/40, Loss: 0.453570
  Epoch 8/40, Loss: 0.503748
  Epoch 9/40, Loss: 0.584131
  Epoch 10/40, Loss: 0.486637
  Epoch 11/40, Loss: 0.644128
  Epoch 12/40, Loss: 0.442185
  Epoch 13/40, Loss: 0.366965
  Epoch 14/40, Loss: 0.365757
  Epoch 15/40, Loss: 0.438399
  Epoch 16/40, Loss: 0.623921
  Epoch 17/40, Loss: 0.699957
  Epoch 18/40, Loss: 0.384423
  Epoch 19/40, Loss: 0.430623
  Epoch 20/40, Loss: 0.533562
  Epoch 21/40, Loss: 0.355700
  Epoch 22/40, Loss: 0.419319
  Epoch 23/40, Loss: 0.440199
  Epoch 24/40, Loss: 0.369227
  Epoch 25/40, Loss: 0.498284
  Epoch 26/40, Loss: 0.400149
  Epoch 27/40, Loss: 0.304399
  Epoch 28/40, Loss: 0.413334
  Epoch 29/40, Loss: 0.523219
  Epoch 30/40, Loss: 0.366778
  Epoch 31/40, Loss: 0.383984
  Epoch 32/40, Loss: 0.398077
  Epoch 33/40, Loss: 0.327521
  Epoch 34/40, Loss: 0.317825
  Epoch 35/40, Loss: 0.358232
  Epoch 36/40, Loss: 0.304140
  Epoch 37/40, Loss: 0.407105
  Epoch 38/40, Loss: 0.458448
  Epoch 39/40, Loss: 0.295633
  Epoch 40/40, Loss: 0.371620
✅ Model saved to ./checkpoints/ae_cluster_1_model.pt
✅ Training complete.
Training cluster 1 (n=19755)
training started...
Cluster ID: 1, Cluster Size: 19755
  Epoch 1/10, Loss: 0.708170
  Epoch 2/10, Loss: 0.563035
  Epoch 3/10, Loss: 0.357711
  Epoch 4/10, Loss: 0.781822
  Epoch 5/10, Loss: 0.377069
  Epoch 6/10, Loss: 0.311737
  Epoch 7/10, Loss: 0.380268
  Epoch 8/10, Loss: 0.727983
  Epoch 9/10, Loss: 0.633757
  Epoch 10/10, Loss: 0.357048
✅ Model saved to ./checkpoints/ae_cluster_1_model.pt
✅ Training complete.
Training cluster 1 (n=19755)
training started...
Cluster ID: 1, Cluster Size: 19755
  Epoch 1/10, Loss: 0.277341
  Epoch 2/10, Loss: 0.145008
  Epoch 3/10, Loss: 0.617491
  Epoch 4/10, Loss: 0.202302
  Epoch 5/10, Loss: 0.151816
  Epoch 6/10, Loss: 0.159174
  Epoch 7/10, Loss: 0.147367
  Epoch 8/10, Loss: 0.127758
  Epoch 9/10, Loss: 0.145213
  Epoch 10/10, Loss: 0.125223
✅ Model saved to ./checkpoints/ae_cluster_1_model.pt
✅ Training complete.
Training cluster 1 (n=19755)
training started...
Cluster ID: 1, Cluster Size: 19755
  Epoch 1/10, Loss: 0.925534
  Epoch 2/10, Loss: 1.667513
  Epoch 3/10, Loss: 0.767707
  Epoch 4/10, Loss: 0.520244
  Epoch 5/10, Loss: 0.620735
  Epoch 6/10, Loss: 0.632358
  Epoch 7/10, Loss: 1.477635
  Epoch 8/10, Loss: 0.657970
  Epoch 9/10, Loss: 0.618196
  Epoch 10/10, Loss: 0.846689
✅ Model saved to ./checkpoints/ae_cluster_1_model.pt
✅ Training complete.
Training cluster 1 (n=19755)
training started...
Cluster ID: 1, Cluster Size: 19755
  Epoch 1/100, Loss: 0.948580
  Epoch 2/100, Loss: 0.838317
  Epoch 3/100, Loss: 1.015077
  Epoch 4/100, Loss: 1.036088
  Epoch 5/100, Loss: 1.019410
  Epoch 6/100, Loss: 1.000424
  Epoch 7/100, Loss: 0.887904
  Epoch 8/100, Loss: 0.952421
  Epoch 9/100, Loss: 0.889586
  Epoch 10/100, Loss: 0.930555
  Epoch 11/100, Loss: 0.747973
  Epoch 12/100, Loss: 0.801808
  Epoch 13/100, Loss: 0.815894
  Epoch 14/100, Loss: 0.824709
  Epoch 15/100, Loss: 0.966936
  Epoch 16/100, Loss: 0.732496
  Epoch 17/100, Loss: 1.036089
  Epoch 18/100, Loss: 0.697830
  Epoch 19/100, Loss: 0.704714
  Epoch 20/100, Loss: 0.823331
  Epoch 21/100, Loss: 0.907968
  Epoch 22/100, Loss: 0.915668
  Epoch 23/100, Loss: 0.931538
  Epoch 24/100, Loss: 0.922361
  Epoch 25/100, Loss: 0.882719
  Epoch 26/100, Loss: 0.881277
  Epoch 27/100, Loss: 0.824028
  Epoch 28/100, Loss: 0.867498
  Epoch 29/100, Loss: 0.988419
  Epoch 30/100, Loss: 0.721366
  Epoch 31/100, Loss: 0.942684
  Epoch 32/100, Loss: 0.970237
  Epoch 33/100, Loss: 0.871051
  Epoch 34/100, Loss: 0.749198
  Epoch 35/100, Loss: 1.057052
  Epoch 36/100, Loss: 1.073532
  Epoch 37/100, Loss: 1.038802
  Epoch 38/100, Loss: 0.817283
  Epoch 39/100, Loss: 0.876869
  Epoch 40/100, Loss: 1.038095
  Epoch 41/100, Loss: 0.915809
  Epoch 42/100, Loss: 0.849776
  Epoch 43/100, Loss: 0.826692
  Epoch 44/100, Loss: 0.881460
  Epoch 45/100, Loss: 1.307265
  Epoch 46/100, Loss: 0.966033
  Epoch 47/100, Loss: 1.104582
  Epoch 48/100, Loss: 0.776019
  Epoch 49/100, Loss: 0.740662
  Epoch 50/100, Loss: 1.620419
  Epoch 51/100, Loss: 1.367781
  Epoch 52/100, Loss: 1.227811
  Epoch 53/100, Loss: 1.304381
  Epoch 54/100, Loss: 1.273883
  Epoch 55/100, Loss: 1.044921
  Epoch 56/100, Loss: 1.332942
  Epoch 57/100, Loss: 0.987124
  Epoch 58/100, Loss: 0.947309
  Epoch 59/100, Loss: 0.961010
  Epoch 60/100, Loss: 0.921013
  Epoch 61/100, Loss: 0.957731
  Epoch 62/100, Loss: 0.899645
  Epoch 63/100, Loss: 0.940357
  Epoch 64/100, Loss: 0.808416
  Epoch 65/100, Loss: 0.886773
  Epoch 66/100, Loss: 0.778999
  Epoch 67/100, Loss: 0.870127
  Epoch 68/100, Loss: 0.839832
  Epoch 69/100, Loss: 1.018906
  Epoch 70/100, Loss: 0.808870
  Epoch 71/100, Loss: 0.833696
  Epoch 72/100, Loss: 0.946601
  Epoch 73/100, Loss: 1.065297
  Epoch 74/100, Loss: 0.785454
  Epoch 75/100, Loss: 1.136142
  Epoch 76/100, Loss: 0.866809
  Epoch 77/100, Loss: 0.679030
  Epoch 78/100, Loss: 0.772970
  Epoch 79/100, Loss: 0.939619
  Epoch 80/100, Loss: 0.846361
  Epoch 81/100, Loss: 0.891213
  Epoch 82/100, Loss: 1.018265
  Epoch 83/100, Loss: 0.984956
  Epoch 84/100, Loss: 0.978727
  Epoch 85/100, Loss: 1.105018
  Epoch 86/100, Loss: 1.021500
  Epoch 87/100, Loss: 1.056147
  Epoch 88/100, Loss: 0.882103
  Epoch 89/100, Loss: 1.089374
  Epoch 90/100, Loss: 0.827159
  Epoch 91/100, Loss: 1.187332
  Epoch 92/100, Loss: 0.986704
  Epoch 93/100, Loss: 0.768018
  Epoch 94/100, Loss: 0.807612
  Epoch 95/100, Loss: 0.847110
  Epoch 96/100, Loss: 0.788113
  Epoch 97/100, Loss: 1.023872
  Epoch 98/100, Loss: 0.889752
  Epoch 99/100, Loss: 0.878788
  Epoch 100/100, Loss: 1.090469
✅ Model saved to ./checkpoints/ae_cluster_1_model.pt
✅ Training complete.
Training cluster 1 (n=19755)
training started...
Cluster ID: 1, Cluster Size: 19755
  Epoch 1/100, Loss: 0.895052
  Epoch 2/100, Loss: 1.055012
  Epoch 3/100, Loss: 0.919303
  Epoch 4/100, Loss: 0.778491
  Epoch 5/100, Loss: 0.723687
  Epoch 6/100, Loss: 0.691775
  Epoch 7/100, Loss: 0.774811
  Epoch 8/100, Loss: 0.765401
  Epoch 9/100, Loss: 0.661031
  Epoch 10/100, Loss: 0.702431
  Epoch 11/100, Loss: 0.742362
  Epoch 12/100, Loss: 0.673406
  Epoch 13/100, Loss: 0.633222
  Epoch 14/100, Loss: 0.495814
  Epoch 15/100, Loss: 0.704124
  Epoch 16/100, Loss: 0.482293
  Epoch 17/100, Loss: 0.481744
  Epoch 18/100, Loss: 0.503210
  Epoch 19/100, Loss: 0.436816
  Epoch 20/100, Loss: 0.424436
  Epoch 21/100, Loss: 0.425721
  Epoch 22/100, Loss: 0.459674
  Epoch 23/100, Loss: 0.388329
  Epoch 24/100, Loss: 0.472682
  Epoch 25/100, Loss: 0.494219
  Epoch 26/100, Loss: 0.406369
  Epoch 27/100, Loss: 0.397402
  Epoch 28/100, Loss: 0.361845
  Epoch 29/100, Loss: 0.417194
  Epoch 30/100, Loss: 0.404962
  Epoch 31/100, Loss: 0.380090
  Epoch 32/100, Loss: 0.324612
  Epoch 33/100, Loss: 0.337367
  Epoch 34/100, Loss: 0.422262
  Epoch 35/100, Loss: 0.320277
  Epoch 36/100, Loss: 0.416856
  Epoch 37/100, Loss: 0.372548
  Epoch 38/100, Loss: 0.338832
  Epoch 39/100, Loss: 0.307209
  Epoch 40/100, Loss: 0.317260
  Epoch 41/100, Loss: 0.587659
  Epoch 42/100, Loss: 0.334696
  Epoch 43/100, Loss: 0.303579
  Epoch 44/100, Loss: 0.400997
  Epoch 45/100, Loss: 0.313817
  Epoch 46/100, Loss: 0.369307
  Epoch 47/100, Loss: 0.257988
  Epoch 48/100, Loss: 0.303372
  Epoch 49/100, Loss: 0.303542
  Epoch 50/100, Loss: 0.272503
  Epoch 51/100, Loss: 0.285554
  Epoch 52/100, Loss: 0.346323
  Epoch 53/100, Loss: 0.316481
  Epoch 54/100, Loss: 0.284599
  Epoch 55/100, Loss: 0.270601
  Epoch 56/100, Loss: 0.274559
  Epoch 57/100, Loss: 0.274735
  Epoch 58/100, Loss: 0.274841
  Epoch 59/100, Loss: 0.296157
  Epoch 60/100, Loss: 0.238365
  Epoch 61/100, Loss: 0.245701
  Epoch 62/100, Loss: 0.264003
  Epoch 63/100, Loss: 0.251503
  Epoch 64/100, Loss: 0.232735
  Epoch 65/100, Loss: 0.227619
  Epoch 66/100, Loss: 0.221029
  Epoch 67/100, Loss: 0.231235
  Epoch 68/100, Loss: 0.210855
  Epoch 69/100, Loss: 0.241925
  Epoch 70/100, Loss: 0.227502
  Epoch 71/100, Loss: 0.232219
  Epoch 72/100, Loss: 0.200640
  Epoch 73/100, Loss: 0.224491
  Epoch 74/100, Loss: 0.236012
  Epoch 75/100, Loss: 0.226022
  Epoch 76/100, Loss: 0.242752
  Epoch 77/100, Loss: 0.198606
  Epoch 78/100, Loss: 0.236578
  Epoch 79/100, Loss: 0.215556
  Epoch 80/100, Loss: 0.198104
  Epoch 81/100, Loss: 0.223859
  Epoch 82/100, Loss: 0.213057
  Epoch 83/100, Loss: 0.197333
  Epoch 84/100, Loss: 0.199845
  Epoch 85/100, Loss: 0.200153
  Epoch 86/100, Loss: 0.200691
  Epoch 87/100, Loss: 0.186789
  Epoch 88/100, Loss: 0.163101
  Epoch 89/100, Loss: 0.210883
  Epoch 90/100, Loss: 0.201166
  Epoch 91/100, Loss: 0.161947
  Epoch 92/100, Loss: 0.172746
  Epoch 93/100, Loss: 0.194992
  Epoch 94/100, Loss: 0.167806
  Epoch 95/100, Loss: 0.254938
  Epoch 96/100, Loss: 0.218938
  Epoch 97/100, Loss: 0.211816
  Epoch 98/100, Loss: 0.265373
  Epoch 99/100, Loss: 0.227014
  Epoch 100/100, Loss: 0.196620
✅ Model saved to ./checkpoints/ae_cluster_1_model.pt
✅ Training complete.
Training cluster 1 (n=19755)
training started...
Cluster ID: 1, Cluster Size: 19755
  Epoch 1/70, Loss: 1.778036
  Epoch 2/70, Loss: 0.605307
  Epoch 3/70, Loss: 1.063419
  Epoch 4/70, Loss: 0.850262
  Epoch 5/70, Loss: 0.592284
  Epoch 6/70, Loss: 0.863610
  Epoch 7/70, Loss: 0.490863
  Epoch 8/70, Loss: 0.558437
  Epoch 9/70, Loss: 0.366361
  Epoch 10/70, Loss: 0.436182
  Epoch 11/70, Loss: 0.378453
  Epoch 12/70, Loss: 0.476386
  Epoch 13/70, Loss: 0.516461
  Epoch 14/70, Loss: 0.460231
  Epoch 15/70, Loss: 0.421113
  Epoch 16/70, Loss: 0.407001
  Epoch 17/70, Loss: 0.635791
  Epoch 18/70, Loss: 0.437318
  Epoch 19/70, Loss: 0.362417
  Epoch 20/70, Loss: 0.573326
  Epoch 21/70, Loss: 0.357304
  Epoch 22/70, Loss: 0.433306
  Epoch 23/70, Loss: 0.459238
  Epoch 24/70, Loss: 0.378562
  Epoch 25/70, Loss: 0.446339
  Epoch 26/70, Loss: 0.351779
  Epoch 27/70, Loss: 0.282078
  Epoch 28/70, Loss: 0.294477
  Epoch 29/70, Loss: 0.473337
  Epoch 30/70, Loss: 0.459083
  Epoch 31/70, Loss: 0.310911
  Epoch 32/70, Loss: 0.254481
  Epoch 33/70, Loss: 0.321118
  Epoch 34/70, Loss: 0.412891
  Epoch 35/70, Loss: 0.284769
  Epoch 36/70, Loss: 0.234129
  Epoch 37/70, Loss: 0.330785
  Epoch 38/70, Loss: 0.374431
  Epoch 39/70, Loss: 0.347132
  Epoch 40/70, Loss: 0.452801
  Epoch 41/70, Loss: 0.238733
  Epoch 42/70, Loss: 0.266718
  Epoch 43/70, Loss: 0.301123
  Epoch 44/70, Loss: 0.396628
  Epoch 45/70, Loss: 0.611956
  Epoch 46/70, Loss: 0.315040
  Epoch 47/70, Loss: 0.304164
  Epoch 48/70, Loss: 0.612364
  Epoch 49/70, Loss: 0.253754
  Epoch 50/70, Loss: 0.282887
  Epoch 51/70, Loss: 0.216878
  Epoch 52/70, Loss: 0.281151
  Epoch 53/70, Loss: 0.238018
  Epoch 54/70, Loss: 0.301395
  Epoch 55/70, Loss: 0.257079
  Epoch 56/70, Loss: 0.292080
  Epoch 57/70, Loss: 0.306295
  Epoch 58/70, Loss: 0.298432
  Epoch 59/70, Loss: 0.300258
  Epoch 60/70, Loss: 0.313558
  Epoch 61/70, Loss: 0.270201
  Epoch 62/70, Loss: 0.321554
  Epoch 63/70, Loss: 0.335557
  Epoch 64/70, Loss: 0.246959
  Epoch 65/70, Loss: 0.313713
  Epoch 66/70, Loss: 0.236359
  Epoch 67/70, Loss: 0.313009
  Epoch 68/70, Loss: 0.738539
  Epoch 69/70, Loss: 0.245774
  Epoch 70/70, Loss: 0.233138
✅ Model saved to ./checkpoints/ae_cluster_1_model.pt
✅ Training complete.
Training cluster 1 (n=19755)
training started...
Cluster ID: 1, Cluster Size: 19755
  Epoch 1/100, Loss: 0.868801
  Epoch 2/100, Loss: 0.807859
  Epoch 3/100, Loss: 1.045363
  Epoch 4/100, Loss: 0.805537
  Epoch 5/100, Loss: 0.785572
  Epoch 6/100, Loss: 0.836703
  Epoch 7/100, Loss: 0.835827
  Epoch 8/100, Loss: 0.740245
  Epoch 9/100, Loss: 0.729569
  Epoch 10/100, Loss: 0.942141
  Epoch 11/100, Loss: 0.817581
  Epoch 12/100, Loss: 0.914736
  Epoch 13/100, Loss: 0.772693
  Epoch 14/100, Loss: 0.918094
  Epoch 15/100, Loss: 0.986059
  Epoch 16/100, Loss: 1.053610
  Epoch 17/100, Loss: 1.207045
  Epoch 18/100, Loss: 0.996014
  Epoch 19/100, Loss: 0.778232
  Epoch 20/100, Loss: 0.969754
  Epoch 21/100, Loss: 0.828950
  Epoch 22/100, Loss: 0.895917
  Epoch 23/100, Loss: 0.857015
  Epoch 24/100, Loss: 0.694451
  Epoch 25/100, Loss: 0.806995
  Epoch 26/100, Loss: 0.813934
  Epoch 27/100, Loss: 0.822557
  Epoch 28/100, Loss: 0.885096
  Epoch 29/100, Loss: 0.970740
  Epoch 30/100, Loss: 0.750055
  Epoch 31/100, Loss: 0.837738
  Epoch 32/100, Loss: 0.834408
  Epoch 33/100, Loss: 1.007022
  Epoch 34/100, Loss: 0.784385
  Epoch 35/100, Loss: 0.739627
  Epoch 36/100, Loss: 0.975850
  Epoch 37/100, Loss: 0.968169
  Epoch 38/100, Loss: 0.959768
  Epoch 39/100, Loss: 0.797561
  Epoch 40/100, Loss: 0.972735
  Epoch 41/100, Loss: 0.868178
  Epoch 42/100, Loss: 0.915487
  Epoch 43/100, Loss: 0.810500
  Epoch 44/100, Loss: 1.029579
  Epoch 45/100, Loss: 0.890468
  Epoch 46/100, Loss: 0.757787
  Epoch 47/100, Loss: 0.908137
  Epoch 48/100, Loss: 0.947743
  Epoch 49/100, Loss: 0.886038
  Epoch 50/100, Loss: 0.827821
  Epoch 51/100, Loss: 0.768074
  Epoch 52/100, Loss: 0.798576
  Epoch 53/100, Loss: 0.822558
  Epoch 54/100, Loss: 0.782210
  Epoch 55/100, Loss: 0.801830
  Epoch 56/100, Loss: 1.167015
  Epoch 57/100, Loss: 0.828426
  Epoch 58/100, Loss: 0.988715
  Epoch 59/100, Loss: 0.901415
  Epoch 60/100, Loss: 0.831488
  Epoch 61/100, Loss: 1.112632
  Epoch 62/100, Loss: 0.999914
  Epoch 63/100, Loss: 0.906954
  Epoch 64/100, Loss: 0.978818
  Epoch 65/100, Loss: 0.886873
  Epoch 66/100, Loss: 1.003990
  Epoch 67/100, Loss: 0.886845
  Epoch 68/100, Loss: 0.794421
  Epoch 69/100, Loss: 0.745526
  Epoch 70/100, Loss: 0.876405
  Epoch 71/100, Loss: 1.076900
  Epoch 72/100, Loss: 0.885219
  Epoch 73/100, Loss: 0.870392
  Epoch 74/100, Loss: 0.823209
  Epoch 75/100, Loss: 0.894962
  Epoch 76/100, Loss: 1.022959
  Epoch 77/100, Loss: 0.966039
  Epoch 78/100, Loss: 1.061969
  Epoch 79/100, Loss: 0.967563
  Epoch 80/100, Loss: 1.155746
  Epoch 81/100, Loss: 0.917630
  Epoch 82/100, Loss: 0.765622
  Epoch 83/100, Loss: 0.766759
  Epoch 84/100, Loss: 0.945422
  Epoch 85/100, Loss: 0.906211
  Epoch 86/100, Loss: 0.960543
  Epoch 87/100, Loss: 0.860600
  Epoch 88/100, Loss: 0.949109
  Epoch 89/100, Loss: 0.733274
  Epoch 90/100, Loss: 0.839923
  Epoch 91/100, Loss: 0.985212
  Epoch 92/100, Loss: 0.855405
  Epoch 93/100, Loss: 0.819039
  Epoch 94/100, Loss: 0.917005
  Epoch 95/100, Loss: 0.790617
  Epoch 96/100, Loss: 0.920922
  Epoch 97/100, Loss: 0.785497
  Epoch 98/100, Loss: 0.766721
  Epoch 99/100, Loss: 0.852415
  Epoch 100/100, Loss: 0.787387
✅ Model saved to ./checkpoints/ae_cluster_1_model.pt
✅ Training complete.
Training cluster 1 (n=19755)
training started...
Cluster ID: 1, Cluster Size: 19755
  Epoch 1/90, Loss: 0.899875
  Epoch 2/90, Loss: 1.721887
  Epoch 3/90, Loss: 1.045967
  Epoch 4/90, Loss: 1.137934
  Epoch 5/90, Loss: 1.075656
  Epoch 6/90, Loss: 0.889688
  Epoch 7/90, Loss: 1.022788
  Epoch 8/90, Loss: 0.795826
  Epoch 9/90, Loss: 0.847802
  Epoch 10/90, Loss: 0.835028
  Epoch 11/90, Loss: 0.777835
  Epoch 12/90, Loss: 1.061493
  Epoch 13/90, Loss: 0.925196
  Epoch 14/90, Loss: 0.799080
  Epoch 15/90, Loss: 1.253262
  Epoch 16/90, Loss: 0.963299
  Epoch 17/90, Loss: 0.869264
  Epoch 18/90, Loss: 0.761230
  Epoch 19/90, Loss: 0.845952
  Epoch 20/90, Loss: 1.000865
  Epoch 21/90, Loss: 0.791735
  Epoch 22/90, Loss: 1.307098
  Epoch 23/90, Loss: 0.783685
  Epoch 24/90, Loss: 0.805969
  Epoch 25/90, Loss: 0.814551
  Epoch 26/90, Loss: 0.809431
  Epoch 27/90, Loss: 0.745264
  Epoch 28/90, Loss: 0.720086
  Epoch 29/90, Loss: 0.831755
  Epoch 30/90, Loss: 0.958292
  Epoch 31/90, Loss: 1.086667
  Epoch 32/90, Loss: 0.931561
  Epoch 33/90, Loss: 1.030563
  Epoch 34/90, Loss: 1.195907
  Epoch 35/90, Loss: 1.149030
  Epoch 36/90, Loss: 1.030354
  Epoch 37/90, Loss: 0.864362
  Epoch 38/90, Loss: 1.205486
  Epoch 39/90, Loss: 0.844553
  Epoch 40/90, Loss: 0.958134
  Epoch 41/90, Loss: 0.753091
  Epoch 42/90, Loss: 0.768083
  Epoch 43/90, Loss: 0.851458
  Epoch 44/90, Loss: 0.719100
  Epoch 45/90, Loss: 0.871985
  Epoch 46/90, Loss: 0.878123
  Epoch 47/90, Loss: 1.221310
  Epoch 48/90, Loss: 0.744412
  Epoch 49/90, Loss: 0.830152
  Epoch 50/90, Loss: 0.931411
  Epoch 51/90, Loss: 0.845660
  Epoch 52/90, Loss: 0.851153
  Epoch 53/90, Loss: 0.837221
  Epoch 54/90, Loss: 0.780551
  Epoch 55/90, Loss: 0.904962
  Epoch 56/90, Loss: 1.020145
  Epoch 57/90, Loss: 0.908805
  Epoch 58/90, Loss: 0.864644
  Epoch 59/90, Loss: 0.891472
  Epoch 60/90, Loss: 0.890462
  Epoch 61/90, Loss: 0.829970
  Epoch 62/90, Loss: 0.991277
  Epoch 63/90, Loss: 0.780029
  Epoch 64/90, Loss: 0.863855
  Epoch 65/90, Loss: 0.725713
  Epoch 66/90, Loss: 0.911470
  Epoch 67/90, Loss: 0.877617
  Epoch 68/90, Loss: 1.017188
  Epoch 69/90, Loss: 0.895323
  Epoch 70/90, Loss: 0.955814
  Epoch 71/90, Loss: 1.153776
  Epoch 72/90, Loss: 0.937430
  Epoch 73/90, Loss: 0.873834
  Epoch 74/90, Loss: 0.858474
  Epoch 75/90, Loss: 0.994675
  Epoch 76/90, Loss: 0.842951
  Epoch 77/90, Loss: 0.848477
  Epoch 78/90, Loss: 0.788298
  Epoch 79/90, Loss: 0.893946
  Epoch 80/90, Loss: 0.925606
  Epoch 81/90, Loss: 0.731379
  Epoch 82/90, Loss: 0.970161
  Epoch 83/90, Loss: 0.917048
  Epoch 84/90, Loss: 0.759540
  Epoch 85/90, Loss: 0.775893
  Epoch 86/90, Loss: 1.070537
  Epoch 87/90, Loss: 0.805607
  Epoch 88/90, Loss: 0.987265
  Epoch 89/90, Loss: 0.810372
  Epoch 90/90, Loss: 1.146624
✅ Model saved to ./checkpoints/ae_cluster_1_model.pt
✅ Training complete.
Training cluster 1 (n=19755)
training started...
Cluster ID: 1, Cluster Size: 19755
  Epoch 1/30, Loss: 0.542535
  Epoch 2/30, Loss: 0.520580
  Epoch 3/30, Loss: 0.943605
  Epoch 4/30, Loss: 0.521251
  Epoch 5/30, Loss: 0.400191
  Epoch 6/30, Loss: 0.787375
  Epoch 7/30, Loss: 0.525915
  Epoch 8/30, Loss: 2.709813
  Epoch 9/30, Loss: 0.622547
  Epoch 10/30, Loss: 0.533485
  Epoch 11/30, Loss: 0.624472
  Epoch 12/30, Loss: 0.723192
  Epoch 13/30, Loss: 0.759491
  Epoch 14/30, Loss: 0.622805
  Epoch 15/30, Loss: 1.032125
  Epoch 16/30, Loss: 1.096423
  Epoch 17/30, Loss: 0.645943
  Epoch 18/30, Loss: 0.748168
  Epoch 19/30, Loss: 1.186098
  Epoch 20/30, Loss: 0.672515
  Epoch 21/30, Loss: 0.556498
  Epoch 22/30, Loss: 0.685684
  Epoch 23/30, Loss: 0.856731
  Epoch 24/30, Loss: 0.675869
  Epoch 25/30, Loss: 0.576671
  Epoch 26/30, Loss: 0.700540
  Epoch 27/30, Loss: 0.914093
  Epoch 28/30, Loss: 0.769164
  Epoch 29/30, Loss: 0.879279
  Epoch 30/30, Loss: 0.636644
✅ Model saved to ./checkpoints/ae_cluster_1_model.pt
✅ Training complete.
Training cluster 1 (n=19755)
training started...
Cluster ID: 1, Cluster Size: 19755
  Epoch 1/10, Loss: 0.340698
  Epoch 2/10, Loss: 0.237589
  Epoch 3/10, Loss: 0.344826
  Epoch 4/10, Loss: 0.237141
  Epoch 5/10, Loss: 0.214158
  Epoch 6/10, Loss: 0.248144
  Epoch 7/10, Loss: 0.199087
  Epoch 8/10, Loss: 0.397876
  Epoch 9/10, Loss: 0.254464
  Epoch 10/10, Loss: 0.189306
✅ Model saved to ./checkpoints/ae_cluster_1_model.pt
✅ Training complete.
Training cluster 1 (n=19755)
training started...
Cluster ID: 1, Cluster Size: 19755
  Epoch 1/10, Loss: 0.716772
  Epoch 2/10, Loss: 0.984051
  Epoch 3/10, Loss: 0.608449
  Epoch 4/10, Loss: 0.657470
  Epoch 5/10, Loss: 0.749504
  Epoch 6/10, Loss: 0.698541
  Epoch 7/10, Loss: 0.603591
  Epoch 8/10, Loss: 0.604839
  Epoch 9/10, Loss: 0.666903
  Epoch 10/10, Loss: 0.638988
✅ Model saved to ./checkpoints/ae_cluster_1_model.pt
✅ Training complete.
Training cluster 1 (n=19755)
training started...
Cluster ID: 1, Cluster Size: 19755
  Epoch 1/50, Loss: 0.802925
  Epoch 2/50, Loss: 1.001822
  Epoch 3/50, Loss: 0.749467
  Epoch 4/50, Loss: 0.642416
  Epoch 5/50, Loss: 0.820205
  Epoch 6/50, Loss: 0.889052
  Epoch 7/50, Loss: 0.622607
  Epoch 8/50, Loss: 0.558861
  Epoch 9/50, Loss: 0.554493
  Epoch 10/50, Loss: 0.625117
  Epoch 11/50, Loss: 0.456136
  Epoch 12/50, Loss: 0.471362
  Epoch 13/50, Loss: 0.923256
  Epoch 14/50, Loss: 0.512255
  Epoch 15/50, Loss: 0.600437
  Epoch 16/50, Loss: 0.540487
  Epoch 17/50, Loss: 0.499058
  Epoch 18/50, Loss: 0.582088
  Epoch 19/50, Loss: 0.482344
  Epoch 20/50, Loss: 0.435693
  Epoch 21/50, Loss: 0.456711
  Epoch 22/50, Loss: 0.403553
  Epoch 23/50, Loss: 0.463996
  Epoch 24/50, Loss: 0.359258
  Epoch 25/50, Loss: 0.362760
  Epoch 26/50, Loss: 0.336183
  Epoch 27/50, Loss: 0.445210
  Epoch 28/50, Loss: 0.372975
  Epoch 29/50, Loss: 0.385461
  Epoch 30/50, Loss: 0.392556
  Epoch 31/50, Loss: 0.532498
  Epoch 32/50, Loss: 0.345530
  Epoch 33/50, Loss: 0.324025
  Epoch 34/50, Loss: 0.323294
  Epoch 35/50, Loss: 0.330855
  Epoch 36/50, Loss: 0.332591
  Epoch 37/50, Loss: 0.307855
  Epoch 38/50, Loss: 0.286461
  Epoch 39/50, Loss: 0.360477
  Epoch 40/50, Loss: 0.299481
  Epoch 41/50, Loss: 0.279613
  Epoch 42/50, Loss: 0.346617
  Epoch 43/50, Loss: 0.271733
  Epoch 44/50, Loss: 0.286567
  Epoch 45/50, Loss: 0.321571
  Epoch 46/50, Loss: 0.304221
  Epoch 47/50, Loss: 0.322911
  Epoch 48/50, Loss: 0.362465
  Epoch 49/50, Loss: 0.265324
  Epoch 50/50, Loss: 0.304887
✅ Model saved to ./checkpoints/ae_cluster_1_model.pt
✅ Training complete.
Training cluster 1 (n=19755)
training started...
Cluster ID: 1, Cluster Size: 19755
  Epoch 1/50, Loss: 0.289231
  Epoch 2/50, Loss: 0.170376
  Epoch 3/50, Loss: 0.279333
  Epoch 4/50, Loss: 0.232698
  Epoch 5/50, Loss: 0.165445
  Epoch 6/50, Loss: 0.306096
  Epoch 7/50, Loss: 0.199352
  Epoch 8/50, Loss: 0.460892
  Epoch 9/50, Loss: 0.284858
  Epoch 10/50, Loss: 0.118477
  Epoch 11/50, Loss: 0.134758
  Epoch 12/50, Loss: 0.187596
  Epoch 13/50, Loss: 0.222160
  Epoch 14/50, Loss: 0.140259
  Epoch 15/50, Loss: 0.168335
  Epoch 16/50, Loss: 0.176451
  Epoch 17/50, Loss: 0.192469
  Epoch 18/50, Loss: 0.152000
  Epoch 19/50, Loss: 0.404950
  Epoch 20/50, Loss: 0.144345
  Epoch 21/50, Loss: 0.120454
  Epoch 22/50, Loss: 0.141383
  Epoch 23/50, Loss: 0.188946
  Epoch 24/50, Loss: 0.181397
  Epoch 25/50, Loss: 0.068933
  Epoch 26/50, Loss: 0.139232
  Epoch 27/50, Loss: 0.168034
  Epoch 28/50, Loss: 0.151551
  Epoch 29/50, Loss: 0.186994
  Epoch 30/50, Loss: 0.102458
  Epoch 31/50, Loss: 0.095955
  Epoch 32/50, Loss: 0.154039
  Epoch 33/50, Loss: 0.131387
  Epoch 34/50, Loss: 0.165077
  Epoch 35/50, Loss: 0.102593
  Epoch 36/50, Loss: 0.068921
  Epoch 37/50, Loss: 0.158706
  Epoch 38/50, Loss: 0.186681
  Epoch 39/50, Loss: 0.154990
  Epoch 40/50, Loss: 0.140793
  Epoch 41/50, Loss: 0.103486
  Epoch 42/50, Loss: 0.115927
  Epoch 43/50, Loss: 0.236973
  Epoch 44/50, Loss: 0.149119
  Epoch 45/50, Loss: 0.341949
  Epoch 46/50, Loss: 0.115295
  Epoch 47/50, Loss: 0.109520
  Epoch 48/50, Loss: 0.089086
  Epoch 49/50, Loss: 0.142294
  Epoch 50/50, Loss: 0.092589
✅ Model saved to ./checkpoints/ae_cluster_1_model.pt
✅ Training complete.
Training cluster 1 (n=19755)
training started...
Cluster ID: 1, Cluster Size: 19755
  Epoch 1/100, Loss: 0.451393
  Epoch 2/100, Loss: 0.260739
  Epoch 3/100, Loss: 0.991498
  Epoch 4/100, Loss: 0.765995
  Epoch 5/100, Loss: 0.686903
  Epoch 6/100, Loss: 0.861176
  Epoch 7/100, Loss: 0.660014
  Epoch 8/100, Loss: 1.714325
  Epoch 9/100, Loss: 0.795172
  Epoch 10/100, Loss: 0.686450
  Epoch 11/100, Loss: 0.798363
  Epoch 12/100, Loss: 0.689052
  Epoch 13/100, Loss: 0.671570
  Epoch 14/100, Loss: 0.629418
  Epoch 15/100, Loss: 0.954476
  Epoch 16/100, Loss: 1.044341
  Epoch 17/100, Loss: 1.889175
  Epoch 18/100, Loss: 0.704855
  Epoch 19/100, Loss: 1.032638
  Epoch 20/100, Loss: 1.121523
  Epoch 21/100, Loss: 0.704793
  Epoch 22/100, Loss: 0.671211
  Epoch 23/100, Loss: 0.725629
  Epoch 24/100, Loss: 0.658768
  Epoch 25/100, Loss: 0.669710
  Epoch 26/100, Loss: 0.629247
  Epoch 27/100, Loss: 0.779883
  Epoch 28/100, Loss: 0.830915
  Epoch 29/100, Loss: 0.698371
  Epoch 30/100, Loss: 0.683665
  Epoch 31/100, Loss: 0.806541
  Epoch 32/100, Loss: 0.913643
  Epoch 33/100, Loss: 0.759273
  Epoch 34/100, Loss: 0.844120
  Epoch 35/100, Loss: 1.333224
  Epoch 36/100, Loss: 0.668927
  Epoch 37/100, Loss: 1.662123
  Epoch 38/100, Loss: 1.076244
  Epoch 39/100, Loss: 0.709874
  Epoch 40/100, Loss: 0.757817
  Epoch 41/100, Loss: 1.226998
  Epoch 42/100, Loss: 0.799438
  Epoch 43/100, Loss: 0.807137
  Epoch 44/100, Loss: 0.923606
  Epoch 45/100, Loss: 1.783190
  Epoch 46/100, Loss: 0.695268
  Epoch 47/100, Loss: 1.202759
  Epoch 48/100, Loss: 0.611303
  Epoch 49/100, Loss: 0.993443
  Epoch 50/100, Loss: 0.605505
  Epoch 51/100, Loss: 0.685338
  Epoch 52/100, Loss: 1.318799
  Epoch 53/100, Loss: 1.633176
  Epoch 54/100, Loss: 0.828120
  Epoch 55/100, Loss: 0.717302
  Epoch 56/100, Loss: 0.699889
  Epoch 57/100, Loss: 0.698087
  Epoch 58/100, Loss: 0.946462
  Epoch 59/100, Loss: 0.785938
  Epoch 60/100, Loss: 1.046976
  Epoch 61/100, Loss: 0.895184
  Epoch 62/100, Loss: 0.582891
  Epoch 63/100, Loss: 0.761310
  Epoch 64/100, Loss: 0.674599
  Epoch 65/100, Loss: 0.795101
  Epoch 66/100, Loss: 0.638815
  Epoch 67/100, Loss: 1.123881
  Epoch 68/100, Loss: 0.958897
  Epoch 69/100, Loss: 0.595473
  Epoch 70/100, Loss: 1.772445
  Epoch 71/100, Loss: 0.764243
  Epoch 72/100, Loss: 0.596127
  Epoch 73/100, Loss: 1.267067
  Epoch 74/100, Loss: 0.686478
  Epoch 75/100, Loss: 0.746143
  Epoch 76/100, Loss: 0.756784
  Epoch 77/100, Loss: 0.662835
  Epoch 78/100, Loss: 0.696963
  Epoch 79/100, Loss: 0.780562
  Epoch 80/100, Loss: 0.704540
  Epoch 81/100, Loss: 0.710100
  Epoch 82/100, Loss: 2.303492
  Epoch 83/100, Loss: 1.037422
  Epoch 84/100, Loss: 0.847410
  Epoch 85/100, Loss: 0.772399
  Epoch 86/100, Loss: 0.685204
  Epoch 87/100, Loss: 0.860351
  Epoch 88/100, Loss: 1.236913
  Epoch 89/100, Loss: 0.935993
  Epoch 90/100, Loss: 1.006727
  Epoch 91/100, Loss: 0.717108
  Epoch 92/100, Loss: 1.063159
  Epoch 93/100, Loss: 0.683992
  Epoch 94/100, Loss: 1.623597
  Epoch 95/100, Loss: 1.035686
  Epoch 96/100, Loss: 0.723239
  Epoch 97/100, Loss: 1.171139
  Epoch 98/100, Loss: 1.625890
  Epoch 99/100, Loss: 0.916025
  Epoch 100/100, Loss: 0.754983
✅ Model saved to ./checkpoints/ae_cluster_1_model.pt
✅ Training complete.
Training cluster 1 (n=19755)
training started...
Cluster ID: 1, Cluster Size: 19755
  Epoch 1/20, Loss: 1.412106
  Epoch 2/20, Loss: 0.188674
  Epoch 3/20, Loss: 0.185032
  Epoch 4/20, Loss: 0.150620
  Epoch 5/20, Loss: 0.194917
  Epoch 6/20, Loss: 0.154903
  Epoch 7/20, Loss: 0.157529
  Epoch 8/20, Loss: 0.233038
  Epoch 9/20, Loss: 0.140000
  Epoch 10/20, Loss: 0.165082
  Epoch 11/20, Loss: 0.179512
  Epoch 12/20, Loss: 0.135246
  Epoch 13/20, Loss: 0.185885
  Epoch 14/20, Loss: 0.161537
  Epoch 15/20, Loss: 0.082819
  Epoch 16/20, Loss: 0.184270
  Epoch 17/20, Loss: 0.141240
  Epoch 18/20, Loss: 0.085969
  Epoch 19/20, Loss: 0.181735
  Epoch 20/20, Loss: 0.090347
✅ Model saved to ./checkpoints/ae_cluster_1_model.pt
✅ Training complete.
Training cluster 1 (n=19755)
training started...
Cluster ID: 1, Cluster Size: 19755
  Epoch 1/20, Loss: 0.315264
  Epoch 2/20, Loss: 0.301712
  Epoch 3/20, Loss: 0.254495
  Epoch 4/20, Loss: 0.247921
  Epoch 5/20, Loss: 0.214624
  Epoch 6/20, Loss: 0.192781
  Epoch 7/20, Loss: 0.197537
  Epoch 8/20, Loss: 0.220721
  Epoch 9/20, Loss: 0.198147
  Epoch 10/20, Loss: 0.152883
  Epoch 11/20, Loss: 0.135951
  Epoch 12/20, Loss: 0.160717
  Epoch 13/20, Loss: 0.154226
  Epoch 14/20, Loss: 0.151288
  Epoch 15/20, Loss: 0.132953
  Epoch 16/20, Loss: 0.157194
  Epoch 17/20, Loss: 0.138710
  Epoch 18/20, Loss: 0.147226
  Epoch 19/20, Loss: 0.116554
  Epoch 20/20, Loss: 0.166047
✅ Model saved to ./checkpoints/ae_cluster_1_model.pt
✅ Training complete.
Training cluster 1 (n=19755)
training started...
Cluster ID: 1, Cluster Size: 19755
  Epoch 1/30, Loss: 0.360851
  Epoch 2/30, Loss: 0.250058
  Epoch 3/30, Loss: 0.505663
  Epoch 4/30, Loss: 0.764453
  Epoch 5/30, Loss: 0.687173
  Epoch 6/30, Loss: 0.858885
  Epoch 7/30, Loss: 0.659655
  Epoch 8/30, Loss: 1.712563
  Epoch 9/30, Loss: 0.794172
  Epoch 10/30, Loss: 0.685738
  Epoch 11/30, Loss: 0.798759
  Epoch 12/30, Loss: 0.689108
  Epoch 13/30, Loss: 0.671346
  Epoch 14/30, Loss: 0.629669
  Epoch 15/30, Loss: 0.953753
  Epoch 16/30, Loss: 1.043986
  Epoch 17/30, Loss: 1.888842
  Epoch 18/30, Loss: 0.704900
  Epoch 19/30, Loss: 1.032284
  Epoch 20/30, Loss: 1.121493
  Epoch 21/30, Loss: 0.703303
  Epoch 22/30, Loss: 0.670350
  Epoch 23/30, Loss: 0.725327
  Epoch 24/30, Loss: 0.659459
  Epoch 25/30, Loss: 0.668587
  Epoch 26/30, Loss: 0.627556
  Epoch 27/30, Loss: 0.779687
  Epoch 28/30, Loss: 0.830581
  Epoch 29/30, Loss: 0.698022
  Epoch 30/30, Loss: 0.683663
✅ Model saved to ./checkpoints/ae_cluster_1_model.pt
✅ Training complete.
Training cluster 1 (n=19755)
training started...
Cluster ID: 1, Cluster Size: 19755
  Epoch 1/100, Loss: 0.731473
  Epoch 2/100, Loss: 0.648969
  Epoch 3/100, Loss: 0.697625
  Epoch 4/100, Loss: 0.563591
  Epoch 5/100, Loss: 0.493359
  Epoch 6/100, Loss: 0.521730
  Epoch 7/100, Loss: 0.444176
  Epoch 8/100, Loss: 0.663916
  Epoch 9/100, Loss: 0.370930
  Epoch 10/100, Loss: 0.367769
  Epoch 11/100, Loss: 0.335340
  Epoch 12/100, Loss: 0.340195
  Epoch 13/100, Loss: 0.447141
  Epoch 14/100, Loss: 0.340157
  Epoch 15/100, Loss: 0.454006
  Epoch 16/100, Loss: 0.412700
  Epoch 17/100, Loss: 0.401598
  Epoch 18/100, Loss: 0.293847
  Epoch 19/100, Loss: 0.327816
  Epoch 20/100, Loss: 0.355320
  Epoch 21/100, Loss: 0.293459
  Epoch 22/100, Loss: 0.279212
  Epoch 23/100, Loss: 0.266638
  Epoch 24/100, Loss: 0.265485
  Epoch 25/100, Loss: 0.298564
  Epoch 26/100, Loss: 0.341662
  Epoch 27/100, Loss: 0.262539
  Epoch 28/100, Loss: 0.270415
  Epoch 29/100, Loss: 0.273194
  Epoch 30/100, Loss: 0.226800
  Epoch 31/100, Loss: 0.270090
  Epoch 32/100, Loss: 0.255472
  Epoch 33/100, Loss: 0.290565
  Epoch 34/100, Loss: 0.334948
  Epoch 35/100, Loss: 0.264450
  Epoch 36/100, Loss: 0.223482
  Epoch 37/100, Loss: 0.287357
  Epoch 38/100, Loss: 0.231016
  Epoch 39/100, Loss: 0.248236
  Epoch 40/100, Loss: 0.295370
  Epoch 41/100, Loss: 0.320550
  Epoch 42/100, Loss: 0.246586
  Epoch 43/100, Loss: 0.261185
  Epoch 44/100, Loss: 0.256409
  Epoch 45/100, Loss: 0.341226
  Epoch 46/100, Loss: 0.267769
  Epoch 47/100, Loss: 0.303647
  Epoch 48/100, Loss: 0.272880
  Epoch 49/100, Loss: 0.263734
  Epoch 50/100, Loss: 0.232722
  Epoch 51/100, Loss: 0.233632
  Epoch 52/100, Loss: 0.289543
  Epoch 53/100, Loss: 0.318956
  Epoch 54/100, Loss: 0.251337
  Epoch 55/100, Loss: 0.295796
  Epoch 56/100, Loss: 0.321643
  Epoch 57/100, Loss: 0.243726
  Epoch 58/100, Loss: 0.272558
  Epoch 59/100, Loss: 0.235379
  Epoch 60/100, Loss: 0.287876
  Epoch 61/100, Loss: 0.271089
  Epoch 62/100, Loss: 0.220245
  Epoch 63/100, Loss: 0.216798
  Epoch 64/100, Loss: 0.248318
  Epoch 65/100, Loss: 0.300615
  Epoch 66/100, Loss: 0.230896
  Epoch 67/100, Loss: 0.236306
  Epoch 68/100, Loss: 0.247146
  Epoch 69/100, Loss: 0.236976
  Epoch 70/100, Loss: 0.344708
  Epoch 71/100, Loss: 0.334029
  Epoch 72/100, Loss: 0.302516
  Epoch 73/100, Loss: 0.297009
  Epoch 74/100, Loss: 0.362338
  Epoch 75/100, Loss: 0.275906
  Epoch 76/100, Loss: 0.235148
  Epoch 77/100, Loss: 0.246707
  Epoch 78/100, Loss: 0.256491
  Epoch 79/100, Loss: 0.231699
  Epoch 80/100, Loss: 0.254049
  Epoch 81/100, Loss: 0.220368
  Epoch 82/100, Loss: 0.232255
  Epoch 83/100, Loss: 0.255172
  Epoch 84/100, Loss: 0.260479
  Epoch 85/100, Loss: 0.257373
  Epoch 86/100, Loss: 0.277823
  Epoch 87/100, Loss: 0.263120
  Epoch 88/100, Loss: 0.259642
  Epoch 89/100, Loss: 0.293884
  Epoch 90/100, Loss: 0.299990
  Epoch 91/100, Loss: 0.232160
  Epoch 92/100, Loss: 0.220561
  Epoch 93/100, Loss: 0.238114
  Epoch 94/100, Loss: 0.245171
  Epoch 95/100, Loss: 0.298787
  Epoch 96/100, Loss: 0.334159
  Epoch 97/100, Loss: 0.326388
  Epoch 98/100, Loss: 0.303104
  Epoch 99/100, Loss: 0.255409
  Epoch 100/100, Loss: 0.230844
✅ Model saved to ./checkpoints/ae_cluster_1_model.pt
✅ Training complete.
Training cluster 1 (n=19755)
training started...
Cluster ID: 1, Cluster Size: 19755
  Epoch 1/100, Loss: 0.537722
  Epoch 2/100, Loss: 0.403585
  Epoch 3/100, Loss: 0.387351
  Epoch 4/100, Loss: 0.384341
  Epoch 5/100, Loss: 0.409577
  Epoch 6/100, Loss: 0.476903
  Epoch 7/100, Loss: 0.584540
  Epoch 8/100, Loss: 0.344419
  Epoch 9/100, Loss: 0.293777
  Epoch 10/100, Loss: 0.247915
  Epoch 11/100, Loss: 0.284411
  Epoch 12/100, Loss: 0.212355
  Epoch 13/100, Loss: 0.251674
  Epoch 14/100, Loss: 0.183845
  Epoch 15/100, Loss: 0.261691
  Epoch 16/100, Loss: 0.214670
  Epoch 17/100, Loss: 0.716501
  Epoch 18/100, Loss: 0.442833
  Epoch 19/100, Loss: 0.342636
  Epoch 20/100, Loss: 0.239868
  Epoch 21/100, Loss: 0.404519
  Epoch 22/100, Loss: 0.241296
  Epoch 23/100, Loss: 0.150496
  Epoch 24/100, Loss: 0.198251
  Epoch 25/100, Loss: 0.222261
  Epoch 26/100, Loss: 0.266013
  Epoch 27/100, Loss: 0.177621
  Epoch 28/100, Loss: 0.162336
  Epoch 29/100, Loss: 0.208654
  Epoch 30/100, Loss: 0.254690
  Epoch 31/100, Loss: 0.186596
  Epoch 32/100, Loss: 0.166894
  Epoch 33/100, Loss: 0.285877
  Epoch 34/100, Loss: 0.213648
  Epoch 35/100, Loss: 0.366669
  Epoch 36/100, Loss: 0.395794
  Epoch 37/100, Loss: 0.531927
  Epoch 38/100, Loss: 0.203834
  Epoch 39/100, Loss: 0.297870
  Epoch 40/100, Loss: 0.203671
  Epoch 41/100, Loss: 0.390635
  Epoch 42/100, Loss: 0.229757
  Epoch 43/100, Loss: 0.243611
  Epoch 44/100, Loss: 0.285181
  Epoch 45/100, Loss: 0.231584
  Epoch 46/100, Loss: 0.337091
  Epoch 47/100, Loss: 0.139362
  Epoch 48/100, Loss: 0.254482
  Epoch 49/100, Loss: 0.221019
  Epoch 50/100, Loss: 0.207491
  Epoch 51/100, Loss: 0.170395
  Epoch 52/100, Loss: 0.338477
  Epoch 53/100, Loss: 0.184683
  Epoch 54/100, Loss: 0.185065
  Epoch 55/100, Loss: 0.199945
  Epoch 56/100, Loss: 0.143387
  Epoch 57/100, Loss: 0.346249
  Epoch 58/100, Loss: 0.182873
  Epoch 59/100, Loss: 0.183730
  Epoch 60/100, Loss: 0.234790
  Epoch 61/100, Loss: 0.143817
  Epoch 62/100, Loss: 0.194983
  Epoch 63/100, Loss: 0.217038
  Epoch 64/100, Loss: 0.421590
  Epoch 65/100, Loss: 0.353709
  Epoch 66/100, Loss: 0.244930
  Epoch 67/100, Loss: 0.394487
  Epoch 68/100, Loss: 0.196151
  Epoch 69/100, Loss: 0.179321
  Epoch 70/100, Loss: 0.350902
  Epoch 71/100, Loss: 0.266274
  Epoch 72/100, Loss: 0.262957
  Epoch 73/100, Loss: 0.290465
  Epoch 74/100, Loss: 0.317596
  Epoch 75/100, Loss: 0.245683
  Epoch 76/100, Loss: 0.670376
  Epoch 77/100, Loss: 0.351594
  Epoch 78/100, Loss: 0.243932
  Epoch 79/100, Loss: 0.309209
  Epoch 80/100, Loss: 0.211511
  Epoch 81/100, Loss: 0.212278
  Epoch 82/100, Loss: 0.190290
  Epoch 83/100, Loss: 0.191563
  Epoch 84/100, Loss: 0.251219
  Epoch 85/100, Loss: 0.686530
  Epoch 86/100, Loss: 0.219771
  Epoch 87/100, Loss: 0.417771
  Epoch 88/100, Loss: 0.332733
  Epoch 89/100, Loss: 0.187211
  Epoch 90/100, Loss: 0.217269
  Epoch 91/100, Loss: 0.183796
  Epoch 92/100, Loss: 0.193694
  Epoch 93/100, Loss: 0.211720
  Epoch 94/100, Loss: 0.178668
  Epoch 95/100, Loss: 0.196436
  Epoch 96/100, Loss: 0.176454
  Epoch 97/100, Loss: 0.139419
  Epoch 98/100, Loss: 0.236507
  Epoch 99/100, Loss: 0.292581
  Epoch 100/100, Loss: 0.121918
✅ Model saved to ./checkpoints/ae_cluster_1_model.pt
✅ Training complete.
Training cluster 1 (n=19755)
training started...
Cluster ID: 1, Cluster Size: 19755
  Epoch 1/50, Loss: 0.814091
  Epoch 2/50, Loss: 0.966375
  Epoch 3/50, Loss: 0.738088
  Epoch 4/50, Loss: 0.725403
  Epoch 5/50, Loss: 0.754938
  Epoch 6/50, Loss: 0.792261
  Epoch 7/50, Loss: 0.847642
  Epoch 8/50, Loss: 0.704899
  Epoch 9/50, Loss: 0.682921
  Epoch 10/50, Loss: 0.754964
  Epoch 11/50, Loss: 0.594026
  Epoch 12/50, Loss: 0.834453
  Epoch 13/50, Loss: 0.593056
  Epoch 14/50, Loss: 0.643458
  Epoch 15/50, Loss: 0.943284
  Epoch 16/50, Loss: 0.619030
  Epoch 17/50, Loss: 0.536104
  Epoch 18/50, Loss: 0.591560
  Epoch 19/50, Loss: 0.640753
  Epoch 20/50, Loss: 0.660539
  Epoch 21/50, Loss: 0.794267
  Epoch 22/50, Loss: 0.736831
  Epoch 23/50, Loss: 0.650982
  Epoch 24/50, Loss: 0.698286
  Epoch 25/50, Loss: 0.620528
  Epoch 26/50, Loss: 1.167850
  Epoch 27/50, Loss: 0.726697
  Epoch 28/50, Loss: 0.544001
  Epoch 29/50, Loss: 0.515381
  Epoch 30/50, Loss: 0.521129
  Epoch 31/50, Loss: 0.710748
  Epoch 32/50, Loss: 0.535805
  Epoch 33/50, Loss: 0.602466
  Epoch 34/50, Loss: 0.477757
  Epoch 35/50, Loss: 0.576536
  Epoch 36/50, Loss: 0.602265
  Epoch 37/50, Loss: 0.601248
  Epoch 38/50, Loss: 0.438264
  Epoch 39/50, Loss: 0.517826
  Epoch 40/50, Loss: 0.450915
  Epoch 41/50, Loss: 0.523115
  Epoch 42/50, Loss: 1.268454
  Epoch 43/50, Loss: 0.465543
  Epoch 44/50, Loss: 0.556130
  Epoch 45/50, Loss: 0.650970
  Epoch 46/50, Loss: 0.559529
  Epoch 47/50, Loss: 0.586208
  Epoch 48/50, Loss: 0.568943
  Epoch 49/50, Loss: 0.724118
  Epoch 50/50, Loss: 0.375119
✅ Model saved to ./checkpoints/ae_cluster_1_model.pt
✅ Training complete.
Training cluster 1 (n=19755)
training started...
Cluster ID: 1, Cluster Size: 19755
  Epoch 1/90, Loss: 0.895306
  Epoch 2/90, Loss: 0.628638
  Epoch 3/90, Loss: 1.055647
  Epoch 4/90, Loss: 0.686412
  Epoch 5/90, Loss: 0.618438
  Epoch 6/90, Loss: 0.932085
  Epoch 7/90, Loss: 0.642360
  Epoch 8/90, Loss: 2.757967
  Epoch 9/90, Loss: 0.732922
  Epoch 10/90, Loss: 0.644369
  Epoch 11/90, Loss: 0.711089
  Epoch 12/90, Loss: 0.722129
  Epoch 13/90, Loss: 0.757393
  Epoch 14/90, Loss: 0.622196
  Epoch 15/90, Loss: 1.030601
  Epoch 16/90, Loss: 1.097771
  Epoch 17/90, Loss: 0.643374
  Epoch 18/90, Loss: 0.746776
  Epoch 19/90, Loss: 1.181329
  Epoch 20/90, Loss: 0.672660
  Epoch 21/90, Loss: 0.555505
  Epoch 22/90, Loss: 0.686273
  Epoch 23/90, Loss: 0.855010
  Epoch 24/90, Loss: 1.131614
  Epoch 25/90, Loss: 0.574269
  Epoch 26/90, Loss: 4.021305
  Epoch 27/90, Loss: 4.971502
  Epoch 28/90, Loss: 1.012131
  Epoch 29/90, Loss: 0.880563
  Epoch 30/90, Loss: 0.630167
  Epoch 31/90, Loss: 0.592772
  Epoch 32/90, Loss: 0.836635
  Epoch 33/90, Loss: 0.879831
  Epoch 34/90, Loss: 0.783777
  Epoch 35/90, Loss: 1.362541
  Epoch 36/90, Loss: 0.533180
  Epoch 37/90, Loss: 1.290965
  Epoch 38/90, Loss: 1.644323
  Epoch 39/90, Loss: 0.792572
  Epoch 40/90, Loss: 0.786129
  Epoch 41/90, Loss: 0.731273
  Epoch 42/90, Loss: 0.709092
  Epoch 43/90, Loss: 1.086411
  Epoch 44/90, Loss: 1.125337
  Epoch 45/90, Loss: 2.565418
  Epoch 46/90, Loss: 0.679388
  Epoch 47/90, Loss: 0.820867
  Epoch 48/90, Loss: 0.663930
  Epoch 49/90, Loss: 0.873275
  Epoch 50/90, Loss: 0.634286
  Epoch 51/90, Loss: 0.780726
  Epoch 52/90, Loss: 2.083016
  Epoch 53/90, Loss: 2.761207
  Epoch 54/90, Loss: 1.002437
  Epoch 55/90, Loss: 0.677278
  Epoch 56/90, Loss: 0.724610
  Epoch 57/90, Loss: 0.770576
  Epoch 58/90, Loss: 1.013304
  Epoch 59/90, Loss: 0.825087
  Epoch 60/90, Loss: 0.987907
  Epoch 61/90, Loss: 1.064583
  Epoch 62/90, Loss: 0.564303
  Epoch 63/90, Loss: 1.008207
  Epoch 64/90, Loss: 0.701710
  Epoch 65/90, Loss: 0.948782
  Epoch 66/90, Loss: 0.619377
  Epoch 67/90, Loss: 1.345511
  Epoch 68/90, Loss: 0.999438
  Epoch 69/90, Loss: 0.576805
  Epoch 70/90, Loss: 2.994814
  Epoch 71/90, Loss: 0.826743
  Epoch 72/90, Loss: 0.556506
  Epoch 73/90, Loss: 0.842235
  Epoch 74/90, Loss: 2.233575
  Epoch 75/90, Loss: 1.622753
  Epoch 76/90, Loss: 0.945030
  Epoch 77/90, Loss: 0.616554
  Epoch 78/90, Loss: 0.694667
  Epoch 79/90, Loss: 0.573147
  Epoch 80/90, Loss: 0.788592
  Epoch 81/90, Loss: 0.599094
  Epoch 82/90, Loss: 0.569757
  Epoch 83/90, Loss: 1.038541
  Epoch 84/90, Loss: 0.639970
  Epoch 85/90, Loss: 0.558164
  Epoch 86/90, Loss: 0.694143
  Epoch 87/90, Loss: 0.692644
  Epoch 88/90, Loss: 1.065309
  Epoch 89/90, Loss: 0.829756
  Epoch 90/90, Loss: 0.864481
✅ Model saved to ./checkpoints/ae_cluster_1_model.pt
✅ Training complete.
Training cluster 1 (n=19755)
training started...
Cluster ID: 1, Cluster Size: 19755
  Epoch 1/30, Loss: 0.985293
  Epoch 2/30, Loss: 0.581396
  Epoch 3/30, Loss: 0.533333
  Epoch 4/30, Loss: 0.478525
  Epoch 5/30, Loss: 0.420588
  Epoch 6/30, Loss: 0.368235
  Epoch 7/30, Loss: 0.354894
  Epoch 8/30, Loss: 0.353341
  Epoch 9/30, Loss: 0.313425
  Epoch 10/30, Loss: 0.281744
  Epoch 11/30, Loss: 0.270152
  Epoch 12/30, Loss: 0.239762
  Epoch 13/30, Loss: 0.262849
  Epoch 14/30, Loss: 0.244641
  Epoch 15/30, Loss: 0.246357
  Epoch 16/30, Loss: 0.257472
  Epoch 17/30, Loss: 0.244263
  Epoch 18/30, Loss: 0.231530
  Epoch 19/30, Loss: 0.201146
  Epoch 20/30, Loss: 0.227959
  Epoch 21/30, Loss: 0.204353
  Epoch 22/30, Loss: 0.200876
  Epoch 23/30, Loss: 0.192309
  Epoch 24/30, Loss: 0.196937
  Epoch 25/30, Loss: 0.210959
  Epoch 26/30, Loss: 0.189962
  Epoch 27/30, Loss: 0.190543
  Epoch 28/30, Loss: 0.189743
  Epoch 29/30, Loss: 0.205836
  Epoch 30/30, Loss: 0.189103
✅ Model saved to ./checkpoints/ae_cluster_1_model.pt
✅ Training complete.
Training cluster 1 (n=19755)
training started...
Cluster ID: 1, Cluster Size: 19755
  Epoch 1/90, Loss: 0.617882
  Epoch 2/90, Loss: 0.409331
  Epoch 3/90, Loss: 0.764234
  Epoch 4/90, Loss: 0.679681
  Epoch 5/90, Loss: 0.611509
  Epoch 6/90, Loss: 0.835022
  Epoch 7/90, Loss: 0.578161
  Epoch 8/90, Loss: 2.700955
  Epoch 9/90, Loss: 0.611090
  Epoch 10/90, Loss: 0.536725
  Epoch 11/90, Loss: 0.639678
  Epoch 12/90, Loss: 0.658950
  Epoch 13/90, Loss: 0.697107
  Epoch 14/90, Loss: 0.610417
  Epoch 15/90, Loss: 1.002404
  Epoch 16/90, Loss: 1.066863
  Epoch 17/90, Loss: 0.597635
  Epoch 18/90, Loss: 0.704228
  Epoch 19/90, Loss: 1.160207
  Epoch 20/90, Loss: 0.627609
  Epoch 21/90, Loss: 0.522488
  Epoch 22/90, Loss: 0.640018
  Epoch 23/90, Loss: 0.789414
  Epoch 24/90, Loss: 0.623805
  Epoch 25/90, Loss: 0.529314
  Epoch 26/90, Loss: 0.645667
  Epoch 27/90, Loss: 0.863542
  Epoch 28/90, Loss: 0.773025
  Epoch 29/90, Loss: 0.880350
  Epoch 30/90, Loss: 0.639255
  Epoch 31/90, Loss: 0.584297
  Epoch 32/90, Loss: 0.834404
  Epoch 33/90, Loss: 0.880666
  Epoch 34/90, Loss: 0.791216
  Epoch 35/90, Loss: 1.171049
  Epoch 36/90, Loss: 0.539771
  Epoch 37/90, Loss: 1.285315
  Epoch 38/90, Loss: 1.651850
  Epoch 39/90, Loss: 0.794793
  Epoch 40/90, Loss: 0.789553
  Epoch 41/90, Loss: 0.734408
  Epoch 42/90, Loss: 0.709482
  Epoch 43/90, Loss: 1.087444
  Epoch 44/90, Loss: 1.128503
  Epoch 45/90, Loss: 2.559692
  Epoch 46/90, Loss: 0.682001
  Epoch 47/90, Loss: 0.820778
  Epoch 48/90, Loss: 0.664490
  Epoch 49/90, Loss: 0.875889
  Epoch 50/90, Loss: 0.635124
  Epoch 51/90, Loss: 0.780435
  Epoch 52/90, Loss: 2.081164
  Epoch 53/90, Loss: 2.759570
  Epoch 54/90, Loss: 1.001988
  Epoch 55/90, Loss: 0.676786
  Epoch 56/90, Loss: 0.724054
  Epoch 57/90, Loss: 0.769362
  Epoch 58/90, Loss: 1.014955
  Epoch 59/90, Loss: 0.826156
  Epoch 60/90, Loss: 0.987980
  Epoch 61/90, Loss: 0.979127
  Epoch 62/90, Loss: 0.572462
  Epoch 63/90, Loss: 1.005849
  Epoch 64/90, Loss: 0.709204
  Epoch 65/90, Loss: 0.946854
  Epoch 66/90, Loss: 0.622683
  Epoch 67/90, Loss: 1.344849
  Epoch 68/90, Loss: 0.997772
  Epoch 69/90, Loss: 0.578263
  Epoch 70/90, Loss: 2.994739
  Epoch 71/90, Loss: 0.829871
  Epoch 72/90, Loss: 0.559010
  Epoch 73/90, Loss: 0.841674
  Epoch 74/90, Loss: 0.717935
  Epoch 75/90, Loss: 0.838693
  Epoch 76/90, Loss: 0.512120
  Epoch 77/90, Loss: 0.609035
  Epoch 78/90, Loss: 0.701685
  Epoch 79/90, Loss: 0.574503
  Epoch 80/90, Loss: 0.787617
  Epoch 81/90, Loss: 0.601372
  Epoch 82/90, Loss: 0.573585
  Epoch 83/90, Loss: 1.040551
  Epoch 84/90, Loss: 0.644544
  Epoch 85/90, Loss: 0.561273
  Epoch 86/90, Loss: 0.708527
  Epoch 87/90, Loss: 0.696946
  Epoch 88/90, Loss: 1.064318
  Epoch 89/90, Loss: 0.829935
  Epoch 90/90, Loss: 0.867486
✅ Model saved to ./checkpoints/ae_cluster_1_model.pt
✅ Training complete.
Training cluster 1 (n=19755)
training started...
Cluster ID: 1, Cluster Size: 19755
  Epoch 1/30, Loss: 0.817289
  Epoch 2/30, Loss: 0.596500
  Epoch 3/30, Loss: 1.009218
  Epoch 4/30, Loss: 0.672499
  Epoch 5/30, Loss: 0.578213
  Epoch 6/30, Loss: 0.932405
  Epoch 7/30, Loss: 0.642755
  Epoch 8/30, Loss: 2.757874
  Epoch 9/30, Loss: 0.733441
  Epoch 10/30, Loss: 0.645196
  Epoch 11/30, Loss: 0.708584
  Epoch 12/30, Loss: 0.720615
  Epoch 13/30, Loss: 0.756452
  Epoch 14/30, Loss: 0.622772
  Epoch 15/30, Loss: 1.030954
  Epoch 16/30, Loss: 1.098137
  Epoch 17/30, Loss: 0.642853
  Epoch 18/30, Loss: 0.743517
  Epoch 19/30, Loss: 1.216751
  Epoch 20/30, Loss: 0.672417
  Epoch 21/30, Loss: 0.555279
  Epoch 22/30, Loss: 0.685559
  Epoch 23/30, Loss: 0.854360
  Epoch 24/30, Loss: 0.676195
  Epoch 25/30, Loss: 0.576249
  Epoch 26/30, Loss: 0.700948
  Epoch 27/30, Loss: 0.913798
  Epoch 28/30, Loss: 0.770521
  Epoch 29/30, Loss: 0.875924
  Epoch 30/30, Loss: 0.631615
✅ Model saved to ./checkpoints/ae_cluster_1_model.pt
✅ Training complete.
Training cluster 1 (n=19755)
training started...
Cluster ID: 1, Cluster Size: 19755
  Epoch 1/70, Loss: 1.406833
  Epoch 2/70, Loss: 0.220767
  Epoch 3/70, Loss: 0.209957
  Epoch 4/70, Loss: 0.188134
  Epoch 5/70, Loss: 0.338114
  Epoch 6/70, Loss: 0.227078
  Epoch 7/70, Loss: 0.196249
  Epoch 8/70, Loss: 0.301422
  Epoch 9/70, Loss: 0.166666
  Epoch 10/70, Loss: 0.191937
  Epoch 11/70, Loss: 0.194165
  Epoch 12/70, Loss: 0.212335
  Epoch 13/70, Loss: 0.216278
  Epoch 14/70, Loss: 0.299438
  Epoch 15/70, Loss: 0.146811
  Epoch 16/70, Loss: 0.322206
  Epoch 17/70, Loss: 0.139307
  Epoch 18/70, Loss: 0.116111
  Epoch 19/70, Loss: 0.299030
  Epoch 20/70, Loss: 0.161104
  Epoch 21/70, Loss: 0.148021
  Epoch 22/70, Loss: 0.188110
  Epoch 23/70, Loss: 0.153246
  Epoch 24/70, Loss: 0.354860
  Epoch 25/70, Loss: 0.220489
  Epoch 26/70, Loss: 0.151899
  Epoch 27/70, Loss: 0.298391
  Epoch 28/70, Loss: 0.151985
  Epoch 29/70, Loss: 0.192446
  Epoch 30/70, Loss: 0.176870
  Epoch 31/70, Loss: 0.140855
  Epoch 32/70, Loss: 0.154222
  Epoch 33/70, Loss: 0.168244
  Epoch 34/70, Loss: 0.134390
  Epoch 35/70, Loss: 0.137268
  Epoch 36/70, Loss: 0.167653
  Epoch 37/70, Loss: 0.342062
  Epoch 38/70, Loss: 0.181317
  Epoch 39/70, Loss: 0.244713
  Epoch 40/70, Loss: 0.153886
  Epoch 41/70, Loss: 0.115052
  Epoch 42/70, Loss: 0.314823
  Epoch 43/70, Loss: 0.235669
  Epoch 44/70, Loss: 0.182577
  Epoch 45/70, Loss: 0.113717
  Epoch 46/70, Loss: 0.173592
  Epoch 47/70, Loss: 0.248694
  Epoch 48/70, Loss: 0.147970
  Epoch 49/70, Loss: 0.109827
  Epoch 50/70, Loss: 0.303182
  Epoch 51/70, Loss: 0.254628
  Epoch 52/70, Loss: 0.186448
  Epoch 53/70, Loss: 0.169662
  Epoch 54/70, Loss: 0.238602
  Epoch 55/70, Loss: 0.130587
  Epoch 56/70, Loss: 0.463924
  Epoch 57/70, Loss: 0.351244
  Epoch 58/70, Loss: 0.186410
  Epoch 59/70, Loss: 0.141560
  Epoch 60/70, Loss: 0.200765
  Epoch 61/70, Loss: 0.115690
  Epoch 62/70, Loss: 0.288055
  Epoch 63/70, Loss: 0.201271
  Epoch 64/70, Loss: 0.124882
  Epoch 65/70, Loss: 0.114413
  Epoch 66/70, Loss: 0.269286
  Epoch 67/70, Loss: 0.140583
  Epoch 68/70, Loss: 0.248509
  Epoch 69/70, Loss: 0.254303
  Epoch 70/70, Loss: 0.354506
✅ Model saved to ./checkpoints/ae_cluster_1_model.pt
✅ Training complete.

------------------------------------------------------------
Sender: LSF System <lsfadmin@hpc.dtu.dk>
Subject: Job 27111033: <ae_gpu_job> in cluster <dcc> Done

Job <ae_gpu_job> was submitted from host <n-62-12-19> by user <s241645> in cluster <dcc> at Thu Nov 20 12:33:50 2025
Job was executed on host(s) <4*n-62-20-16>, in queue <gpuv100>, as user <s241645> in cluster <dcc> at Thu Nov 20 12:35:53 2025
</zhome/e3/b/212140> was used as the home directory.
</zhome/e3/b/212140/git/data_science> was used as the working directory.
Started at Thu Nov 20 12:35:53 2025
Terminated at Thu Nov 20 13:12:38 2025
Results reported at Thu Nov 20 13:12:38 2025

Your job looked like:

------------------------------------------------------------
# LSBATCH: User input
#!/bin/bash

#BSUB -q gpuv100
#BSUB -W 02:00
#BSUB -J ae_gpu_job
#BSUB -o ae_gpu_job_%J.out
#BSUB -e ae_gpu_job_%J.err

# Send an email when the job starts
#BSUB -B

# Specify the email address to send notifications
#BSUB -u s241645@dtu.dk

# Request number of CPU cores
#BSUB -n 4

# Request single node
#BSUB -R "span[hosts=1]"

# Request memory
#BSUB -R "rusage[mem=10GB]"

# Request GPU
#BSUB -gpu "num=1:mode=exclusive_process"


# Initalize conda environment
source ~/load_data_science.sh

# Get the cpu model name
lscpu | grep "Model name"

# Get the GPU model name
echo "GPU Model(s):"
nvidia-smi --query-gpu=name --format=csv,noheader | sort | uniq

# Wandb agents
# Cluster 0 = tbd
# Cluster 1 = wandb agent --count 50 card-fraud-gang/data_science/aue80fvv
# Cluster 2 = tbd
# Cluster 3 = tbd
echo "Starting wandb agent for cluster 1"
wandb agent --count 50 card-fraud-gang/data_science/aue80fvv

------------------------------------------------------------

Successfully completed.

Resource usage summary:

    CPU time :                                   1382.95 sec.
    Max Memory :                                 734 MB
    Average Memory :                             468.06 MB
    Total Requested Memory :                     40960.00 MB
    Delta Memory :                               40226.00 MB
    Max Swap :                                   -
    Max Processes :                              7
    Max Threads :                                37
    Run time :                                   2205 sec.
    Turnaround time :                            2328 sec.

The output (if any) is above this job summary.



PS:

Read file <ae_gpu_job_27111033.err> for stderr output of this job.

