Model name:                              Intel(R) Xeon(R) Gold 6126 CPU @ 2.60GHz
GPU Model(s):
Tesla V100-PCIE-16GB
Starting wandb agent for cluster 0
Training cluster 3 (n=91386)
training started...
Cluster ID: 3, Cluster Size: 91386
  Epoch 1/100, Loss: 0.461082
  Epoch 2/100, Loss: 3.258950
  Epoch 3/100, Loss: 2.907922
  Epoch 4/100, Loss: 0.684328
  Epoch 5/100, Loss: 0.710348
  Epoch 6/100, Loss: 0.923282
  Epoch 7/100, Loss: 0.588252
  Epoch 8/100, Loss: 1.975614
  Epoch 9/100, Loss: 0.631105
  Epoch 10/100, Loss: 1.181139
  Epoch 11/100, Loss: 0.969269
  Epoch 12/100, Loss: 0.545959
  Epoch 13/100, Loss: 0.678543
  Epoch 14/100, Loss: 0.691067
  Epoch 15/100, Loss: 0.855635
  Epoch 16/100, Loss: 0.573996
  Epoch 17/100, Loss: 0.524653
  Epoch 18/100, Loss: 0.695915
  Epoch 19/100, Loss: 0.608586
  Epoch 20/100, Loss: 0.445186
  Epoch 21/100, Loss: 0.835147
  Epoch 22/100, Loss: 1.238996
  Epoch 23/100, Loss: 0.783362
  Epoch 24/100, Loss: 1.073442
  Epoch 25/100, Loss: 2.298759
  Epoch 26/100, Loss: 1.097150
  Epoch 27/100, Loss: 0.587533
  Epoch 28/100, Loss: 0.749937
  Epoch 29/100, Loss: 0.741894
  Epoch 30/100, Loss: 0.694903
  Epoch 31/100, Loss: 2.714911
  Epoch 32/100, Loss: 0.636622
  Epoch 33/100, Loss: 0.594062
  Epoch 34/100, Loss: 0.560301
  Epoch 35/100, Loss: 0.653954
  Epoch 36/100, Loss: 0.589487
  Epoch 37/100, Loss: 0.577592
  Epoch 38/100, Loss: 3.077852
  Epoch 39/100, Loss: 0.657170
  Epoch 40/100, Loss: 0.586422
  Epoch 41/100, Loss: 1.290462
  Epoch 42/100, Loss: 1.043015
  Epoch 43/100, Loss: 0.851342
  Epoch 44/100, Loss: 0.697275
  Epoch 45/100, Loss: 0.797875
  Epoch 46/100, Loss: 0.668597
  Epoch 47/100, Loss: 1.450614
  Epoch 48/100, Loss: 1.055473
  Epoch 49/100, Loss: 0.945909
  Epoch 50/100, Loss: 0.703258
  Epoch 51/100, Loss: 0.957607
  Epoch 52/100, Loss: 0.655786
  Epoch 53/100, Loss: 0.898682
  Epoch 54/100, Loss: 0.700412
  Epoch 55/100, Loss: 0.659830
  Epoch 56/100, Loss: 1.011039
  Epoch 57/100, Loss: 1.697154
  Epoch 58/100, Loss: 1.198361
  Epoch 59/100, Loss: 0.736984
  Epoch 60/100, Loss: 2.054767
  Epoch 61/100, Loss: 0.654919
  Epoch 62/100, Loss: 1.057235
  Epoch 63/100, Loss: 0.718888
  Epoch 64/100, Loss: 0.521614
  Epoch 65/100, Loss: 1.159221
  Epoch 66/100, Loss: 0.686288
  Epoch 67/100, Loss: 0.621215
  Epoch 68/100, Loss: 1.271414
  Epoch 69/100, Loss: 0.785287
  Epoch 70/100, Loss: 0.645826
  Epoch 71/100, Loss: 1.028494
  Epoch 72/100, Loss: 0.564452
  Epoch 73/100, Loss: 0.660209
  Epoch 74/100, Loss: 1.558404
  Epoch 75/100, Loss: 0.631762
  Epoch 76/100, Loss: 1.535002
  Epoch 77/100, Loss: 0.969416
  Epoch 78/100, Loss: 0.633313
  Epoch 79/100, Loss: 1.074052
  Epoch 80/100, Loss: 0.670158
  Epoch 81/100, Loss: 0.753453
  Epoch 82/100, Loss: 2.277581
  Epoch 83/100, Loss: 0.590126
  Epoch 84/100, Loss: 0.654849
  Epoch 85/100, Loss: 0.890195
  Epoch 86/100, Loss: 2.680277
  Epoch 87/100, Loss: 0.870454
  Epoch 88/100, Loss: 0.720857
  Epoch 89/100, Loss: 0.697683
  Epoch 90/100, Loss: 0.595968
  Epoch 91/100, Loss: 0.651487
  Epoch 92/100, Loss: 0.788712
  Epoch 93/100, Loss: 0.824134
  Epoch 94/100, Loss: 0.516032
  Epoch 95/100, Loss: 0.947317
  Epoch 96/100, Loss: 0.706915
  Epoch 97/100, Loss: 0.546357
  Epoch 98/100, Loss: 1.480088
  Epoch 99/100, Loss: 1.152218
  Epoch 100/100, Loss: 0.562772
✅ Model saved to ./checkpoints/ae_cluster_3_model.pt
✅ Training complete.
Training cluster 3 (n=91386)
training started...
Cluster ID: 3, Cluster Size: 91386
  Epoch 1/30, Loss: 29584523342604577201648041984.000000
  Epoch 2/30, Loss: 3866261649698035124429389824.000000
  Epoch 3/30, Loss: 2956376440984169259999428608.000000
  Epoch 4/30, Loss: 5790689153119123930515243008.000000
  Epoch 5/30, Loss: 3483121004399656661248114688.000000
  Epoch 6/30, Loss: 4626405044458682229425438720.000000
  Epoch 7/30, Loss: 7990219296591404635936260096.000000
  Epoch 8/30, Loss: 4441815117340937281842708480.000000
  Epoch 9/30, Loss: 9267818950191544908751306752.000000
  Epoch 10/30, Loss: 3179391378729308972627525632.000000
  Epoch 11/30, Loss: 70576177526542487756210176.000000
  Epoch 12/30, Loss: 24687941676632146471550976.000000
  Epoch 13/30, Loss: 26349313093985659032436736.000000
  Epoch 14/30, Loss: 19759077728915378109677568.000000
  Epoch 15/30, Loss: 31486265538225907991314432.000000
  Epoch 16/30, Loss: 38180644302807325401415680.000000
  Epoch 17/30, Loss: 21064858178289019285143552.000000
  Epoch 18/30, Loss: 29484710795880089947996160.000000
  Epoch 19/30, Loss: 25583079156180939318493184.000000
  Epoch 20/30, Loss: 24492147935033793290698752.000000
  Epoch 21/30, Loss: 25397961467715245540638720.000000
  Epoch 22/30, Loss: 20001557873921280951975936.000000
  Epoch 23/30, Loss: 21556284052098660167581696.000000
  Epoch 24/30, Loss: 31561894883085107939246080.000000
  Epoch 25/30, Loss: 62646360359426502118342656.000000
  Epoch 26/30, Loss: 45158062990926714530430976.000000
  Epoch 27/30, Loss: 24567809561695122230345728.000000
  Epoch 28/30, Loss: 25036850311571316571897856.000000
  Epoch 29/30, Loss: 20556382901269252349624320.000000
  Epoch 30/30, Loss: 24597624111804255293145088.000000
✅ Model saved to ./checkpoints/ae_cluster_3_model.pt
✅ Training complete.
Training cluster 3 (n=91386)
training started...
Cluster ID: 3, Cluster Size: 91386
  Epoch 1/100, Loss: 2491183266058352333206266576896.000000
  Epoch 2/100, Loss: 2341248054669377371757095157760.000000
  Epoch 3/100, Loss: 2812289679783652832187498102784.000000
  Epoch 4/100, Loss: 2661801989295113985205485961216.000000
  Epoch 5/100, Loss: 2253430171975296190219970150400.000000
  Epoch 6/100, Loss: 2246901065855012481704675770368.000000
  Epoch 7/100, Loss: 1966841159367360035263596199936.000000
  Epoch 8/100, Loss: 2473511641774408039416352210944.000000
  Epoch 9/100, Loss: 2592047573966259689139526959104.000000
  Epoch 10/100, Loss: 2335178189244819770499542286336.000000
  Epoch 11/100, Loss: 3840231446184144524350523965440.000000
  Epoch 12/100, Loss: 2488211877509467026523485634560.000000
  Epoch 13/100, Loss: 1941760784313634938405141872640.000000
  Epoch 14/100, Loss: 2084582222832815066304401637376.000000
  Epoch 15/100, Loss: 2284784569801366308837855854592.000000
  Epoch 16/100, Loss: 2063820130806753424857997770752.000000
  Epoch 17/100, Loss: 2188075037704019529720766922752.000000
  Epoch 18/100, Loss: 2073969818641055495922890309632.000000
  Epoch 19/100, Loss: 2264692071563643720125592371200.000000
  Epoch 20/100, Loss: 2398950537386765977751761453056.000000
  Epoch 21/100, Loss: 2299538753851125598771910541312.000000
  Epoch 22/100, Loss: 2241988595787008436053257224192.000000
  Epoch 23/100, Loss: 2647748831105003728364114018304.000000
  Epoch 24/100, Loss: 2124894458750774683449566429184.000000
  Epoch 25/100, Loss: 2721297157887263634437594677248.000000
  Epoch 26/100, Loss: 3077586637509353782633006366720.000000
  Epoch 27/100, Loss: 2810284978543276873358541586432.000000
  Epoch 28/100, Loss: 2261435074289874457300287094784.000000
  Epoch 29/100, Loss: 2205457426485621023480632836096.000000
  Epoch 30/100, Loss: 2672060329337453921067455217664.000000
  Epoch 31/100, Loss: 2349197648627708269552669294592.000000
  Epoch 32/100, Loss: 2171765872818780923010746417152.000000
  Epoch 33/100, Loss: 2593613132902660633920771457024.000000
  Epoch 34/100, Loss: 2658716508372002547894342123520.000000
  Epoch 35/100, Loss: 2453030927232861702910361206784.000000
  Epoch 36/100, Loss: 2683179424563359472901815271424.000000
  Epoch 37/100, Loss: 2672650587368880763762005508096.000000
  Epoch 38/100, Loss: 4739470969828462794574330331136.000000
  Epoch 39/100, Loss: 3052123939665175559298051211264.000000
  Epoch 40/100, Loss: 2869347653923459389003399168000.000000
  Epoch 41/100, Loss: 2302278784221282155796382089216.000000
  Epoch 42/100, Loss: 4207400955951311431460997562368.000000
  Epoch 43/100, Loss: 1980171077685885840201200173056.000000
  Epoch 44/100, Loss: 2806938974106038483460248567808.000000
  Epoch 45/100, Loss: 2461964133461176553368205656064.000000
  Epoch 46/100, Loss: 3218040243695091207464957247488.000000
  Epoch 47/100, Loss: 3439120739568387095845587124224.000000
  Epoch 48/100, Loss: 3657863172906548291402335256576.000000
  Epoch 49/100, Loss: 4643885738743357620589718142976.000000
  Epoch 50/100, Loss: 2495155494070151101017057394688.000000
  Epoch 51/100, Loss: 2146440841402311315573060927488.000000
  Epoch 52/100, Loss: 3659419060436392319150182105088.000000
  Epoch 53/100, Loss: 2664642058276843652794164445184.000000
  Epoch 54/100, Loss: 2251649273127276389616981114880.000000
  Epoch 55/100, Loss: 2463372985388209951842678865920.000000
  Epoch 56/100, Loss: 3461497049795089170897517412352.000000
  Epoch 57/100, Loss: 2942537836431658461183873122304.000000
  Epoch 58/100, Loss: 2092701670868801819499021991936.000000
  Epoch 59/100, Loss: 2418650436964568715639539105792.000000
  Epoch 60/100, Loss: 1957658309957294763881174925312.000000
  Epoch 61/100, Loss: 2308829046543409120322233827328.000000
  Epoch 62/100, Loss: 2736678321090220561427381354496.000000
  Epoch 63/100, Loss: 2384441463046933553882878443520.000000
  Epoch 64/100, Loss: 2234534812530446988047959457792.000000
  Epoch 65/100, Loss: 2325588385180726724571185545216.000000
  Epoch 66/100, Loss: 2289715173756664573926894993408.000000
  Epoch 67/100, Loss: 3206116306104777216257536557056.000000
  Epoch 68/100, Loss: 2547336661453632243742193745920.000000
  Epoch 69/100, Loss: 2194458014915857319934568693760.000000
  Epoch 70/100, Loss: 2604844355998335442611085508608.000000
  Epoch 71/100, Loss: 2438958879576819967488134479872.000000
  Epoch 72/100, Loss: 2322546274471393962081684291584.000000
  Epoch 73/100, Loss: 2268375970767464398878215766016.000000
  Epoch 74/100, Loss: 2256252107069731638371028041728.000000
  Epoch 75/100, Loss: 2108014529762950519940437770240.000000
  Epoch 76/100, Loss: 2344313890547920071344150020096.000000
  Epoch 77/100, Loss: 3346956768552791322425393414144.000000
  Epoch 78/100, Loss: 2691106653394027500057657344000.000000
  Epoch 79/100, Loss: 2861137838682456442277969526784.000000
  Epoch 80/100, Loss: 3893609147897589246301325754368.000000
  Epoch 81/100, Loss: 2600173671094254322794608197632.000000
  Epoch 82/100, Loss: 2806947134355320882207177834496.000000
  Epoch 83/100, Loss: 2784836485577479121916389228544.000000
  Epoch 84/100, Loss: 3298746015792379525567285821440.000000
  Epoch 85/100, Loss: 3352715184463070704841812606976.000000
  Epoch 86/100, Loss: 5988636489811874708675188752384.000000
  Epoch 87/100, Loss: 2473697060771991433166022770688.000000
  Epoch 88/100, Loss: 2411830735300395140636374728704.000000
  Epoch 89/100, Loss: 2340897768413144032953724043264.000000
  Epoch 90/100, Loss: 2861381135003653886399379144704.000000
  Epoch 91/100, Loss: 2198327333117261392436862648320.000000
  Epoch 92/100, Loss: 2076777851088565375838439079936.000000
  Epoch 93/100, Loss: 2504178160809117434033830100992.000000
  Epoch 94/100, Loss: 2461664470973639577161525362688.000000
  Epoch 95/100, Loss: 5190566527844916488251256078336.000000
  Epoch 96/100, Loss: 2204472303058362552531894140928.000000
  Epoch 97/100, Loss: 2398341389889407656476356378624.000000
  Epoch 98/100, Loss: 3260203647274335725533890871296.000000
  Epoch 99/100, Loss: 5318894003597009375146316660736.000000
  Epoch 100/100, Loss: 2326108374398888466944956039168.000000
✅ Model saved to ./checkpoints/ae_cluster_3_model.pt
✅ Training complete.
Training cluster 3 (n=91386)
training started...
Cluster ID: 3, Cluster Size: 91386
  Epoch 1/50, Loss: 0.963846
  Epoch 2/50, Loss: 1.079862
  Epoch 3/50, Loss: 0.821127
  Epoch 4/50, Loss: 0.862938
  Epoch 5/50, Loss: 0.785163
  Epoch 6/50, Loss: 0.728921
  Epoch 7/50, Loss: 0.634551
  Epoch 8/50, Loss: 0.653003
  Epoch 9/50, Loss: 0.509648
  Epoch 10/50, Loss: 0.578805
  Epoch 11/50, Loss: 0.558454
  Epoch 12/50, Loss: 0.456966
  Epoch 13/50, Loss: 0.434528
  Epoch 14/50, Loss: 0.504081
  Epoch 15/50, Loss: 0.377444
  Epoch 16/50, Loss: 0.486823
  Epoch 17/50, Loss: 0.355712
  Epoch 18/50, Loss: 0.414479
  Epoch 19/50, Loss: 0.345467
  Epoch 20/50, Loss: 0.352680
  Epoch 21/50, Loss: 0.328518
  Epoch 22/50, Loss: 0.315807
  Epoch 23/50, Loss: 0.292725
  Epoch 24/50, Loss: 0.289434
  Epoch 25/50, Loss: 0.409693
  Epoch 26/50, Loss: 0.333122
  Epoch 27/50, Loss: 0.302121
  Epoch 28/50, Loss: 0.613252
  Epoch 29/50, Loss: 0.343524
  Epoch 30/50, Loss: 0.384306
  Epoch 31/50, Loss: 0.572710
  Epoch 32/50, Loss: 0.214303
  Epoch 33/50, Loss: 0.350829
  Epoch 34/50, Loss: 0.273653
  Epoch 35/50, Loss: 0.263023
  Epoch 36/50, Loss: 0.276238
  Epoch 37/50, Loss: 0.412969
  Epoch 38/50, Loss: 0.371392
  Epoch 39/50, Loss: 0.333178
  Epoch 40/50, Loss: 0.754020
  Epoch 41/50, Loss: 0.447067
  Epoch 42/50, Loss: 0.464133
  Epoch 43/50, Loss: 0.618858
  Epoch 44/50, Loss: 0.462434
  Epoch 45/50, Loss: 0.882906
  Epoch 46/50, Loss: 0.410490
  Epoch 47/50, Loss: 0.378820
  Epoch 48/50, Loss: 0.418348
  Epoch 49/50, Loss: 0.551395
  Epoch 50/50, Loss: 0.589906
✅ Model saved to ./checkpoints/ae_cluster_3_model.pt
✅ Training complete.
Training cluster 3 (n=91386)
training started...
Cluster ID: 3, Cluster Size: 91386
  Epoch 1/100, Loss: 0.768072
  Epoch 2/100, Loss: 0.793898
  Epoch 3/100, Loss: 0.656780
  Epoch 4/100, Loss: 8.524262
  Epoch 5/100, Loss: 1755237376.000000
  Epoch 6/100, Loss: 12.279717
  Epoch 7/100, Loss: 21.251719
  Epoch 8/100, Loss: 21.017302
  Epoch 9/100, Loss: 33.334236
  Epoch 10/100, Loss: 1.088132
  Epoch 11/100, Loss: 2.282835
  Epoch 12/100, Loss: 1.083559
  Epoch 13/100, Loss: 1.130385
  Epoch 14/100, Loss: 1.214751
  Epoch 15/100, Loss: 0.867949
  Epoch 16/100, Loss: 0.535655
  Epoch 17/100, Loss: 0.921244
  Epoch 18/100, Loss: 0.686931
  Epoch 19/100, Loss: 1.194900
  Epoch 20/100, Loss: 0.784354
  Epoch 21/100, Loss: 4.164323
  Epoch 22/100, Loss: 0.660956
  Epoch 23/100, Loss: 0.601544
  Epoch 24/100, Loss: 0.864056
  Epoch 25/100, Loss: 1.607979
  Epoch 26/100, Loss: 2.215236
  Epoch 27/100, Loss: 1.723330
  Epoch 28/100, Loss: 0.908965
  Epoch 29/100, Loss: 1.318483
  Epoch 30/100, Loss: 0.807112
  Epoch 31/100, Loss: 0.959024
  Epoch 32/100, Loss: 0.670829
  Epoch 33/100, Loss: 76585112.000000
  Epoch 34/100, Loss: 191060115456.000000
  Epoch 35/100, Loss: 15.519519
  Epoch 36/100, Loss: 16.366564
  Epoch 37/100, Loss: 16.255230
  Epoch 38/100, Loss: 9.989157
  Epoch 39/100, Loss: 9.948960
  Epoch 40/100, Loss: 16.353737
  Epoch 41/100, Loss: 16.436966
  Epoch 42/100, Loss: 20.206940
  Epoch 43/100, Loss: 19.822306
  Epoch 44/100, Loss: 20.157019
  Epoch 45/100, Loss: 20.062653
  Epoch 46/100, Loss: 29.403145
  Epoch 47/100, Loss: 26.021940
  Epoch 48/100, Loss: 36.580040
  Epoch 49/100, Loss: 45.039989
  Epoch 50/100, Loss: 55.026852
  Epoch 51/100, Loss: 55.319115
  Epoch 52/100, Loss: 57.498940
  Epoch 53/100, Loss: 54.444435
  Epoch 54/100, Loss: 65.100304
  Epoch 55/100, Loss: 64.589035
  Epoch 56/100, Loss: 63.832314
  Epoch 57/100, Loss: 64.206940
  Epoch 58/100, Loss: 106.515335
  Epoch 59/100, Loss: 105.482018
  Epoch 60/100, Loss: 0.608454
  Epoch 61/100, Loss: 1.262952
  Epoch 62/100, Loss: 0.538139
  Epoch 63/100, Loss: 0.749279
  Epoch 64/100, Loss: 0.662727
  Epoch 65/100, Loss: 1.167763
  Epoch 66/100, Loss: 0.642888
  Epoch 67/100, Loss: 119.266823
  Epoch 68/100, Loss: 0.743560
  Epoch 69/100, Loss: 128.558960
  Epoch 70/100, Loss: 143.674118
  Epoch 71/100, Loss: 0.689517
  Epoch 72/100, Loss: 1991.931274
  Epoch 73/100, Loss: 1.026011
  Epoch 74/100, Loss: 4066848.500000
  Epoch 75/100, Loss: 0.675094
  Epoch 76/100, Loss: 0.754999
  Epoch 77/100, Loss: 1.249078
  Epoch 78/100, Loss: 172.402145
  Epoch 79/100, Loss: 3.129174
  Epoch 80/100, Loss: 157.434723
  Epoch 81/100, Loss: 0.543247
  Epoch 82/100, Loss: 0.737138
  Epoch 83/100, Loss: 1.369011
  Epoch 84/100, Loss: 6383531.500000
  Epoch 85/100, Loss: 146.511703
  Epoch 86/100, Loss: 15958.020508
  Epoch 87/100, Loss: 0.745692
  Epoch 88/100, Loss: 0.922101
  Epoch 89/100, Loss: 43.374500
  Epoch 90/100, Loss: 0.862890
  Epoch 91/100, Loss: 0.706796
  Epoch 92/100, Loss: 14474.133789
  Epoch 93/100, Loss: 1.212653
  Epoch 94/100, Loss: 0.804062
  Epoch 95/100, Loss: 0.979025
  Epoch 96/100, Loss: 0.654238
  Epoch 97/100, Loss: 0.585448
  Epoch 98/100, Loss: 0.869107
  Epoch 99/100, Loss: 0.752035
  Epoch 100/100, Loss: 1.372649
✅ Model saved to ./checkpoints/ae_cluster_3_model.pt
✅ Training complete.
Training cluster 3 (n=91386)
training started...
Cluster ID: 3, Cluster Size: 91386
  Epoch 1/100, Loss: 0.773423
  Epoch 2/100, Loss: 3.144965
  Epoch 3/100, Loss: 2.556873
  Epoch 4/100, Loss: 2.181198
  Epoch 5/100, Loss: 11.848893
  Epoch 6/100, Loss: 62.844925
  Epoch 7/100, Loss: 63.956551
  Epoch 8/100, Loss: 110.083687
  Epoch 9/100, Loss: 114.001640
  Epoch 10/100, Loss: 0.965288
  Epoch 11/100, Loss: 726.125916
  Epoch 12/100, Loss: 163.897995
  Epoch 13/100, Loss: 163.585114
  Epoch 14/100, Loss: 117.087402
  Epoch 15/100, Loss: 115.550941
  Epoch 16/100, Loss: 124.197487
  Epoch 17/100, Loss: 122.589211
  Epoch 18/100, Loss: 169.447449
  Epoch 19/100, Loss: 171.383514
  Epoch 20/100, Loss: 204.693527
  Epoch 21/100, Loss: 234.336380
  Epoch 22/100, Loss: 239.072403
  Epoch 23/100, Loss: 325.818329
  Epoch 24/100, Loss: 326.058594
  Epoch 25/100, Loss: 438.440369
  Epoch 26/100, Loss: 547.810120
  Epoch 27/100, Loss: 596.408142
  Epoch 28/100, Loss: 598.791077
  Epoch 29/100, Loss: 599.256897
  Epoch 30/100, Loss: 597.450195
  Epoch 31/100, Loss: 602.802734
  Epoch 32/100, Loss: 602.682922
  Epoch 33/100, Loss: 606.195068
  Epoch 34/100, Loss: 536.677124
  Epoch 35/100, Loss: 544.705078
  Epoch 36/100, Loss: 1351.765137
  Epoch 37/100, Loss: 1355.127075
  Epoch 38/100, Loss: 1351.128174
  Epoch 39/100, Loss: 1355.296021
  Epoch 40/100, Loss: 1354.312378
  Epoch 41/100, Loss: 1381.314453
  Epoch 42/100, Loss: 1384.372925
  Epoch 43/100, Loss: 1316.373291
  Epoch 44/100, Loss: 1318.566772
  Epoch 45/100, Loss: 1343.910400
  Epoch 46/100, Loss: 1346.882935
  Epoch 47/100, Loss: 1248.921875
  Epoch 48/100, Loss: 1256.187012
  Epoch 49/100, Loss: 1264.762085
  Epoch 50/100, Loss: 1269.512695
  Epoch 51/100, Loss: 1271.151123
  Epoch 52/100, Loss: 1269.296753
  Epoch 53/100, Loss: 1362.628784
  Epoch 54/100, Loss: 1396.893799
  Epoch 55/100, Loss: 1547.292358
  Epoch 56/100, Loss: 1627.684937
  Epoch 57/100, Loss: 1892.342163
  Epoch 58/100, Loss: 1925.513794
  Epoch 59/100, Loss: 2088.510010
  Epoch 60/100, Loss: 1962.316040
  Epoch 61/100, Loss: 1968.000244
  Epoch 62/100, Loss: 2212.118896
  Epoch 63/100, Loss: 2397.044678
  Epoch 64/100, Loss: 2538.467041
  Epoch 65/100, Loss: 2968.816406
  Epoch 66/100, Loss: 3707.328369
  Epoch 67/100, Loss: 3730.979248
  Epoch 68/100, Loss: 3724.422607
  Epoch 69/100, Loss: 4211.441895
  Epoch 70/100, Loss: 4212.232910
  Epoch 71/100, Loss: 4460.132812
  Epoch 72/100, Loss: 4460.527832
  Epoch 73/100, Loss: 4462.776855
  Epoch 74/100, Loss: 4462.439941
  Epoch 75/100, Loss: 4524.462402
  Epoch 76/100, Loss: 4722.603516
  Epoch 77/100, Loss: 4786.045410
  Epoch 78/100, Loss: 5102.205078
  Epoch 79/100, Loss: 5471.510254
  Epoch 80/100, Loss: 5783.662598
  Epoch 81/100, Loss: 6106.832031
  Epoch 82/100, Loss: 6462.816895
  Epoch 83/100, Loss: 6763.727051
  Epoch 84/100, Loss: 7319.209961
  Epoch 85/100, Loss: 7314.793457
  Epoch 86/100, Loss: 7316.541016
  Epoch 87/100, Loss: 7321.503418
  Epoch 88/100, Loss: 7328.386230
  Epoch 89/100, Loss: 7304.273438
  Epoch 90/100, Loss: 7769.300293
  Epoch 91/100, Loss: 7771.343750
  Epoch 92/100, Loss: 7802.300293
  Epoch 93/100, Loss: 8131.170410
  Epoch 94/100, Loss: 8140.947754
  Epoch 95/100, Loss: 8170.582520
  Epoch 96/100, Loss: 8535.212891
  Epoch 97/100, Loss: 8899.827148
  Epoch 98/100, Loss: 8902.003906
  Epoch 99/100, Loss: 9317.924805
  Epoch 100/100, Loss: 9348.935547
✅ Model saved to ./checkpoints/ae_cluster_3_model.pt
✅ Training complete.
Training cluster 3 (n=91386)
training started...
Cluster ID: 3, Cluster Size: 91386
  Epoch 1/40, Loss: 0.811652
  Epoch 2/40, Loss: 0.926978
  Epoch 3/40, Loss: 0.631216
  Epoch 4/40, Loss: 1.787729
  Epoch 5/40, Loss: 0.719876
  Epoch 6/40, Loss: 0.710792
  Epoch 7/40, Loss: 0.674508
  Epoch 8/40, Loss: 1.360602
  Epoch 9/40, Loss: 0.661248
  Epoch 10/40, Loss: 0.984445
  Epoch 11/40, Loss: 1.616697
  Epoch 12/40, Loss: 1.884775
  Epoch 13/40, Loss: 0.782270
  Epoch 14/40, Loss: 1.569774
  Epoch 15/40, Loss: 0.450296
  Epoch 16/40, Loss: 0.840452
  Epoch 17/40, Loss: 0.536877
  Epoch 18/40, Loss: 0.821437
  Epoch 19/40, Loss: 0.511550
  Epoch 20/40, Loss: 1.613786
  Epoch 21/40, Loss: 2.005507
  Epoch 22/40, Loss: 0.565977
  Epoch 23/40, Loss: 0.608796
  Epoch 24/40, Loss: 2.911135
  Epoch 25/40, Loss: 28.012888
  Epoch 26/40, Loss: 28.326521
  Epoch 27/40, Loss: 27.815170
  Epoch 28/40, Loss: 28.008907
  Epoch 29/40, Loss: 28.802084
  Epoch 30/40, Loss: 28.736921
  Epoch 31/40, Loss: 28.320496
  Epoch 32/40, Loss: 28.103937
  Epoch 33/40, Loss: 29.822937
  Epoch 34/40, Loss: 27.714100
  Epoch 35/40, Loss: 28.194548
  Epoch 36/40, Loss: 7.398372
  Epoch 37/40, Loss: 7.474899
  Epoch 38/40, Loss: 7.305361
  Epoch 39/40, Loss: 7.436040
  Epoch 40/40, Loss: 8.067706
✅ Model saved to ./checkpoints/ae_cluster_3_model.pt
✅ Training complete.
Training cluster 3 (n=91386)
training started...
Cluster ID: 3, Cluster Size: 91386
  Epoch 1/70, Loss: 0.703109
  Epoch 2/70, Loss: 0.674030
  Epoch 3/70, Loss: 1.110322
  Epoch 4/70, Loss: 0.756565
  Epoch 5/70, Loss: 0.784850
  Epoch 6/70, Loss: 0.819092
  Epoch 7/70, Loss: 3.777804
  Epoch 8/70, Loss: 9.301923
  Epoch 9/70, Loss: 18.100475
  Epoch 10/70, Loss: 16.195187
  Epoch 11/70, Loss: 10.607744
  Epoch 12/70, Loss: 4.528017
  Epoch 13/70, Loss: 0.710658
  Epoch 14/70, Loss: 1.385976
  Epoch 15/70, Loss: 0.851323
  Epoch 16/70, Loss: 0.946297
  Epoch 17/70, Loss: 1.358632
  Epoch 18/70, Loss: 0.559358
  Epoch 19/70, Loss: 0.830733
  Epoch 20/70, Loss: 0.818343
  Epoch 21/70, Loss: 0.909859
  Epoch 22/70, Loss: 0.832102
  Epoch 23/70, Loss: 0.642317
  Epoch 24/70, Loss: 0.571914
  Epoch 25/70, Loss: 0.590468
  Epoch 26/70, Loss: 0.608589
  Epoch 27/70, Loss: 1.667291
  Epoch 28/70, Loss: 1.333387
  Epoch 29/70, Loss: 3.394502
  Epoch 30/70, Loss: 0.884329
  Epoch 31/70, Loss: 0.651895
  Epoch 32/70, Loss: 0.988415
  Epoch 33/70, Loss: 19.202990
  Epoch 34/70, Loss: 91.310471
  Epoch 35/70, Loss: 64.483063
  Epoch 36/70, Loss: 22.342505
  Epoch 37/70, Loss: 1.591634
  Epoch 38/70, Loss: 2.194570
  Epoch 39/70, Loss: 12.686392
  Epoch 40/70, Loss: 3.257324
  Epoch 41/70, Loss: 0.892863
  Epoch 42/70, Loss: 0.992363
  Epoch 43/70, Loss: 3.004987
  Epoch 44/70, Loss: 3.095073
  Epoch 45/70, Loss: 2.007583
  Epoch 46/70, Loss: 0.855637
  Epoch 47/70, Loss: 2.925009
  Epoch 48/70, Loss: 2.502219
  Epoch 49/70, Loss: 12.142480
  Epoch 50/70, Loss: 6.586048
  Epoch 51/70, Loss: 6.547729
  Epoch 52/70, Loss: 3.515215
  Epoch 53/70, Loss: 16.082064
  Epoch 54/70, Loss: 11.463098
  Epoch 55/70, Loss: 17.140810
  Epoch 56/70, Loss: 16.277891
  Epoch 57/70, Loss: 5.225538
  Epoch 58/70, Loss: 1.251921
  Epoch 59/70, Loss: 57.156849
  Epoch 60/70, Loss: 55.457539
  Epoch 61/70, Loss: 60.106915
  Epoch 62/70, Loss: 35.907642
  Epoch 63/70, Loss: 13.697371
  Epoch 64/70, Loss: 1.160590
  Epoch 65/70, Loss: 0.666358
  Epoch 66/70, Loss: 2.894723
  Epoch 67/70, Loss: 1.533710
  Epoch 68/70, Loss: 0.620165
  Epoch 69/70, Loss: 1.202047
  Epoch 70/70, Loss: 0.787073
✅ Model saved to ./checkpoints/ae_cluster_3_model.pt
✅ Training complete.
Training cluster 3 (n=91386)
training started...
Cluster ID: 3, Cluster Size: 91386
  Epoch 1/10, Loss: 308.860779
  Epoch 2/10, Loss: 296.110901
  Epoch 3/10, Loss: 269.757904
  Epoch 4/10, Loss: 241.041199
  Epoch 5/10, Loss: 2.940481
  Epoch 6/10, Loss: 2.832833
  Epoch 7/10, Loss: 2.374539
  Epoch 8/10, Loss: 2.525198
  Epoch 9/10, Loss: 4.035760
  Epoch 10/10, Loss: 2.935723
✅ Model saved to ./checkpoints/ae_cluster_3_model.pt
✅ Training complete.
Training cluster 3 (n=91386)
training started...
Cluster ID: 3, Cluster Size: 91386
  Epoch 1/20, Loss: 1245559.875000
  Epoch 2/20, Loss: 0.863577
  Epoch 3/20, Loss: 0.865517
  Epoch 4/20, Loss: 0.857628
  Epoch 5/20, Loss: 1.006434
  Epoch 6/20, Loss: 0.958499
  Epoch 7/20, Loss: 0.964052
  Epoch 8/20, Loss: 0.776697
  Epoch 9/20, Loss: 0.811921
  Epoch 10/20, Loss: 0.935347
  Epoch 11/20, Loss: 0.908480
  Epoch 12/20, Loss: 0.938545
  Epoch 13/20, Loss: 0.936481
  Epoch 14/20, Loss: 0.840241
  Epoch 15/20, Loss: 0.839447
  Epoch 16/20, Loss: 0.858312
  Epoch 17/20, Loss: 1.146203
  Epoch 18/20, Loss: 1.020380
  Epoch 19/20, Loss: 0.976465
  Epoch 20/20, Loss: 1.114219
✅ Model saved to ./checkpoints/ae_cluster_3_model.pt
✅ Training complete.
Training cluster 3 (n=91386)
training started...
Cluster ID: 3, Cluster Size: 91386
  Epoch 1/100, Loss: 0.558000
  Epoch 2/100, Loss: 1.114390
  Epoch 3/100, Loss: 0.676074
  Epoch 4/100, Loss: 0.557255
  Epoch 5/100, Loss: 0.800444
  Epoch 6/100, Loss: 0.956518
  Epoch 7/100, Loss: 0.859642
  Epoch 8/100, Loss: 0.725842
  Epoch 9/100, Loss: 0.677697
  Epoch 10/100, Loss: 0.568496
  Epoch 11/100, Loss: 2.768604
  Epoch 12/100, Loss: 0.684844
  Epoch 13/100, Loss: 0.745540
  Epoch 14/100, Loss: 0.640591
  Epoch 15/100, Loss: 0.804885
  Epoch 16/100, Loss: 0.911889
  Epoch 17/100, Loss: 0.632346
  Epoch 18/100, Loss: 1.602213
  Epoch 19/100, Loss: 0.599403
  Epoch 20/100, Loss: 0.758094
  Epoch 21/100, Loss: 0.768564
  Epoch 22/100, Loss: 0.515502
  Epoch 23/100, Loss: 0.842178
  Epoch 24/100, Loss: 1.032102
  Epoch 25/100, Loss: 0.765863
  Epoch 26/100, Loss: 0.676466
  Epoch 27/100, Loss: 0.540111
  Epoch 28/100, Loss: 0.731207
  Epoch 29/100, Loss: 0.501941
  Epoch 30/100, Loss: 0.771526
  Epoch 31/100, Loss: 0.626210
  Epoch 32/100, Loss: 0.786337
  Epoch 33/100, Loss: 0.462250
  Epoch 34/100, Loss: 0.539555
  Epoch 35/100, Loss: 1.225524
  Epoch 36/100, Loss: 0.568684
  Epoch 37/100, Loss: 1.406793
  Epoch 38/100, Loss: 0.775624
  Epoch 39/100, Loss: 0.597984
  Epoch 40/100, Loss: 1.035993
  Epoch 41/100, Loss: 0.952986
  Epoch 42/100, Loss: 0.593395
  Epoch 43/100, Loss: 0.692923
  Epoch 44/100, Loss: 0.645382
  Epoch 45/100, Loss: 0.892554
  Epoch 46/100, Loss: 0.773839
  Epoch 47/100, Loss: 0.971415
  Epoch 48/100, Loss: 0.695935
  Epoch 49/100, Loss: 0.756698
  Epoch 50/100, Loss: 0.754392
  Epoch 51/100, Loss: 0.705203
  Epoch 52/100, Loss: 0.645664
  Epoch 53/100, Loss: 0.726730
  Epoch 54/100, Loss: 0.564412
  Epoch 55/100, Loss: 0.838946
  Epoch 56/100, Loss: 0.796913
  Epoch 57/100, Loss: 1.037129
  Epoch 58/100, Loss: 0.662521
  Epoch 59/100, Loss: 0.684207
  Epoch 60/100, Loss: 0.887922
  Epoch 61/100, Loss: 0.723768
  Epoch 62/100, Loss: 0.849747
  Epoch 63/100, Loss: 0.997054
  Epoch 64/100, Loss: 0.701350
  Epoch 65/100, Loss: 0.621623
  Epoch 66/100, Loss: 0.847763
  Epoch 67/100, Loss: 3.890722
  Epoch 68/100, Loss: 0.811156
  Epoch 69/100, Loss: 1.112437
  Epoch 70/100, Loss: 0.505415
  Epoch 71/100, Loss: 0.865354
  Epoch 72/100, Loss: 1.011176
  Epoch 73/100, Loss: 1.217834
  Epoch 74/100, Loss: 0.472652
  Epoch 75/100, Loss: 0.588417
  Epoch 76/100, Loss: 0.608445
  Epoch 77/100, Loss: 0.895405
  Epoch 78/100, Loss: 0.586186
  Epoch 79/100, Loss: 1.017065
  Epoch 80/100, Loss: 0.517974
  Epoch 81/100, Loss: 0.958825
  Epoch 82/100, Loss: 0.838299
  Epoch 83/100, Loss: 0.671545
  Epoch 84/100, Loss: 0.712750
  Epoch 85/100, Loss: 0.534633
  Epoch 86/100, Loss: 0.756384
  Epoch 87/100, Loss: 1.018846
  Epoch 88/100, Loss: 0.589670
  Epoch 89/100, Loss: 0.862264
  Epoch 90/100, Loss: 0.942700
  Epoch 91/100, Loss: 1.497702
  Epoch 92/100, Loss: 6.700909
  Epoch 93/100, Loss: 0.512734
  Epoch 94/100, Loss: 0.560815
  Epoch 95/100, Loss: 0.833695
  Epoch 96/100, Loss: 0.915024
  Epoch 97/100, Loss: 0.530993
  Epoch 98/100, Loss: 0.624385
  Epoch 99/100, Loss: 0.875386
  Epoch 100/100, Loss: 0.913154
✅ Model saved to ./checkpoints/ae_cluster_3_model.pt
✅ Training complete.
Training cluster 3 (n=91386)
training started...
Cluster ID: 3, Cluster Size: 91386
  Epoch 1/40, Loss: 0.921793
  Epoch 2/40, Loss: 1.415903
  Epoch 3/40, Loss: 0.978096
  Epoch 4/40, Loss: 0.740207
  Epoch 5/40, Loss: 0.966684
  Epoch 6/40, Loss: 0.592027
  Epoch 7/40, Loss: 0.575796
  Epoch 8/40, Loss: 0.525216
  Epoch 9/40, Loss: 0.800359
  Epoch 10/40, Loss: 1.017551
  Epoch 11/40, Loss: 1.243302
  Epoch 12/40, Loss: 0.746742
  Epoch 13/40, Loss: 0.911902
  Epoch 14/40, Loss: 0.621615
  Epoch 15/40, Loss: 0.665258
  Epoch 16/40, Loss: 0.646069
  Epoch 17/40, Loss: 0.797433
  Epoch 18/40, Loss: 0.562666
  Epoch 19/40, Loss: 0.663230
  Epoch 20/40, Loss: 0.738498
  Epoch 21/40, Loss: 2.027539
  Epoch 22/40, Loss: 1.174469
  Epoch 23/40, Loss: 1.199050
  Epoch 24/40, Loss: 0.844433
  Epoch 25/40, Loss: 0.563630
  Epoch 26/40, Loss: 1.023125
  Epoch 27/40, Loss: 1.009549
  Epoch 28/40, Loss: 0.641532
  Epoch 29/40, Loss: 0.912759
  Epoch 30/40, Loss: 0.733562
  Epoch 31/40, Loss: 0.520712
  Epoch 32/40, Loss: 1.212604
  Epoch 33/40, Loss: 1.070692
  Epoch 34/40, Loss: 0.965886
  Epoch 35/40, Loss: 1.076069
  Epoch 36/40, Loss: 1.060005
  Epoch 37/40, Loss: 0.644072
  Epoch 38/40, Loss: 0.841131
  Epoch 39/40, Loss: 0.889785
  Epoch 40/40, Loss: 0.740553
✅ Model saved to ./checkpoints/ae_cluster_3_model.pt
✅ Training complete.
Training cluster 3 (n=91386)
training started...
Cluster ID: 3, Cluster Size: 91386
  Epoch 1/50, Loss: 0.781276
  Epoch 2/50, Loss: 0.774361
  Epoch 3/50, Loss: 2.906799
  Epoch 4/50, Loss: 0.964867
  Epoch 5/50, Loss: 0.630216
  Epoch 6/50, Loss: 5.957601
  Epoch 7/50, Loss: 0.795219
  Epoch 8/50, Loss: 1.085947
  Epoch 9/50, Loss: 2.407907
  Epoch 10/50, Loss: 0.710081
  Epoch 11/50, Loss: 1.110088
  Epoch 12/50, Loss: 0.575388
  Epoch 13/50, Loss: 3.041372
  Epoch 14/50, Loss: 0.802040
  Epoch 15/50, Loss: 0.662413
  Epoch 16/50, Loss: 1.243513
  Epoch 17/50, Loss: 2.399374
  Epoch 18/50, Loss: 0.985956
  Epoch 19/50, Loss: 0.746232
  Epoch 20/50, Loss: 0.748015
  Epoch 21/50, Loss: 0.654161
  Epoch 22/50, Loss: 0.705665
  Epoch 23/50, Loss: 0.601759
  Epoch 24/50, Loss: 0.639347
  Epoch 25/50, Loss: 0.659179
  Epoch 26/50, Loss: 10.725301
  Epoch 27/50, Loss: 0.598458
  Epoch 28/50, Loss: 0.670922
  Epoch 29/50, Loss: 0.696900
  Epoch 30/50, Loss: 0.507433
  Epoch 31/50, Loss: 0.956711
  Epoch 32/50, Loss: 0.935989
  Epoch 33/50, Loss: 0.733542
  Epoch 34/50, Loss: 1.968055
  Epoch 35/50, Loss: 3.300562
  Epoch 36/50, Loss: 27.077518
  Epoch 37/50, Loss: 11.349493
  Epoch 38/50, Loss: 3.245723
  Epoch 39/50, Loss: 0.780246
  Epoch 40/50, Loss: 8.255051
  Epoch 41/50, Loss: 4.791392
  Epoch 42/50, Loss: 11.475572
  Epoch 43/50, Loss: 5.837068
  Epoch 44/50, Loss: 13.294936
  Epoch 45/50, Loss: 5.784266
  Epoch 46/50, Loss: 4.325623
  Epoch 47/50, Loss: 3.617536
  Epoch 48/50, Loss: 0.991044
  Epoch 49/50, Loss: 0.638459
  Epoch 50/50, Loss: 1.187191
✅ Model saved to ./checkpoints/ae_cluster_3_model.pt
✅ Training complete.
Training cluster 3 (n=91386)
training started...
Cluster ID: 3, Cluster Size: 91386
  Epoch 1/10, Loss: 2555756612180600605310770814648320.000000
  Epoch 2/10, Loss: 2327105992074492655086215322664960.000000
  Epoch 3/10, Loss: 1788440059582710761361618862342144.000000
  Epoch 4/10, Loss: 2888106065042536826367869970284544.000000
  Epoch 5/10, Loss: 1890070294532893161754806089416704.000000
  Epoch 6/10, Loss: 2635584247158888888302434665889792.000000
  Epoch 7/10, Loss: 3907557734004302837719085613056000.000000
  Epoch 8/10, Loss: 2510229819810831638976011897405440.000000
  Epoch 9/10, Loss: 4320750551646760996283403351359488.000000
  Epoch 10/10, Loss: 1750564355625745087815873982365696.000000
✅ Model saved to ./checkpoints/ae_cluster_3_model.pt
✅ Training complete.
Training cluster 3 (n=91386)
training started...
Cluster ID: 3, Cluster Size: 91386
  Epoch 1/10, Loss: 4472785206086492649160704.000000
  Epoch 2/10, Loss: 3850748602014832045064192.000000
  Epoch 3/10, Loss: 6530535360179481476071424.000000
  Epoch 4/10, Loss: 3680868788845150811979776.000000
  Epoch 5/10, Loss: 3463072693252880563437568.000000
  Epoch 6/10, Loss: 1964315233631828810137600.000000
  Epoch 7/10, Loss: 1959696053623621477728256.000000
  Epoch 8/10, Loss: 2772932727673717356756992.000000
  Epoch 9/10, Loss: 1570321459139819882938368.000000
  Epoch 10/10, Loss: 684892299235757066813440.000000
✅ Model saved to ./checkpoints/ae_cluster_3_model.pt
✅ Training complete.
Training cluster 3 (n=91386)
training started...
Cluster ID: 3, Cluster Size: 91386
  Epoch 1/20, Loss: 1.762376
  Epoch 2/20, Loss: 1.939752
  Epoch 3/20, Loss: 1.999712
  Epoch 4/20, Loss: 2.059325
  Epoch 5/20, Loss: 2.169569
  Epoch 6/20, Loss: 2.124873
  Epoch 7/20, Loss: 1.852602
  Epoch 8/20, Loss: 1.850929
  Epoch 9/20, Loss: 1.827434
  Epoch 10/20, Loss: 1.724611
  Epoch 11/20, Loss: 1.884844
  Epoch 12/20, Loss: 2.020931
  Epoch 13/20, Loss: 1.788715
  Epoch 14/20, Loss: 1.862257
  Epoch 15/20, Loss: 1.721634
  Epoch 16/20, Loss: 1.682402
  Epoch 17/20, Loss: 1.945821
  Epoch 18/20, Loss: 1.771972
  Epoch 19/20, Loss: 1.789922
  Epoch 20/20, Loss: 1.875558
✅ Model saved to ./checkpoints/ae_cluster_3_model.pt
✅ Training complete.
Training cluster 3 (n=91386)
training started...
Cluster ID: 3, Cluster Size: 91386
  Epoch 1/10, Loss: 6483.015137
  Epoch 2/10, Loss: 1.494350
  Epoch 3/10, Loss: 1.154649
  Epoch 4/10, Loss: 16.467648
  Epoch 5/10, Loss: 1.124798
  Epoch 6/10, Loss: 0.885237
  Epoch 7/10, Loss: 0.811796
  Epoch 8/10, Loss: 0.756563
  Epoch 9/10, Loss: 1.026733
  Epoch 10/10, Loss: 1.211343
✅ Model saved to ./checkpoints/ae_cluster_3_model.pt
✅ Training complete.
Training cluster 3 (n=91386)
training started...
Cluster ID: 3, Cluster Size: 91386
  Epoch 1/10, Loss: 1.178688
  Epoch 2/10, Loss: 1.353545
  Epoch 3/10, Loss: 1.306666
  Epoch 4/10, Loss: 1.022757
  Epoch 5/10, Loss: 1.169392
  Epoch 6/10, Loss: 1.078471
  Epoch 7/10, Loss: 1.072977
  Epoch 8/10, Loss: 1.371335
  Epoch 9/10, Loss: 1.205420
  Epoch 10/10, Loss: 1.182185
✅ Model saved to ./checkpoints/ae_cluster_3_model.pt
✅ Training complete.
Training cluster 3 (n=91386)
training started...
Cluster ID: 3, Cluster Size: 91386
  Epoch 1/30, Loss: 26.829266
  Epoch 2/30, Loss: 2.469417
  Epoch 3/30, Loss: 1.457600
  Epoch 4/30, Loss: 0.943596
  Epoch 5/30, Loss: 82531.843750
  Epoch 6/30, Loss: 61646.566406
  Epoch 7/30, Loss: 37795.753906
  Epoch 8/30, Loss: 13850.953125
  Epoch 9/30, Loss: 1841.761353
  Epoch 10/30, Loss: 189.494934
  Epoch 11/30, Loss: 15.498796
  Epoch 12/30, Loss: 1.005364
  Epoch 13/30, Loss: 0.754131
  Epoch 14/30, Loss: 0.669413
  Epoch 15/30, Loss: 0.687520
  Epoch 16/30, Loss: 0.551253
  Epoch 17/30, Loss: 2.502900
  Epoch 18/30, Loss: 0.611692
  Epoch 19/30, Loss: 1.387045
  Epoch 20/30, Loss: 1.011805
  Epoch 21/30, Loss: 0.791572
  Epoch 22/30, Loss: 0.685442
  Epoch 23/30, Loss: 1.178540
  Epoch 24/30, Loss: 0.633295
  Epoch 25/30, Loss: 36.598110
  Epoch 26/30, Loss: 0.580856
  Epoch 27/30, Loss: 272372.656250
  Epoch 28/30, Loss: 1753.489014
  Epoch 29/30, Loss: 0.887726
  Epoch 30/30, Loss: 2919.870850
✅ Model saved to ./checkpoints/ae_cluster_3_model.pt
✅ Training complete.
Training cluster 3 (n=91386)
training started...
Cluster ID: 3, Cluster Size: 91386
  Epoch 1/50, Loss: 2.995818
  Epoch 2/50, Loss: 3.441145
  Epoch 3/50, Loss: 3.190454
  Epoch 4/50, Loss: 91.918793
  Epoch 5/50, Loss: 171.235565
  Epoch 6/50, Loss: 0.565515
  Epoch 7/50, Loss: 0.571494
  Epoch 8/50, Loss: 0.572329
  Epoch 9/50, Loss: 0.802088
  Epoch 10/50, Loss: 1.025594
  Epoch 11/50, Loss: 1.252570
  Epoch 12/50, Loss: 0.740004
  Epoch 13/50, Loss: 0.905845
  Epoch 14/50, Loss: 0.620087
  Epoch 15/50, Loss: 0.678310
  Epoch 16/50, Loss: 0.651574
  Epoch 17/50, Loss: 0.805752
  Epoch 18/50, Loss: 0.572200
  Epoch 19/50, Loss: 0.671718
  Epoch 20/50, Loss: 0.755854
  Epoch 21/50, Loss: 2.024437
  Epoch 22/50, Loss: 1.181244
  Epoch 23/50, Loss: 1.207085
  Epoch 24/50, Loss: 0.866507
  Epoch 25/50, Loss: 0.564171
  Epoch 26/50, Loss: 1.022711
  Epoch 27/50, Loss: 1.004165
  Epoch 28/50, Loss: 0.650043
  Epoch 29/50, Loss: 0.915123
  Epoch 30/50, Loss: 0.731272
  Epoch 31/50, Loss: 0.522622
  Epoch 32/50, Loss: 1.206710
  Epoch 33/50, Loss: 1.081691
  Epoch 34/50, Loss: 0.978774
  Epoch 35/50, Loss: 1.097725
  Epoch 36/50, Loss: 1.059681
  Epoch 37/50, Loss: 0.644579
  Epoch 38/50, Loss: 0.832675
  Epoch 39/50, Loss: 0.893968
  Epoch 40/50, Loss: 0.746568
  Epoch 41/50, Loss: 0.741379
  Epoch 42/50, Loss: 0.814961
  Epoch 43/50, Loss: 0.647995
  Epoch 44/50, Loss: 0.766129
  Epoch 45/50, Loss: 0.552447
  Epoch 46/50, Loss: 0.717798
  Epoch 47/50, Loss: 0.634909
  Epoch 48/50, Loss: 0.804985
  Epoch 49/50, Loss: 0.842479
  Epoch 50/50, Loss: 0.999958
✅ Model saved to ./checkpoints/ae_cluster_3_model.pt
✅ Training complete.
Training cluster 3 (n=91386)
training started...
Cluster ID: 3, Cluster Size: 91386
  Epoch 1/10, Loss: 0.685634
  Epoch 2/10, Loss: 0.756241
  Epoch 3/10, Loss: 0.698496
  Epoch 4/10, Loss: 0.609932
  Epoch 5/10, Loss: 0.691964
  Epoch 6/10, Loss: 0.928620
  Epoch 7/10, Loss: 4.817316
  Epoch 8/10, Loss: 3.665758
  Epoch 9/10, Loss: 3.395392
  Epoch 10/10, Loss: 7.654609
✅ Model saved to ./checkpoints/ae_cluster_3_model.pt
✅ Training complete.
Training cluster 3 (n=91386)
training started...
Cluster ID: 3, Cluster Size: 91386
  Epoch 1/30, Loss: 1720876662784.000000
  Epoch 2/30, Loss: 2347214569472.000000
  Epoch 3/30, Loss: 127219965952.000000
  Epoch 4/30, Loss: 35783196672.000000
  Epoch 5/30, Loss: 21949450240.000000
  Epoch 6/30, Loss: 63632347136.000000
  Epoch 7/30, Loss: 20216502272.000000
  Epoch 8/30, Loss: 3330711552.000000
  Epoch 9/30, Loss: 4256469625077760.000000
  Epoch 10/30, Loss: 468021848047616.000000
  Epoch 11/30, Loss: 4046452972060672.000000
  Epoch 12/30, Loss: 103662634401792.000000
  Epoch 13/30, Loss: 6.597688
  Epoch 14/30, Loss: 7.161822
  Epoch 15/30, Loss: 6.773410
  Epoch 16/30, Loss: 6.892258
  Epoch 17/30, Loss: 6.679604
  Epoch 18/30, Loss: 6.832889
  Epoch 19/30, Loss: 7.126245
  Epoch 20/30, Loss: 6.826919
  Epoch 21/30, Loss: 7.039219
  Epoch 22/30, Loss: 6.690851
  Epoch 23/30, Loss: 6.789517
  Epoch 24/30, Loss: 6.712718
  Epoch 25/30, Loss: 7.620763
  Epoch 26/30, Loss: 6.637235
  Epoch 27/30, Loss: 6.690145
  Epoch 28/30, Loss: 6.829317
  Epoch 29/30, Loss: 6.876027
  Epoch 30/30, Loss: 7.030437
✅ Model saved to ./checkpoints/ae_cluster_3_model.pt
✅ Training complete.
Training cluster 3 (n=91386)
training started...
Cluster ID: 3, Cluster Size: 91386
  Epoch 1/10, Loss: 3.691045
  Epoch 2/10, Loss: 2.112458
  Epoch 3/10, Loss: 2.065591
  Epoch 4/10, Loss: 2.219621
  Epoch 5/10, Loss: 2.211041
  Epoch 6/10, Loss: 1.935810
  Epoch 7/10, Loss: 2.227588
  Epoch 8/10, Loss: 2.467167
  Epoch 9/10, Loss: 1.961571
  Epoch 10/10, Loss: 2.100163
✅ Model saved to ./checkpoints/ae_cluster_3_model.pt
✅ Training complete.
Training cluster 3 (n=91386)
training started...
Cluster ID: 3, Cluster Size: 91386
  Epoch 1/10, Loss: 0.950938
  Epoch 2/10, Loss: 1.275520
  Epoch 3/10, Loss: 1.174505
  Epoch 4/10, Loss: 1.045980
  Epoch 5/10, Loss: 1.018746
  Epoch 6/10, Loss: 0.867504
  Epoch 7/10, Loss: 1.042109
  Epoch 8/10, Loss: 0.998173
  Epoch 9/10, Loss: 1.811309
  Epoch 10/10, Loss: 1.199282
✅ Model saved to ./checkpoints/ae_cluster_3_model.pt
✅ Training complete.
Training cluster 3 (n=91386)
training started...
Cluster ID: 3, Cluster Size: 91386
  Epoch 1/90, Loss: 1.085202
  Epoch 2/90, Loss: 5.739680
  Epoch 3/90, Loss: 0.511847
  Epoch 4/90, Loss: 1.165642
  Epoch 5/90, Loss: 0.642786
  Epoch 6/90, Loss: 0.940920
  Epoch 7/90, Loss: 0.530141
  Epoch 8/90, Loss: 0.828958
  Epoch 9/90, Loss: 0.995041
  Epoch 10/90, Loss: 0.605404
  Epoch 11/90, Loss: 0.526617
  Epoch 12/90, Loss: 3.283692
  Epoch 13/90, Loss: 1.366892
  Epoch 14/90, Loss: 0.694982
  Epoch 15/90, Loss: 2.282707
  Epoch 16/90, Loss: 51.422298
  Epoch 17/90, Loss: 41.967911
  Epoch 18/90, Loss: 91.828789
  Epoch 19/90, Loss: 316.649963
  Epoch 20/90, Loss: 607.495728
  Epoch 21/90, Loss: 661.980896
  Epoch 22/90, Loss: 1365.710938
  Epoch 23/90, Loss: 2333.602051
  Epoch 24/90, Loss: 2360.630127
  Epoch 25/90, Loss: 2158.175049
  Epoch 26/90, Loss: 1863.456299
  Epoch 27/90, Loss: 1716.373169
  Epoch 28/90, Loss: 1179.870605
  Epoch 29/90, Loss: 750.583740
  Epoch 30/90, Loss: 293.263977
  Epoch 31/90, Loss: 134.541000
  Epoch 32/90, Loss: 103.492134
  Epoch 33/90, Loss: 47.958694
  Epoch 34/90, Loss: 40.143536
  Epoch 35/90, Loss: 8.083302
  Epoch 36/90, Loss: 2.558948
  Epoch 37/90, Loss: 0.541117
  Epoch 38/90, Loss: 0.731095
  Epoch 39/90, Loss: 17.987780
  Epoch 40/90, Loss: 15.674675
  Epoch 41/90, Loss: 13.604447
  Epoch 42/90, Loss: 10.800747
  Epoch 43/90, Loss: 7.887772
  Epoch 44/90, Loss: 3.756779
  Epoch 45/90, Loss: 10.882614
  Epoch 46/90, Loss: 9.840310
  Epoch 47/90, Loss: 7.619451
  Epoch 48/90, Loss: 3.529429
  Epoch 49/90, Loss: 1.782710
  Epoch 50/90, Loss: 0.967709
  Epoch 51/90, Loss: 1.201410
  Epoch 52/90, Loss: 6.698986
  Epoch 53/90, Loss: 5.707114
  Epoch 54/90, Loss: 5.210379
  Epoch 55/90, Loss: 28.402449
  Epoch 56/90, Loss: 54.622467
  Epoch 57/90, Loss: 93.442764
  Epoch 58/90, Loss: 89.306679
  Epoch 59/90, Loss: 79.640198
  Epoch 60/90, Loss: 126.425156
  Epoch 61/90, Loss: 118.177734
  Epoch 62/90, Loss: 159.136429
  Epoch 63/90, Loss: 147.396027
  Epoch 64/90, Loss: 176.651260
  Epoch 65/90, Loss: 161.943832
  Epoch 66/90, Loss: 214.405838
  Epoch 67/90, Loss: 198.537247
  Epoch 68/90, Loss: 181.731781
  Epoch 69/90, Loss: 171.979355
  Epoch 70/90, Loss: 126.719063
  Epoch 71/90, Loss: 129.084564
  Epoch 72/90, Loss: 344.970154
  Epoch 73/90, Loss: 336.952271
  Epoch 74/90, Loss: 324.132019
  Epoch 75/90, Loss: 306.180420
  Epoch 76/90, Loss: 351.475952
  Epoch 77/90, Loss: 382.727966
  Epoch 78/90, Loss: 482.106934
  Epoch 79/90, Loss: 579.040833
  Epoch 80/90, Loss: 547.935608
  Epoch 81/90, Loss: 498.348816
  Epoch 82/90, Loss: 1158.451538
  Epoch 83/90, Loss: 1176.022583
  Epoch 84/90, Loss: 1219.193848
  Epoch 85/90, Loss: 1520.329590
  Epoch 86/90, Loss: 1961.366943
  Epoch 87/90, Loss: 1901.907104
  Epoch 88/90, Loss: 2118.118408
  Epoch 89/90, Loss: 1952.197754
  Epoch 90/90, Loss: 1959.930664
✅ Model saved to ./checkpoints/ae_cluster_3_model.pt
✅ Training complete.
Training cluster 3 (n=91386)
training started...
Cluster ID: 3, Cluster Size: 91386
  Epoch 1/30, Loss: 1.107796
  Epoch 2/30, Loss: 5.779183
  Epoch 3/30, Loss: 0.606658
  Epoch 4/30, Loss: 1.169943
  Epoch 5/30, Loss: 0.578227
  Epoch 6/30, Loss: 0.802127
  Epoch 7/30, Loss: 0.310623
  Epoch 8/30, Loss: 0.646437
  Epoch 9/30, Loss: 0.682505
  Epoch 10/30, Loss: 0.350396
  Epoch 11/30, Loss: 0.305617
  Epoch 12/30, Loss: 0.327807
  Epoch 13/30, Loss: 0.599903
  Epoch 14/30, Loss: 0.613329
  Epoch 15/30, Loss: 1.317588
  Epoch 16/30, Loss: 0.683989
  Epoch 17/30, Loss: 0.659261
  Epoch 18/30, Loss: 0.758159
  Epoch 19/30, Loss: 0.568507
  Epoch 20/30, Loss: 0.558017
  Epoch 21/30, Loss: 0.550325
  Epoch 22/30, Loss: 0.766215
  Epoch 23/30, Loss: 0.656815
  Epoch 24/30, Loss: 0.609186
  Epoch 25/30, Loss: 0.548373
  Epoch 26/30, Loss: 0.834401
  Epoch 27/30, Loss: 0.691421
  Epoch 28/30, Loss: 2.186918
  Epoch 29/30, Loss: 0.592540
  Epoch 30/30, Loss: 0.895367
✅ Model saved to ./checkpoints/ae_cluster_3_model.pt
✅ Training complete.
Training cluster 3 (n=91386)
training started...
Cluster ID: 3, Cluster Size: 91386
  Epoch 1/100, Loss: 0.854679
  Epoch 2/100, Loss: 0.720484
  Epoch 3/100, Loss: 1.266015
  Epoch 4/100, Loss: 0.685188
  Epoch 5/100, Loss: 1.034640
  Epoch 6/100, Loss: 0.969323
  Epoch 7/100, Loss: 0.879563
  Epoch 8/100, Loss: 0.922658
  Epoch 9/100, Loss: 1.016463
  Epoch 10/100, Loss: 0.616132
  Epoch 11/100, Loss: 0.962830
  Epoch 12/100, Loss: 1.002909
  Epoch 13/100, Loss: 1.273808
  Epoch 14/100, Loss: 1.032666
  Epoch 15/100, Loss: 0.883322
  Epoch 16/100, Loss: 0.767106
  Epoch 17/100, Loss: 0.772253
  Epoch 18/100, Loss: 0.960869
  Epoch 19/100, Loss: 1.309100
  Epoch 20/100, Loss: 0.825888
  Epoch 21/100, Loss: 1.000556
  Epoch 22/100, Loss: 0.871091
  Epoch 23/100, Loss: 0.735527
  Epoch 24/100, Loss: 1.053062
  Epoch 25/100, Loss: 0.878238
  Epoch 26/100, Loss: 0.923279
  Epoch 27/100, Loss: 0.740633
  Epoch 28/100, Loss: 0.951832
  Epoch 29/100, Loss: 0.974024
  Epoch 30/100, Loss: 0.717143
  Epoch 31/100, Loss: 1.160771
  Epoch 32/100, Loss: 0.687958
  Epoch 33/100, Loss: 0.834612
  Epoch 34/100, Loss: 1.175607
  Epoch 35/100, Loss: 0.692702
  Epoch 36/100, Loss: 0.923435
  Epoch 37/100, Loss: 0.867403
  Epoch 38/100, Loss: 0.786086
  Epoch 39/100, Loss: 0.923877
  Epoch 40/100, Loss: 1.641476
  Epoch 41/100, Loss: 0.774031
  Epoch 42/100, Loss: 0.986048
  Epoch 43/100, Loss: 1.410183
  Epoch 44/100, Loss: 0.767108
  Epoch 45/100, Loss: 0.714356
  Epoch 46/100, Loss: 0.896953
  Epoch 47/100, Loss: 0.893096
  Epoch 48/100, Loss: 0.867312
  Epoch 49/100, Loss: 0.781891
  Epoch 50/100, Loss: 1.084611
  Epoch 51/100, Loss: 0.781488
  Epoch 52/100, Loss: 0.901562
  Epoch 53/100, Loss: 1.181215
  Epoch 54/100, Loss: 0.883572
  Epoch 55/100, Loss: 0.793126
  Epoch 56/100, Loss: 0.807731
  Epoch 57/100, Loss: 0.950854
  Epoch 58/100, Loss: 0.721454
  Epoch 59/100, Loss: 1.307400
  Epoch 60/100, Loss: 0.895519
  Epoch 61/100, Loss: 3.527801
  Epoch 62/100, Loss: 0.893316
  Epoch 63/100, Loss: 0.850666
  Epoch 64/100, Loss: 0.966482
  Epoch 65/100, Loss: 0.790643
  Epoch 66/100, Loss: 0.917138
  Epoch 67/100, Loss: 0.847678
  Epoch 68/100, Loss: 0.667257
  Epoch 69/100, Loss: 0.903252
  Epoch 70/100, Loss: 0.768424
  Epoch 71/100, Loss: 1.030015
  Epoch 72/100, Loss: 0.678480
  Epoch 73/100, Loss: 0.759613
  Epoch 74/100, Loss: 0.753416
  Epoch 75/100, Loss: 1.079125
  Epoch 76/100, Loss: 0.883920
  Epoch 77/100, Loss: 1.066064
  Epoch 78/100, Loss: 1.535199
  Epoch 79/100, Loss: 0.937068
  Epoch 80/100, Loss: 1.167181
  Epoch 81/100, Loss: 0.813582
  Epoch 82/100, Loss: 0.696083
  Epoch 83/100, Loss: 0.844229
  Epoch 84/100, Loss: 0.871784
  Epoch 85/100, Loss: 0.828731
  Epoch 86/100, Loss: 0.957175
  Epoch 87/100, Loss: 0.947766
  Epoch 88/100, Loss: 0.851419
  Epoch 89/100, Loss: 0.718879
  Epoch 90/100, Loss: 1.050821
  Epoch 91/100, Loss: 2.024704
  Epoch 92/100, Loss: 0.927840
  Epoch 93/100, Loss: 0.893937
  Epoch 94/100, Loss: 0.707981
  Epoch 95/100, Loss: 1.082340
  Epoch 96/100, Loss: 0.980354
  Epoch 97/100, Loss: 0.748144
  Epoch 98/100, Loss: 0.902594
  Epoch 99/100, Loss: 0.931152
  Epoch 100/100, Loss: 0.772903
✅ Model saved to ./checkpoints/ae_cluster_3_model.pt
✅ Training complete.
Training cluster 3 (n=91386)
training started...
Cluster ID: 3, Cluster Size: 91386
  Epoch 1/100, Loss: 0.782779
  Epoch 2/100, Loss: 0.774823
  Epoch 3/100, Loss: 0.609555
  Epoch 4/100, Loss: 0.973157
  Epoch 5/100, Loss: 0.632534
  Epoch 6/100, Loss: 1.058295
  Epoch 7/100, Loss: 0.787510
  Epoch 8/100, Loss: 1.084545
  Epoch 9/100, Loss: 0.659682
  Epoch 10/100, Loss: 1.852877
  Epoch 11/100, Loss: 2.854424
  Epoch 12/100, Loss: 0.632863
  Epoch 13/100, Loss: 1.301861
  Epoch 14/100, Loss: 0.766894
  Epoch 15/100, Loss: 3.858244
  Epoch 16/100, Loss: 1.465829
  Epoch 17/100, Loss: 2.412478
  Epoch 18/100, Loss: 0.985190
  Epoch 19/100, Loss: 0.745230
  Epoch 20/100, Loss: 0.746849
  Epoch 21/100, Loss: 0.654275
  Epoch 22/100, Loss: 0.703984
  Epoch 23/100, Loss: 0.750637
  Epoch 24/100, Loss: 0.639024
  Epoch 25/100, Loss: 0.658208
  Epoch 26/100, Loss: 10.678769
  Epoch 27/100, Loss: 0.599798
  Epoch 28/100, Loss: 0.671856
  Epoch 29/100, Loss: 0.696729
  Epoch 30/100, Loss: 0.504726
  Epoch 31/100, Loss: 0.961305
  Epoch 32/100, Loss: 0.939860
  Epoch 33/100, Loss: 0.738999
  Epoch 34/100, Loss: 0.625608
  Epoch 35/100, Loss: 0.814281
  Epoch 36/100, Loss: 1.011184
  Epoch 37/100, Loss: 0.717330
  Epoch 38/100, Loss: 1.417129
  Epoch 39/100, Loss: 0.694185
  Epoch 40/100, Loss: 0.932125
  Epoch 41/100, Loss: 0.868647
  Epoch 42/100, Loss: 0.728106
  Epoch 43/100, Loss: 3.804764
  Epoch 44/100, Loss: 0.667613
  Epoch 45/100, Loss: 0.718684
  Epoch 46/100, Loss: 0.885580
  Epoch 47/100, Loss: 0.585044
  Epoch 48/100, Loss: 0.926113
  Epoch 49/100, Loss: 0.637422
  Epoch 50/100, Loss: 4.721460
  Epoch 51/100, Loss: 0.803369
  Epoch 52/100, Loss: 0.871882
  Epoch 53/100, Loss: 0.731822
  Epoch 54/100, Loss: 1.204244
  Epoch 55/100, Loss: 0.635113
  Epoch 56/100, Loss: 0.661965
  Epoch 57/100, Loss: 0.890826
  Epoch 58/100, Loss: 0.804592
  Epoch 59/100, Loss: 0.863016
  Epoch 60/100, Loss: 0.640327
  Epoch 61/100, Loss: 0.618016
  Epoch 62/100, Loss: 0.537972
  Epoch 63/100, Loss: 0.664259
  Epoch 64/100, Loss: 0.607381
  Epoch 65/100, Loss: 0.607457
  Epoch 66/100, Loss: 0.694796
  Epoch 67/100, Loss: 0.932449
  Epoch 68/100, Loss: 0.521953
  Epoch 69/100, Loss: 0.926401
  Epoch 70/100, Loss: 0.790835
  Epoch 71/100, Loss: 0.655912
  Epoch 72/100, Loss: 1.124978
  Epoch 73/100, Loss: 0.531391
  Epoch 74/100, Loss: 0.578951
  Epoch 75/100, Loss: 0.752504
  Epoch 76/100, Loss: 0.641137
  Epoch 77/100, Loss: 0.718301
  Epoch 78/100, Loss: 0.784382
  Epoch 79/100, Loss: 0.983718
  Epoch 80/100, Loss: 0.476411
  Epoch 81/100, Loss: 0.694301
  Epoch 82/100, Loss: 6.562991
  Epoch 83/100, Loss: 16.456059
  Epoch 84/100, Loss: 5.169097
  Epoch 85/100, Loss: 1.050963
  Epoch 86/100, Loss: 2.883195
  Epoch 87/100, Loss: 0.811017
  Epoch 88/100, Loss: 1.717262
  Epoch 89/100, Loss: 0.584093
  Epoch 90/100, Loss: 0.925202
  Epoch 91/100, Loss: 0.514869
  Epoch 92/100, Loss: 1.874077
  Epoch 93/100, Loss: 4.771939
  Epoch 94/100, Loss: 0.973222
  Epoch 95/100, Loss: 0.666356
  Epoch 96/100, Loss: 1.097386
  Epoch 97/100, Loss: 0.938529
  Epoch 98/100, Loss: 0.674010
  Epoch 99/100, Loss: 2.341560
  Epoch 100/100, Loss: 1.561717
✅ Model saved to ./checkpoints/ae_cluster_3_model.pt
✅ Training complete.
Training cluster 3 (n=91386)
training started...
Cluster ID: 3, Cluster Size: 91386
  Epoch 1/50, Loss: 3.174547
  Epoch 2/50, Loss: 1.119215
  Epoch 3/50, Loss: 0.850474
  Epoch 4/50, Loss: 0.944235
  Epoch 5/50, Loss: 0.892785
  Epoch 6/50, Loss: 0.840089
  Epoch 7/50, Loss: 0.766248
  Epoch 8/50, Loss: 0.833395
  Epoch 9/50, Loss: 0.682169
  Epoch 10/50, Loss: 0.773590
  Epoch 11/50, Loss: 0.858899
  Epoch 12/50, Loss: 0.919152
  Epoch 13/50, Loss: 0.855092
  Epoch 14/50, Loss: 0.986673
  Epoch 15/50, Loss: 0.851027
  Epoch 16/50, Loss: 1.095351
  Epoch 17/50, Loss: 0.735376
  Epoch 18/50, Loss: 1.002407
  Epoch 19/50, Loss: 0.790506
  Epoch 20/50, Loss: 0.851170
  Epoch 21/50, Loss: 0.751909
  Epoch 22/50, Loss: 0.863462
  Epoch 23/50, Loss: 0.865932
  Epoch 24/50, Loss: 0.805547
  Epoch 25/50, Loss: 0.954309
  Epoch 26/50, Loss: 1.015598
  Epoch 27/50, Loss: 0.907860
  Epoch 28/50, Loss: 1.426458
  Epoch 29/50, Loss: 1.282820
  Epoch 30/50, Loss: 1.184544
  Epoch 31/50, Loss: 1.454741
  Epoch 32/50, Loss: 0.697446
  Epoch 33/50, Loss: 1.231314
  Epoch 34/50, Loss: 0.752648
  Epoch 35/50, Loss: 0.936683
  Epoch 36/50, Loss: 0.766418
  Epoch 37/50, Loss: 0.888834
  Epoch 38/50, Loss: 0.826116
  Epoch 39/50, Loss: 0.760433
  Epoch 40/50, Loss: 1.368272
  Epoch 41/50, Loss: 0.761217
  Epoch 42/50, Loss: 0.746646
  Epoch 43/50, Loss: 0.903146
  Epoch 44/50, Loss: 0.763197
  Epoch 45/50, Loss: 1.345346
  Epoch 46/50, Loss: 0.874050
  Epoch 47/50, Loss: 0.869220
  Epoch 48/50, Loss: 0.881048
  Epoch 49/50, Loss: 0.864294
  Epoch 50/50, Loss: 0.840040
✅ Model saved to ./checkpoints/ae_cluster_3_model.pt
✅ Training complete.
Training cluster 3 (n=91386)
training started...
Cluster ID: 3, Cluster Size: 91386
  Epoch 1/40, Loss: 0.410190
  Epoch 2/40, Loss: 0.337436
  Epoch 3/40, Loss: 0.359818
  Epoch 4/40, Loss: 0.315031
  Epoch 5/40, Loss: 0.491099
  Epoch 6/40, Loss: 0.254344
  Epoch 7/40, Loss: 0.323864
  Epoch 8/40, Loss: 0.202623
  Epoch 9/40, Loss: 0.216164
  Epoch 10/40, Loss: 0.368485
  Epoch 11/40, Loss: 0.528293
  Epoch 12/40, Loss: 0.379498
  Epoch 13/40, Loss: 0.372944
  Epoch 14/40, Loss: 0.337634
  Epoch 15/40, Loss: 0.248113
  Epoch 16/40, Loss: 0.436956
  Epoch 17/40, Loss: 0.297098
  Epoch 18/40, Loss: 0.309025
  Epoch 19/40, Loss: 0.238414
  Epoch 20/40, Loss: 0.245744
  Epoch 21/40, Loss: 0.284217
  Epoch 22/40, Loss: 0.258034
  Epoch 23/40, Loss: 0.296989
  Epoch 24/40, Loss: 0.210133
  Epoch 25/40, Loss: 0.219598
  Epoch 26/40, Loss: 0.698858
  Epoch 27/40, Loss: 0.237186
  Epoch 28/40, Loss: 0.243365
  Epoch 29/40, Loss: 0.232645
  Epoch 30/40, Loss: 0.318745
  Epoch 31/40, Loss: 0.217056
  Epoch 32/40, Loss: 0.525404
  Epoch 33/40, Loss: 0.227366
  Epoch 34/40, Loss: 0.199973
  Epoch 35/40, Loss: 0.231160
  Epoch 36/40, Loss: 0.223166
  Epoch 37/40, Loss: 0.165917
  Epoch 38/40, Loss: 0.203353
  Epoch 39/40, Loss: 0.284252
  Epoch 40/40, Loss: 0.402835
✅ Model saved to ./checkpoints/ae_cluster_3_model.pt
✅ Training complete.
Training cluster 3 (n=91386)
training started...
Cluster ID: 3, Cluster Size: 91386
  Epoch 1/10, Loss: 1.403101
  Epoch 2/10, Loss: 1.027362
  Epoch 3/10, Loss: 0.915065
  Epoch 4/10, Loss: 0.958379
  Epoch 5/10, Loss: 0.788169
  Epoch 6/10, Loss: 0.884851
  Epoch 7/10, Loss: 0.900906
  Epoch 8/10, Loss: 0.973077
  Epoch 9/10, Loss: 1.246573
  Epoch 10/10, Loss: 0.971974
✅ Model saved to ./checkpoints/ae_cluster_3_model.pt
✅ Training complete.
Training cluster 3 (n=91386)
training started...
Cluster ID: 3, Cluster Size: 91386
  Epoch 1/10, Loss: 8787755794432.000000
  Epoch 2/10, Loss: 6228313088.000000
  Epoch 3/10, Loss: 5225335808.000000
  Epoch 4/10, Loss: 746648064.000000
  Epoch 5/10, Loss: 875109696.000000
  Epoch 6/10, Loss: 351186336.000000
  Epoch 7/10, Loss: 733210304.000000
  Epoch 8/10, Loss: 330134272.000000
  Epoch 9/10, Loss: 152199905280.000000
  Epoch 10/10, Loss: 659040896.000000
✅ Model saved to ./checkpoints/ae_cluster_3_model.pt
✅ Training complete.
Training cluster 3 (n=91386)
training started...
Cluster ID: 3, Cluster Size: 91386
  Epoch 1/90, Loss: 0.643832
  Epoch 2/90, Loss: 0.433940
  Epoch 3/90, Loss: 0.908277
  Epoch 4/90, Loss: 0.748335
  Epoch 5/90, Loss: 0.782142
  Epoch 6/90, Loss: 0.815693
  Epoch 7/90, Loss: 0.686289
  Epoch 8/90, Loss: 1.344049
  Epoch 9/90, Loss: 0.875772
  Epoch 10/90, Loss: 0.892428
  Epoch 11/90, Loss: 0.693099
  Epoch 12/90, Loss: 1.822039
  Epoch 13/90, Loss: 0.680969
  Epoch 14/90, Loss: 1.407961
  Epoch 15/90, Loss: 0.857477
  Epoch 16/90, Loss: 0.945594
  Epoch 17/90, Loss: 1.354592
  Epoch 18/90, Loss: 0.561235
  Epoch 19/90, Loss: 0.827890
  Epoch 20/90, Loss: 0.818637
  Epoch 21/90, Loss: 0.908715
  Epoch 22/90, Loss: 0.838676
  Epoch 23/90, Loss: 0.637381
  Epoch 24/90, Loss: 0.562775
  Epoch 25/90, Loss: 0.589754
  Epoch 26/90, Loss: 0.614155
  Epoch 27/90, Loss: 1.682481
  Epoch 28/90, Loss: 1.338752
  Epoch 29/90, Loss: 1.416297
  Epoch 30/90, Loss: 0.770954
  Epoch 31/90, Loss: 0.656895
  Epoch 32/90, Loss: 0.978433
  Epoch 33/90, Loss: 0.828990
  Epoch 34/90, Loss: 0.648779
  Epoch 35/90, Loss: 0.621637
  Epoch 36/90, Loss: 0.516954
  Epoch 37/90, Loss: 0.708120
  Epoch 38/90, Loss: 0.696436
  Epoch 39/90, Loss: 0.646951
  Epoch 40/90, Loss: 0.641803
  Epoch 41/90, Loss: 0.890267
  Epoch 42/90, Loss: 0.775356
  Epoch 43/90, Loss: 0.705018
  Epoch 44/90, Loss: 0.595049
  Epoch 45/90, Loss: 0.659943
  Epoch 46/90, Loss: 0.859767
  Epoch 47/90, Loss: 2.927142
  Epoch 48/90, Loss: 0.584868
  Epoch 49/90, Loss: 0.672432
  Epoch 50/90, Loss: 1.632448
  Epoch 51/90, Loss: 1.099187
  Epoch 52/90, Loss: 1.518986
  Epoch 53/90, Loss: 0.597574
  Epoch 54/90, Loss: 0.862166
  Epoch 55/90, Loss: 1.143348
  Epoch 56/90, Loss: 0.708572
  Epoch 57/90, Loss: 0.885955
  Epoch 58/90, Loss: 1.209073
  Epoch 59/90, Loss: 0.606448
  Epoch 60/90, Loss: 0.731552
  Epoch 61/90, Loss: 0.624135
  Epoch 62/90, Loss: 0.835800
  Epoch 63/90, Loss: 0.901003
  Epoch 64/90, Loss: 0.595751
  Epoch 65/90, Loss: 0.674709
  Epoch 66/90, Loss: 2.903333
  Epoch 67/90, Loss: 1.528947
  Epoch 68/90, Loss: 0.617450
  Epoch 69/90, Loss: 1.189984
  Epoch 70/90, Loss: 0.786700
  Epoch 71/90, Loss: 0.827837
  Epoch 72/90, Loss: 0.998781
  Epoch 73/90, Loss: 1.577489
  Epoch 74/90, Loss: 0.761416
  Epoch 75/90, Loss: 0.644002
  Epoch 76/90, Loss: 0.802623
  Epoch 77/90, Loss: 0.598427
  Epoch 78/90, Loss: 0.734052
  Epoch 79/90, Loss: 1.547652
  Epoch 80/90, Loss: 0.603279
  Epoch 81/90, Loss: 0.724217
  Epoch 82/90, Loss: 0.639998
  Epoch 83/90, Loss: 0.752156
  Epoch 84/90, Loss: 0.673007
  Epoch 85/90, Loss: 0.592537
  Epoch 86/90, Loss: 0.880937
  Epoch 87/90, Loss: 1.116171
  Epoch 88/90, Loss: 0.633274
  Epoch 89/90, Loss: 0.609862
  Epoch 90/90, Loss: 1.130222
✅ Model saved to ./checkpoints/ae_cluster_3_model.pt
✅ Training complete.
Training cluster 3 (n=91386)
training started...
Cluster ID: 3, Cluster Size: 91386
  Epoch 1/30, Loss: 78183604224.000000
  Epoch 2/30, Loss: 2139640430592.000000
  Epoch 3/30, Loss: 360587427840.000000
  Epoch 4/30, Loss: 58623266816.000000
  Epoch 5/30, Loss: 61193973760.000000
  Epoch 6/30, Loss: 15502380032.000000
  Epoch 7/30, Loss: 8797359104.000000
  Epoch 8/30, Loss: 169692545024.000000
  Epoch 9/30, Loss: 14.919714
  Epoch 10/30, Loss: 15.824789
  Epoch 11/30, Loss: 14.718275
  Epoch 12/30, Loss: 15.182663
  Epoch 13/30, Loss: 14.960264
  Epoch 14/30, Loss: 16.145765
  Epoch 15/30, Loss: 15.301159
  Epoch 16/30, Loss: 15.098750
  Epoch 17/30, Loss: 15.352748
  Epoch 18/30, Loss: 15.715083
  Epoch 19/30, Loss: 14.936542
  Epoch 20/30, Loss: 14.652988
  Epoch 21/30, Loss: 14.710521
  Epoch 22/30, Loss: 15.093926
  Epoch 23/30, Loss: 15.508555
  Epoch 24/30, Loss: 14.780602
  Epoch 25/30, Loss: 14.858350
  Epoch 26/30, Loss: 15.479347
  Epoch 27/30, Loss: 14.954343
  Epoch 28/30, Loss: 15.069695
  Epoch 29/30, Loss: 15.262939
  Epoch 30/30, Loss: 15.410202
✅ Model saved to ./checkpoints/ae_cluster_3_model.pt
✅ Training complete.
Training cluster 3 (n=91386)
training started...
Cluster ID: 3, Cluster Size: 91386
  Epoch 1/10, Loss: 0.646211
  Epoch 2/10, Loss: 5.647821
  Epoch 3/10, Loss: 0.687307
  Epoch 4/10, Loss: 18.096062
  Epoch 5/10, Loss: 18.544292
  Epoch 6/10, Loss: 17.556610
  Epoch 7/10, Loss: 54.937542
  Epoch 8/10, Loss: 52.171867
  Epoch 9/10, Loss: 53.005795
  Epoch 10/10, Loss: 50.398079
✅ Model saved to ./checkpoints/ae_cluster_3_model.pt
✅ Training complete.
Training cluster 3 (n=91386)
training started...
Cluster ID: 3, Cluster Size: 91386
  Epoch 1/20, Loss: 0.325466
  Epoch 2/20, Loss: 0.272674
  Epoch 3/20, Loss: 0.260781
  Epoch 4/20, Loss: 0.595090
  Epoch 5/20, Loss: 0.272332
  Epoch 6/20, Loss: 0.685124
  Epoch 7/20, Loss: 0.616869
  Epoch 8/20, Loss: 1.085436
  Epoch 9/20, Loss: 0.657540
  Epoch 10/20, Loss: 0.708890
  Epoch 11/20, Loss: 1.111729
  Epoch 12/20, Loss: 0.566367
  Epoch 13/20, Loss: 1.299789
  Epoch 14/20, Loss: 0.769750
  Epoch 15/20, Loss: 0.663805
  Epoch 16/20, Loss: 1.245080
  Epoch 17/20, Loss: 2.397968
  Epoch 18/20, Loss: 0.986488
  Epoch 19/20, Loss: 0.752230
  Epoch 20/20, Loss: 0.742167
✅ Model saved to ./checkpoints/ae_cluster_3_model.pt
✅ Training complete.
Training cluster 3 (n=91386)
training started...
Cluster ID: 3, Cluster Size: 91386
  Epoch 1/10, Loss: 0.391399
  Epoch 2/10, Loss: 0.288943
  Epoch 3/10, Loss: 0.386693
  Epoch 4/10, Loss: 0.473701
  Epoch 5/10, Loss: 0.752404
  Epoch 6/10, Loss: 0.349842
  Epoch 7/10, Loss: 0.597542
  Epoch 8/10, Loss: 0.458723
  Epoch 9/10, Loss: 0.498151
  Epoch 10/10, Loss: 0.422052
✅ Model saved to ./checkpoints/ae_cluster_3_model.pt
✅ Training complete.
Training cluster 3 (n=91386)
training started...
Cluster ID: 3, Cluster Size: 91386
  Epoch 1/20, Loss: 1.553181
  Epoch 2/20, Loss: 0.959247
  Epoch 3/20, Loss: 1.124771
  Epoch 4/20, Loss: 0.762741
  Epoch 5/20, Loss: 0.785379
  Epoch 6/20, Loss: 0.996275
  Epoch 7/20, Loss: 0.760911
  Epoch 8/20, Loss: 0.599585
  Epoch 9/20, Loss: 0.715205
  Epoch 10/20, Loss: 0.748945
  Epoch 11/20, Loss: 1.107184
  Epoch 12/20, Loss: 0.781256
  Epoch 13/20, Loss: 0.695994
  Epoch 14/20, Loss: 1.296806
  Epoch 15/20, Loss: 0.984514
  Epoch 16/20, Loss: 0.958173
  Epoch 17/20, Loss: 0.686971
  Epoch 18/20, Loss: 0.731188
  Epoch 19/20, Loss: 0.616935
  Epoch 20/20, Loss: 0.556114
✅ Model saved to ./checkpoints/ae_cluster_3_model.pt
✅ Training complete.
Training cluster 3 (n=91386)
training started...
Cluster ID: 3, Cluster Size: 91386
  Epoch 1/10, Loss: 0.224171
  Epoch 2/10, Loss: 0.178544
  Epoch 3/10, Loss: 0.174983
  Epoch 4/10, Loss: 0.183919
  Epoch 5/10, Loss: 0.188899
  Epoch 6/10, Loss: 0.138855
  Epoch 7/10, Loss: 0.170210
  Epoch 8/10, Loss: 0.115610
  Epoch 9/10, Loss: 0.123776
  Epoch 10/10, Loss: 0.121641
✅ Model saved to ./checkpoints/ae_cluster_3_model.pt
✅ Training complete.
Training cluster 3 (n=91386)
training started...
Cluster ID: 3, Cluster Size: 91386
  Epoch 1/10, Loss: 0.510117
  Epoch 2/10, Loss: 0.430008
  Epoch 3/10, Loss: 1.117565
  Epoch 4/10, Loss: 0.985364
  Epoch 5/10, Loss: 0.888626
  Epoch 6/10, Loss: 0.979573
  Epoch 7/10, Loss: 1.670949
  Epoch 8/10, Loss: 0.814451
  Epoch 9/10, Loss: 0.879421
  Epoch 10/10, Loss: 0.754424
✅ Model saved to ./checkpoints/ae_cluster_3_model.pt
✅ Training complete.
Training cluster 3 (n=91386)
training started...
Cluster ID: 3, Cluster Size: 91386
  Epoch 1/100, Loss: 0.631716
  Epoch 2/100, Loss: 3.532261
  Epoch 3/100, Loss: 5.219335
  Epoch 4/100, Loss: 3.117226
  Epoch 5/100, Loss: 4.488887
  Epoch 6/100, Loss: 19.525717
  Epoch 7/100, Loss: 1.415334
  Epoch 8/100, Loss: 0.643643
  Epoch 9/100, Loss: 1.124489
  Epoch 10/100, Loss: 0.849952
  Epoch 11/100, Loss: 0.781228
  Epoch 12/100, Loss: 0.701801
  Epoch 13/100, Loss: 1.079369
  Epoch 14/100, Loss: 0.679333
  Epoch 15/100, Loss: 0.768921
  Epoch 16/100, Loss: 1.072079
  Epoch 17/100, Loss: 0.560280
  Epoch 18/100, Loss: 0.636012
  Epoch 19/100, Loss: 2.801888
  Epoch 20/100, Loss: 1.586085
  Epoch 21/100, Loss: 5.202863
  Epoch 22/100, Loss: 17.426088
  Epoch 23/100, Loss: 17.054676
  Epoch 24/100, Loss: 297.976196
  Epoch 25/100, Loss: 518.206238
  Epoch 26/100, Loss: 486.645630
  Epoch 27/100, Loss: 129.422745
  Epoch 28/100, Loss: 2.786231
  Epoch 29/100, Loss: 3.295094
  Epoch 30/100, Loss: 1.404845
  Epoch 31/100, Loss: 2.153446
  Epoch 32/100, Loss: 12.915336
  Epoch 33/100, Loss: 7.902446
  Epoch 34/100, Loss: 1.761274
  Epoch 35/100, Loss: 1.982205
  Epoch 36/100, Loss: 12.217360
  Epoch 37/100, Loss: 47.064247
  Epoch 38/100, Loss: 42.709976
  Epoch 39/100, Loss: 91.096214
  Epoch 40/100, Loss: 169.355927
  Epoch 41/100, Loss: 251.967056
  Epoch 42/100, Loss: 92.014465
  Epoch 43/100, Loss: 198.397766
  Epoch 44/100, Loss: 201.219025
  Epoch 45/100, Loss: 478.820740
  Epoch 46/100, Loss: 453.272705
  Epoch 47/100, Loss: 995.281494
  Epoch 48/100, Loss: 779.009277
  Epoch 49/100, Loss: 863.051941
  Epoch 50/100, Loss: 804.533630
  Epoch 51/100, Loss: 472.825439
  Epoch 52/100, Loss: 88.897491
  Epoch 53/100, Loss: 1.009019
  Epoch 54/100, Loss: 3.311711
  Epoch 55/100, Loss: 15.949750
  Epoch 56/100, Loss: 1.208531
  Epoch 57/100, Loss: 51.772049
  Epoch 58/100, Loss: 31.693689
  Epoch 59/100, Loss: 5.821723
  Epoch 60/100, Loss: 1.487383
  Epoch 61/100, Loss: 10.632702
  Epoch 62/100, Loss: 3.563425
  Epoch 63/100, Loss: 8.066954
  Epoch 64/100, Loss: 0.585265
  Epoch 65/100, Loss: 1.026930
  Epoch 66/100, Loss: 0.709355
  Epoch 67/100, Loss: 0.561393
  Epoch 68/100, Loss: 26.557728
  Epoch 69/100, Loss: 121.287086
  Epoch 70/100, Loss: 724.572754
  Epoch 71/100, Loss: 1306.098999
  Epoch 72/100, Loss: 1080.904663
  Epoch 73/100, Loss: 1337.511963
  Epoch 74/100, Loss: 612.588989
  Epoch 75/100, Loss: 53.724152
  Epoch 76/100, Loss: 60.786396
  Epoch 77/100, Loss: 74.670982
  Epoch 78/100, Loss: 37.817024
  Epoch 79/100, Loss: 84.405487
  Epoch 80/100, Loss: 63.014149
  Epoch 81/100, Loss: 72.892075
  Epoch 82/100, Loss: 108.839836
  Epoch 83/100, Loss: 101.674614
  Epoch 84/100, Loss: 187.296646
  Epoch 85/100, Loss: 135.221436
  Epoch 86/100, Loss: 99.190239
  Epoch 87/100, Loss: 12.242425
  Epoch 88/100, Loss: 12.959597
  Epoch 89/100, Loss: 2.780079
  Epoch 90/100, Loss: 90.252777
  Epoch 91/100, Loss: 58.011669
  Epoch 92/100, Loss: 125.338387
  Epoch 93/100, Loss: 98.343773
  Epoch 94/100, Loss: 89.596878
  Epoch 95/100, Loss: 532.720642
  Epoch 96/100, Loss: 485.582397
  Epoch 97/100, Loss: 366.996857
  Epoch 98/100, Loss: 158.615250
  Epoch 99/100, Loss: 13.007334
  Epoch 100/100, Loss: 1.676034
✅ Model saved to ./checkpoints/ae_cluster_3_model.pt
✅ Training complete.
Training cluster 3 (n=91386)
training started...
Cluster ID: 3, Cluster Size: 91386
  Epoch 1/100, Loss: 0.644485
  Epoch 2/100, Loss: 0.762831
  Epoch 3/100, Loss: 0.700782
  Epoch 4/100, Loss: 0.568138
  Epoch 5/100, Loss: 0.695348
  Epoch 6/100, Loss: 0.693161
  Epoch 7/100, Loss: 1.663049
  Epoch 8/100, Loss: 0.741087
  Epoch 9/100, Loss: 0.520740
  Epoch 10/100, Loss: 5.043028
  Epoch 11/100, Loss: 0.574937
  Epoch 12/100, Loss: 1.076172
  Epoch 13/100, Loss: 0.779615
  Epoch 14/100, Loss: 1.904122
  Epoch 15/100, Loss: 1.022905
  Epoch 16/100, Loss: 2.137677
  Epoch 17/100, Loss: 0.664561
  Epoch 18/100, Loss: 0.866418
  Epoch 19/100, Loss: 0.605574
  Epoch 20/100, Loss: 0.667745
  Epoch 21/100, Loss: 0.650402
  Epoch 22/100, Loss: 0.779530
  Epoch 23/100, Loss: 0.792245
  Epoch 24/100, Loss: 0.716086
  Epoch 25/100, Loss: 0.797642
  Epoch 26/100, Loss: 0.521461
  Epoch 27/100, Loss: 1.273920
  Epoch 28/100, Loss: 1.298035
  Epoch 29/100, Loss: 0.646492
  Epoch 30/100, Loss: 0.664555
  Epoch 31/100, Loss: 0.832482
  Epoch 32/100, Loss: 0.953348
  Epoch 33/100, Loss: 0.688116
  Epoch 34/100, Loss: 1.140029
  Epoch 35/100, Loss: 0.692366
  Epoch 36/100, Loss: 1.029519
  Epoch 37/100, Loss: 0.792277
  Epoch 38/100, Loss: 0.696161
  Epoch 39/100, Loss: 1.075914
  Epoch 40/100, Loss: 0.547465
  Epoch 41/100, Loss: 0.783138
  Epoch 42/100, Loss: 0.725097
  Epoch 43/100, Loss: 1.184670
  Epoch 44/100, Loss: 0.680577
  Epoch 45/100, Loss: 0.623016
  Epoch 46/100, Loss: 0.674332
  Epoch 47/100, Loss: 0.629869
  Epoch 48/100, Loss: 0.655406
  Epoch 49/100, Loss: 1.106935
  Epoch 50/100, Loss: 0.895938
  Epoch 51/100, Loss: 2.535228
  Epoch 52/100, Loss: 0.594864
  Epoch 53/100, Loss: 1.039527
  Epoch 54/100, Loss: 1.124664
  Epoch 55/100, Loss: 1.565595
  Epoch 56/100, Loss: 1.584201
  Epoch 57/100, Loss: 0.883253
  Epoch 58/100, Loss: 1.023762
  Epoch 59/100, Loss: 1.056561
  Epoch 60/100, Loss: 0.641519
  Epoch 61/100, Loss: 0.852848
  Epoch 62/100, Loss: 0.611071
  Epoch 63/100, Loss: 0.650010
  Epoch 64/100, Loss: 0.707785
  Epoch 65/100, Loss: 0.885061
  Epoch 66/100, Loss: 27416.945312
  Epoch 67/100, Loss: 0.635383
  Epoch 68/100, Loss: 0.968571
  Epoch 69/100, Loss: 0.626313
  Epoch 70/100, Loss: 95.312408
  Epoch 71/100, Loss: 0.508357
  Epoch 72/100, Loss: 0.865728
  Epoch 73/100, Loss: 3.111470
  Epoch 74/100, Loss: 0.767685
  Epoch 75/100, Loss: 0.633177
  Epoch 76/100, Loss: 0.911629
  Epoch 77/100, Loss: 0.757614
  Epoch 78/100, Loss: 2.185484
  Epoch 79/100, Loss: 0.831855
  Epoch 80/100, Loss: 1.023086
  Epoch 81/100, Loss: 1.004114
  Epoch 82/100, Loss: 0.698772
  Epoch 83/100, Loss: 30.885986
  Epoch 84/100, Loss: 0.566307
  Epoch 85/100, Loss: 4.898399
  Epoch 86/100, Loss: 0.560491
  Epoch 87/100, Loss: 0.813775
  Epoch 88/100, Loss: 0.604668
  Epoch 89/100, Loss: 1.141712
  Epoch 90/100, Loss: 0.657670
  Epoch 91/100, Loss: 75.312813
  Epoch 92/100, Loss: 0.669820
  Epoch 93/100, Loss: 1.194734
  Epoch 94/100, Loss: 40529993728.000000
  Epoch 95/100, Loss: 626956.250000
  Epoch 96/100, Loss: 899.936401
  Epoch 97/100, Loss: 6925.027832
  Epoch 98/100, Loss: 0.509700
  Epoch 99/100, Loss: 0.782036
  Epoch 100/100, Loss: 0.938187
✅ Model saved to ./checkpoints/ae_cluster_3_model.pt
✅ Training complete.
Training cluster 3 (n=91386)
training started...
Cluster ID: 3, Cluster Size: 91386
  Epoch 1/40, Loss: 33202.214844
  Epoch 2/40, Loss: 33922.246094
  Epoch 3/40, Loss: 33724.664062
  Epoch 4/40, Loss: 33501.535156
  Epoch 5/40, Loss: 33303.386719
  Epoch 6/40, Loss: 33209.257812
  Epoch 7/40, Loss: 33164.828125
  Epoch 8/40, Loss: 33143.906250
  Epoch 9/40, Loss: 33127.042969
  Epoch 10/40, Loss: 33102.734375
  Epoch 11/40, Loss: 33094.164062
  Epoch 12/40, Loss: 174328.468750
  Epoch 13/40, Loss: 82611.101562
  Epoch 14/40, Loss: 82550.375000
  Epoch 15/40, Loss: 214.529053
  Epoch 16/40, Loss: 6.331016
  Epoch 17/40, Loss: 1.916131
  Epoch 18/40, Loss: 1.436713
  Epoch 19/40, Loss: 1.338969
  Epoch 20/40, Loss: 1.292326
  Epoch 21/40, Loss: 1.303514
  Epoch 22/40, Loss: 1.189893
  Epoch 23/40, Loss: 1.993405
  Epoch 24/40, Loss: 1.363804
  Epoch 25/40, Loss: 1.611397
  Epoch 26/40, Loss: 1.277659
  Epoch 27/40, Loss: 1.313230
  Epoch 28/40, Loss: 1.759696
  Epoch 29/40, Loss: 1.268975
  Epoch 30/40, Loss: 1.224115
  Epoch 31/40, Loss: 1.214336
  Epoch 32/40, Loss: 1.164007
  Epoch 33/40, Loss: 2.198925
  Epoch 34/40, Loss: 1.223221
  Epoch 35/40, Loss: 1.434251
  Epoch 36/40, Loss: 1.323135
  Epoch 37/40, Loss: 1.442167
  Epoch 38/40, Loss: 1.361372
  Epoch 39/40, Loss: 1.335320
  Epoch 40/40, Loss: 1.542138
✅ Model saved to ./checkpoints/ae_cluster_3_model.pt
✅ Training complete.
Training cluster 3 (n=91386)
training started...
Cluster ID: 3, Cluster Size: 91386
  Epoch 1/20, Loss: 1.248542
  Epoch 2/20, Loss: 43.278301
  Epoch 3/20, Loss: 8.687654
  Epoch 4/20, Loss: 12.408051
  Epoch 5/20, Loss: 9.835702
  Epoch 6/20, Loss: 10.993267
  Epoch 7/20, Loss: 8.261671
  Epoch 8/20, Loss: 6.824903
  Epoch 9/20, Loss: 5.092930
  Epoch 10/20, Loss: 3.392479
  Epoch 11/20, Loss: 2.551095
  Epoch 12/20, Loss: 1.430002
  Epoch 13/20, Loss: 0.908176
  Epoch 14/20, Loss: 1.357778
  Epoch 15/20, Loss: 1.009066
  Epoch 16/20, Loss: 0.957785
  Epoch 17/20, Loss: 0.701771
  Epoch 18/20, Loss: 0.750185
  Epoch 19/20, Loss: 0.630011
  Epoch 20/20, Loss: 0.569705
✅ Model saved to ./checkpoints/ae_cluster_3_model.pt
✅ Training complete.
Training cluster 3 (n=91386)
training started...
Cluster ID: 3, Cluster Size: 91386
  Epoch 1/100, Loss: 0.291474
  Epoch 2/100, Loss: 0.129188
  Epoch 3/100, Loss: 0.127850
  Epoch 4/100, Loss: 0.226674
  Epoch 5/100, Loss: 0.125160
  Epoch 6/100, Loss: 0.194251
  Epoch 7/100, Loss: 0.148336
  Epoch 8/100, Loss: 0.355182
  Epoch 9/100, Loss: 0.097724
  Epoch 10/100, Loss: 0.104891
  Epoch 11/100, Loss: 0.130307
  Epoch 12/100, Loss: 0.139624
  Epoch 13/100, Loss: 0.116231
  Epoch 14/100, Loss: 0.133153
  Epoch 15/100, Loss: 0.124107
  Epoch 16/100, Loss: 0.165043
  Epoch 17/100, Loss: 0.275956
  Epoch 18/100, Loss: 0.133448
  Epoch 19/100, Loss: 0.169960
  Epoch 20/100, Loss: 0.203966
  Epoch 21/100, Loss: 0.101528
  Epoch 22/100, Loss: 0.145073
  Epoch 23/100, Loss: 0.073231
  Epoch 24/100, Loss: 0.078585
  Epoch 25/100, Loss: 0.093481
  Epoch 26/100, Loss: 2.572187
  Epoch 27/100, Loss: 0.120485
  Epoch 28/100, Loss: 0.055838
  Epoch 29/100, Loss: 0.113384
  Epoch 30/100, Loss: 0.079327
  Epoch 31/100, Loss: 0.144396
  Epoch 32/100, Loss: 0.098396
  Epoch 33/100, Loss: 0.182461
  Epoch 34/100, Loss: 0.051312
  Epoch 35/100, Loss: 0.186124
  Epoch 36/100, Loss: 0.140657
  Epoch 37/100, Loss: 0.147051
  Epoch 38/100, Loss: 0.163656
  Epoch 39/100, Loss: 0.175554
  Epoch 40/100, Loss: 0.115644
  Epoch 41/100, Loss: 0.136230
  Epoch 42/100, Loss: 0.166919
  Epoch 43/100, Loss: 0.148847
  Epoch 44/100, Loss: 0.085122
  Epoch 45/100, Loss: 0.106904
  Epoch 46/100, Loss: 0.207748
  Epoch 47/100, Loss: 0.050051
  Epoch 48/100, Loss: 0.182106
  Epoch 49/100, Loss: 0.082396
  Epoch 50/100, Loss: 0.288406
  Epoch 51/100, Loss: 0.065994
  Epoch 52/100, Loss: 0.138919
  Epoch 53/100, Loss: 0.136662
  Epoch 54/100, Loss: 0.176608
  Epoch 55/100, Loss: 0.101323
  Epoch 56/100, Loss: 0.120772
  Epoch 57/100, Loss: 0.096874
  Epoch 58/100, Loss: 0.164213
  Epoch 59/100, Loss: 0.125843
  Epoch 60/100, Loss: 0.112980
  Epoch 61/100, Loss: 0.106925
  Epoch 62/100, Loss: 0.085684
  Epoch 63/100, Loss: 0.062711
  Epoch 64/100, Loss: 0.114063
  Epoch 65/100, Loss: 0.090863
  Epoch 66/100, Loss: 0.077840
  Epoch 67/100, Loss: 0.167047
  Epoch 68/100, Loss: 0.066705
  Epoch 69/100, Loss: 0.118060
  Epoch 70/100, Loss: 0.121561
  Epoch 71/100, Loss: 0.097890
  Epoch 72/100, Loss: 0.170720
  Epoch 73/100, Loss: 0.067417
  Epoch 74/100, Loss: 0.088271
  Epoch 75/100, Loss: 0.133026
  Epoch 76/100, Loss: 0.057298
  Epoch 77/100, Loss: 0.108170
  Epoch 78/100, Loss: 0.198427
  Epoch 79/100, Loss: 0.156734
  Epoch 80/100, Loss: 0.040430
  Epoch 81/100, Loss: 0.092774
  Epoch 82/100, Loss: 0.057268
  Epoch 83/100, Loss: 0.114841
  Epoch 84/100, Loss: 0.042889
  Epoch 85/100, Loss: 0.164027
  Epoch 86/100, Loss: 0.121637
  Epoch 87/100, Loss: 0.131455
  Epoch 88/100, Loss: 0.182326
  Epoch 89/100, Loss: 0.088081
  Epoch 90/100, Loss: 0.087373
  Epoch 91/100, Loss: 0.079311
  Epoch 92/100, Loss: 0.079399
  Epoch 93/100, Loss: 0.074746
  Epoch 94/100, Loss: 0.138327
  Epoch 95/100, Loss: 0.070613
  Epoch 96/100, Loss: 0.132721
  Epoch 97/100, Loss: 0.118765
  Epoch 98/100, Loss: 0.105807
  Epoch 99/100, Loss: 0.263820
  Epoch 100/100, Loss: 0.147070
✅ Model saved to ./checkpoints/ae_cluster_3_model.pt
✅ Training complete.
Training cluster 3 (n=91386)
training started...
Cluster ID: 3, Cluster Size: 91386
  Epoch 1/30, Loss: 0.316114
  Epoch 2/30, Loss: 0.149689
  Epoch 3/30, Loss: 0.120047
  Epoch 4/30, Loss: 0.317177
  Epoch 5/30, Loss: 0.090487
  Epoch 6/30, Loss: 0.425879
  Epoch 7/30, Loss: 0.173335
  Epoch 8/30, Loss: 0.205409
  Epoch 9/30, Loss: 0.101213
  Epoch 10/30, Loss: 0.104868
  Epoch 11/30, Loss: 0.217891
  Epoch 12/30, Loss: 0.227501
  Epoch 13/30, Loss: 0.219220
  Epoch 14/30, Loss: 0.117969
  Epoch 15/30, Loss: 0.120269
  Epoch 16/30, Loss: 0.198203
  Epoch 17/30, Loss: 0.168705
  Epoch 18/30, Loss: 0.147451
  Epoch 19/30, Loss: 0.185068
  Epoch 20/30, Loss: 0.173451
  Epoch 21/30, Loss: 0.096130
  Epoch 22/30, Loss: 0.138848
  Epoch 23/30, Loss: 0.101022
  Epoch 24/30, Loss: 0.078943
  Epoch 25/30, Loss: 0.072572
  Epoch 26/30, Loss: 3.183370
  Epoch 27/30, Loss: 0.094866
  Epoch 28/30, Loss: 0.097901
  Epoch 29/30, Loss: 0.176340
  Epoch 30/30, Loss: 0.179728
✅ Model saved to ./checkpoints/ae_cluster_3_model.pt
✅ Training complete.
Training cluster 3 (n=91386)
training started...
Cluster ID: 3, Cluster Size: 91386
  Epoch 1/100, Loss: 0.719796
  Epoch 2/100, Loss: 0.656112
  Epoch 3/100, Loss: 0.605803
  Epoch 4/100, Loss: 0.969509
  Epoch 5/100, Loss: 0.629786
  Epoch 6/100, Loss: 1.056320
  Epoch 7/100, Loss: 0.780550
  Epoch 8/100, Loss: 1.090107
  Epoch 9/100, Loss: 0.655109
  Epoch 10/100, Loss: 0.710007
  Epoch 11/100, Loss: 1.123535
  Epoch 12/100, Loss: 0.565519
  Epoch 13/100, Loss: 1.302271
  Epoch 14/100, Loss: 0.762560
  Epoch 15/100, Loss: 0.669487
  Epoch 16/100, Loss: 1.252464
  Epoch 17/100, Loss: 2.406899
  Epoch 18/100, Loss: 0.985657
  Epoch 19/100, Loss: 0.759516
  Epoch 20/100, Loss: 0.747981
  Epoch 21/100, Loss: 0.655999
  Epoch 22/100, Loss: 0.706499
  Epoch 23/100, Loss: 0.595482
  Epoch 24/100, Loss: 0.640971
  Epoch 25/100, Loss: 0.661482
  Epoch 26/100, Loss: 10.669189
  Epoch 27/100, Loss: 0.621254
  Epoch 28/100, Loss: 0.670048
  Epoch 29/100, Loss: 0.694807
  Epoch 30/100, Loss: 0.505642
  Epoch 31/100, Loss: 0.956200
  Epoch 32/100, Loss: 0.945473
  Epoch 33/100, Loss: 0.736018
  Epoch 34/100, Loss: 0.622078
  Epoch 35/100, Loss: 0.813194
  Epoch 36/100, Loss: 1.005035
  Epoch 37/100, Loss: 0.712549
  Epoch 38/100, Loss: 1.422369
  Epoch 39/100, Loss: 0.695213
  Epoch 40/100, Loss: 0.940394
  Epoch 41/100, Loss: 0.867149
  Epoch 42/100, Loss: 0.730637
  Epoch 43/100, Loss: 1.086883
  Epoch 44/100, Loss: 0.671961
  Epoch 45/100, Loss: 0.715456
  Epoch 46/100, Loss: 0.897984
  Epoch 47/100, Loss: 0.587632
  Epoch 48/100, Loss: 0.923067
  Epoch 49/100, Loss: 0.637347
  Epoch 50/100, Loss: 1.193675
  Epoch 51/100, Loss: 0.496474
  Epoch 52/100, Loss: 0.852685
  Epoch 53/100, Loss: 0.734109
  Epoch 54/100, Loss: 1.214017
  Epoch 55/100, Loss: 0.635194
  Epoch 56/100, Loss: 0.662382
  Epoch 57/100, Loss: 0.890788
  Epoch 58/100, Loss: 0.803393
  Epoch 59/100, Loss: 0.867461
  Epoch 60/100, Loss: 0.645292
  Epoch 61/100, Loss: 0.616888
  Epoch 62/100, Loss: 0.544116
  Epoch 63/100, Loss: 0.665051
  Epoch 64/100, Loss: 0.606251
  Epoch 65/100, Loss: 0.601123
  Epoch 66/100, Loss: 0.695731
  Epoch 67/100, Loss: 0.931029
  Epoch 68/100, Loss: 0.522264
  Epoch 69/100, Loss: 0.925111
  Epoch 70/100, Loss: 0.791653
  Epoch 71/100, Loss: 0.658112
  Epoch 72/100, Loss: 1.121159
  Epoch 73/100, Loss: 0.535848
  Epoch 74/100, Loss: 0.577864
  Epoch 75/100, Loss: 0.747682
  Epoch 76/100, Loss: 0.639787
  Epoch 77/100, Loss: 0.721641
  Epoch 78/100, Loss: 0.777515
  Epoch 79/100, Loss: 0.985782
  Epoch 80/100, Loss: 0.478557
  Epoch 81/100, Loss: 0.710100
  Epoch 82/100, Loss: 0.561876
  Epoch 83/100, Loss: 0.762757
  Epoch 84/100, Loss: 0.491478
  Epoch 85/100, Loss: 0.737325
  Epoch 86/100, Loss: 0.639405
  Epoch 87/100, Loss: 0.793129
  Epoch 88/100, Loss: 1.732445
  Epoch 89/100, Loss: 0.587211
  Epoch 90/100, Loss: 0.931682
  Epoch 91/100, Loss: 0.517150
  Epoch 92/100, Loss: 1.874904
  Epoch 93/100, Loss: 0.648085
  Epoch 94/100, Loss: 0.783387
  Epoch 95/100, Loss: 0.666574
  Epoch 96/100, Loss: 1.092072
  Epoch 97/100, Loss: 0.936653
  Epoch 98/100, Loss: 0.675317
  Epoch 99/100, Loss: 2.349267
  Epoch 100/100, Loss: 1.565052
✅ Model saved to ./checkpoints/ae_cluster_3_model.pt
✅ Training complete.
Training cluster 3 (n=91386)
training started...
Cluster ID: 3, Cluster Size: 91386
  Epoch 1/100, Loss: 0.781585
  Epoch 2/100, Loss: 0.627883
  Epoch 3/100, Loss: 1.075297
  Epoch 4/100, Loss: 0.938595
  Epoch 5/100, Loss: 0.848305
  Epoch 6/100, Loss: 0.934879
  Epoch 7/100, Loss: 1.623996
  Epoch 8/100, Loss: 0.767491
  Epoch 9/100, Loss: 0.835212
  Epoch 10/100, Loss: 0.716125
  Epoch 11/100, Loss: 0.847765
  Epoch 12/100, Loss: 0.862167
  Epoch 13/100, Loss: 1.276647
  Epoch 14/100, Loss: 0.701520
  Epoch 15/100, Loss: 0.690793
  Epoch 16/100, Loss: 1.276843
  Epoch 17/100, Loss: 0.910932
  Epoch 18/100, Loss: 0.692444
  Epoch 19/100, Loss: 0.701082
  Epoch 20/100, Loss: 0.944015
  Epoch 21/100, Loss: 0.960783
  Epoch 22/100, Loss: 0.838671
  Epoch 23/100, Loss: 0.867415
  Epoch 24/100, Loss: 0.796105
  Epoch 25/100, Loss: 0.775230
  Epoch 26/100, Loss: 2.765549
  Epoch 27/100, Loss: 0.786762
  Epoch 28/100, Loss: 0.768388
  Epoch 29/100, Loss: 0.912870
  Epoch 30/100, Loss: 0.868492
  Epoch 31/100, Loss: 0.863871
  Epoch 32/100, Loss: 1.044597
  Epoch 33/100, Loss: 0.882471
  Epoch 34/100, Loss: 1.060191
  Epoch 35/100, Loss: 0.827278
  Epoch 36/100, Loss: 0.749016
  Epoch 37/100, Loss: 0.688915
  Epoch 38/100, Loss: 1.461786
  Epoch 39/100, Loss: 1.099471
  Epoch 40/100, Loss: 0.870058
  Epoch 41/100, Loss: 0.843286
  Epoch 42/100, Loss: 0.836847
  Epoch 43/100, Loss: 0.830705
  Epoch 44/100, Loss: 0.826818
  Epoch 45/100, Loss: 0.822433
  Epoch 46/100, Loss: 1.195176
  Epoch 47/100, Loss: 1.102958
  Epoch 48/100, Loss: 1.624082
  Epoch 49/100, Loss: 0.776387
  Epoch 50/100, Loss: 0.911483
  Epoch 51/100, Loss: 0.713085
  Epoch 52/100, Loss: 0.753383
  Epoch 53/100, Loss: 0.711688
  Epoch 54/100, Loss: 0.785677
  Epoch 55/100, Loss: 1.002303
  Epoch 56/100, Loss: 0.884995
  Epoch 57/100, Loss: 0.720242
  Epoch 58/100, Loss: 0.959596
  Epoch 59/100, Loss: 0.744634
  Epoch 60/100, Loss: 1.082502
  Epoch 61/100, Loss: 0.753761
  Epoch 62/100, Loss: 0.698613
  Epoch 63/100, Loss: 0.625993
  Epoch 64/100, Loss: 0.751791
  Epoch 65/100, Loss: 0.809716
  Epoch 66/100, Loss: 0.654408
  Epoch 67/100, Loss: 0.853340
  Epoch 68/100, Loss: 0.803991
  Epoch 69/100, Loss: 0.772844
  Epoch 70/100, Loss: 1.027079
  Epoch 71/100, Loss: 0.776527
  Epoch 72/100, Loss: 0.839813
  Epoch 73/100, Loss: 0.877795
  Epoch 74/100, Loss: 0.757167
  Epoch 75/100, Loss: 0.838120
  Epoch 76/100, Loss: 0.912276
  Epoch 77/100, Loss: 0.867368
  Epoch 78/100, Loss: 0.861478
  Epoch 79/100, Loss: 0.808982
  Epoch 80/100, Loss: 0.950569
  Epoch 81/100, Loss: 0.707000
  Epoch 82/100, Loss: 0.927991
  Epoch 83/100, Loss: 0.775977
  Epoch 84/100, Loss: 0.702212
  Epoch 85/100, Loss: 0.868880
  Epoch 86/100, Loss: 0.845295
  Epoch 87/100, Loss: 0.842162
  Epoch 88/100, Loss: 1.361747
  Epoch 89/100, Loss: 1.393263
  Epoch 90/100, Loss: 0.963591
  Epoch 91/100, Loss: 0.936315
  Epoch 92/100, Loss: 0.993555
  Epoch 93/100, Loss: 1.044990
  Epoch 94/100, Loss: 0.926764
  Epoch 95/100, Loss: 0.815020
  Epoch 96/100, Loss: 0.923612
  Epoch 97/100, Loss: 0.784709
  Epoch 98/100, Loss: 0.738148
  Epoch 99/100, Loss: 1.109006
  Epoch 100/100, Loss: 0.764372
✅ Model saved to ./checkpoints/ae_cluster_3_model.pt
✅ Training complete.
Training cluster 3 (n=91386)
training started...
Cluster ID: 3, Cluster Size: 91386
  Epoch 1/50, Loss: 0.283664
  Epoch 2/50, Loss: 0.313290
  Epoch 3/50, Loss: 0.233674
  Epoch 4/50, Loss: 0.173757
  Epoch 5/50, Loss: 0.151289
  Epoch 6/50, Loss: 0.191027
  Epoch 7/50, Loss: 0.139856
  Epoch 8/50, Loss: 0.175594
  Epoch 9/50, Loss: 0.164726
  Epoch 10/50, Loss: 0.114868
  Epoch 11/50, Loss: 0.152188
  Epoch 12/50, Loss: 0.127097
  Epoch 13/50, Loss: 0.141257
  Epoch 14/50, Loss: 0.131668
  Epoch 15/50, Loss: 0.146739
  Epoch 16/50, Loss: 0.194940
  Epoch 17/50, Loss: 0.234673
  Epoch 18/50, Loss: 0.166461
  Epoch 19/50, Loss: 0.131668
  Epoch 20/50, Loss: 0.177909
  Epoch 21/50, Loss: 0.188599
  Epoch 22/50, Loss: 0.140264
  Epoch 23/50, Loss: 0.192476
  Epoch 24/50, Loss: 0.181868
  Epoch 25/50, Loss: 0.146171
  Epoch 26/50, Loss: 0.148793
  Epoch 27/50, Loss: 0.158840
  Epoch 28/50, Loss: 0.135112
  Epoch 29/50, Loss: 0.111257
  Epoch 30/50, Loss: 0.171531
  Epoch 31/50, Loss: 0.149864
  Epoch 32/50, Loss: 0.150546
  Epoch 33/50, Loss: 0.111207
  Epoch 34/50, Loss: 0.139671
  Epoch 35/50, Loss: 0.147399
  Epoch 36/50, Loss: 0.124510
  Epoch 37/50, Loss: 0.134562
  Epoch 38/50, Loss: 0.150411
  Epoch 39/50, Loss: 0.128059
  Epoch 40/50, Loss: 0.128150
  Epoch 41/50, Loss: 0.113626
  Epoch 42/50, Loss: 0.105659
  Epoch 43/50, Loss: 0.156163
  Epoch 44/50, Loss: 0.169741
  Epoch 45/50, Loss: 0.144980
  Epoch 46/50, Loss: 0.147492
  Epoch 47/50, Loss: 0.139199
  Epoch 48/50, Loss: 0.114120
  Epoch 49/50, Loss: 0.124751
  Epoch 50/50, Loss: 0.139106
✅ Model saved to ./checkpoints/ae_cluster_3_model.pt
✅ Training complete.
Training cluster 3 (n=91386)
training started...
Cluster ID: 3, Cluster Size: 91386
  Epoch 1/10, Loss: 0.271000
  Epoch 2/10, Loss: 0.154925
  Epoch 3/10, Loss: 0.164676
  Epoch 4/10, Loss: 0.211664
  Epoch 5/10, Loss: 0.098497
  Epoch 6/10, Loss: 0.176634
  Epoch 7/10, Loss: 0.077168
  Epoch 8/10, Loss: 0.155100
  Epoch 9/10, Loss: 0.087934
  Epoch 10/10, Loss: 0.084905
✅ Model saved to ./checkpoints/ae_cluster_3_model.pt
✅ Training complete.
